167308.593412403   -167308.593231564
Total number of readers: 3
Number of data sets: 1
Bias options by reader: 0
Bias options by reader: -1
Bias options by reader: 1
Sigma options by reader: 1
Sigma options by reader: 1
Sigma options by reader: 1
Total objective function: 167308.593412403
maximum gradient: -6.40124759864818e+40
Number of readers:  3
Range of ages:  1  -  23
Reader # 1  Minus/Plus ages:  0  /  15
Number of data sets: 1
Number of lines of data per data set:  413
Number of data points per data set: 47748


# Bias options
#   -X: Mirrored with pattrn X
#   0: Unbiased [0 parameters]
#   1: Linearly proportional to age [1 parameter]
#   2: Michaelis-Menten [3 parameters]

# SD options
#   1: Constant CV [1 parameter]
#   2: SD Michaelis-Menten [3 parameters]
#   3: CV Michaelis-Menten [3 parameters]
#   4: Known perfectly [0 parameters]
#   5: SD spline function of age [variable parameters]
#   6: SD linear piecewise function of age [
      variable parameters
      ]
#   7: SD linear function of age [2 parameters]
#   8: CV linear function of age [2 parameters]
Reader BiasType SigmaType
1   0   1
2   -1   1
3   1   1

Reader Age CV SD Expected age
1   0   0.11127   0.11127   0.5
1   1   0.11127   0.11127   1.5
1   2   0.11127   0.22254   2.5
1   3   0.11127   0.33381   3.5
1   4   0.11127   0.44508   4.5
1   5   0.11127   0.55634   5.5
1   6   0.11127   0.66761   6.5
1   7   0.11127   0.77888   7.5
1   8   0.11127   0.89015   8.5
1   9   0.11127   1.00142   9.5
1   10   0.11127   1.11269   10.5
1   11   0.11127   1.22396   11.5
1   12   0.11127   1.33523   12.5
1   13   0.11127   1.4465   13.5
1   14   0.11127   1.55777   14.5
1   15   0.11127   1.66903   15.5
1   16   0.11127   1.7803   16.5
1   17   0.11127   1.89157   17.5
1   18   0.11127   2.00284   18.5
1   19   0.11127   2.11411   19.5
1   20   0.11127   2.22538   20.5
1   21   0.11127   2.33665   21.5
1   22   0.11127   2.44792   22.5
1   23   0.11127   2.55919   23.5
2   0   0.01004   0.01004   0.5
2   1   0.01004   0.01004   1.5
2   2   0.01004   0.02008   2.5
2   3   0.01004   0.03012   3.5
2   4   0.01004   0.04015   4.5
2   5   0.01004   0.05019   5.5
2   6   0.01004   0.06023   6.5
2   7   0.01004   0.07027   7.5
2   8   0.01004   0.08031   8.5
2   9   0.01004   0.09035   9.5
2   10   0.01004   0.10038   10.5
2   11   0.01004   0.11042   11.5
2   12   0.01004   0.12046   12.5
2   13   0.01004   0.1305   13.5
2   14   0.01004   0.14054   14.5
2   15   0.01004   0.15058   15.5
2   16   0.01004   0.16061   16.5
2   17   0.01004   0.17065   17.5
2   18   0.01004   0.18069   18.5
2   19   0.01004   0.19073   19.5
2   20   0.01004   0.20077   20.5
2   21   0.01004   0.21081   21.5
2   22   0.01004   0.22085   22.5
2   23   0.01004   0.23088   23.5
3   0   0.13793   0.13793   0.5099
3   1   0.13793   0.13793   1.52971
3   2   0.13793   0.27587   2.54951
3   3   0.13793   0.4138   3.56932
3   4   0.13793   0.55174   4.58912
3   5   0.13793   0.68967   5.60893
3   6   0.13793   0.8276   6.62873
3   7   0.13793   0.96554   7.64854
3   8   0.13793   1.10347   8.66834
3   9   0.13793   1.24141   9.68815
3   10   0.13793   1.37934   10.70795
3   11   0.13793   1.51728   11.72776
3   12   0.13793   1.65521   12.74756
3   13   0.13793   1.79314   13.76737
3   14   0.13793   1.93108   14.78717
3   15   0.13793   2.06901   15.80698
3   16   0.13793   2.20695   16.82678
3   17   0.13793   2.34488   17.84659
3   18   0.13793   2.48281   18.86639
3   19   0.13793   2.62075   19.8862
3   20   0.13793   2.75868   20.906
3   21   0.13793   2.89662   21.92581
3   22   0.13793   3.03455   22.94561
3   23   0.13793   3.17248   23.96542

Estimated age-structure by data set
===================================
Age  Data set# 1
Age  9.34893824259778e-07
Age  0.0452769517072301
Age  0.0310275207939219
Age  0.0722670649711265
Age  0.18679647255505
Age  0.204915566927621
Age  0.171672122366815
Age  0.118886384765097
Age  0.0789252696818937
Age  0.044104209667337
Age  0.0210621091239629
Age  0.00862303444394757
Age  0.00419632617578126
Age  0.00231592753662657
Age  0.00153239420728665
Age  0.0010760211703188
Age  0.00103718597305818
Age  0.000999752395568504
Age  0.000963669851316911
Age  0.000928889579513416
Age  0.000895364579217142
Age  0.000863049545820758
Age  0.000831900809827296
Age  0.000801876277836593

Final age-reading error matrices
Matrix for reader#  1
0.9999951 4.946505e-06 0 0 0 0 0 0 0 0 0 0 0 0 0 0 0 0 0 0 0 0 0 0
4.946505e-06 0.9999901 4.946505e-06 0 0 0 0 0 0 0 0 0 0 0 0 0 0 0 0 0 0 0 0 0
4.115675e-11 0.01262997 0.9747401 0.01262997 4.115674e-11 0 0 0 0 0 0 0 0 0 0 0 0 0 0 0 0 0 0 0
4.096877e-13 4.946505e-06 0.06744208 0.865106 0.06744208 4.946505e-06 4.096723e-13 0 0 0 0 0 0 0 0 0 0 0 0 0 0 0 0 0
3.655356e-14 2.201783e-08 0.0004208787 0.1304626 0.7382329 0.1304626 0.0004208787 2.201783e-08 3.652634e-14 0 0 0 0 0 0 0 0 0 0 0 0 0 0 0
8.297743e-15 5.59375e-10 4.945946e-06 0.003676652 0.1808795 0.6308779 0.1808795 0.003676652 4.945946e-06 5.59375e-10 8.326673e-15 0 0 0 0 0 0 0 0 0 0 0 0 0
3.047936e-15 4.11537e-11 1.481832e-07 0.0001070045 0.01252281 0.2144233 0.5458934 0.2144233 0.01252281 0.0001070045 1.481832e-07 4.115375e-11 2.997602e-15 0 0 0 0 0 0 0 0 0 0 0
1.481344e-15 5.928552e-12 9.43269e-09 4.937067e-06 0.0007252242 0.02670473 0.233091 0.4789482 0.233091 0.02670473 0.0007252242 4.937067e-06 9.43269e-09 5.928591e-12 1.44329e-15 0 0 0 0 0 0 0 0 0
8.594501e-16 1.334178e-12 1.051878e-09 3.693684e-07 5.142359e-05 0.002582024 0.04373499 0.240841 0.4255804 0.240841 0.04373499 0.002582024 5.142359e-05 3.693684e-07 1.051878e-09 1.334155e-12 8.881784e-16 0 0 0 0 0 0 0
5.616932e-16 4.091261e-13 1.776877e-10 4.185339e-08 4.904474e-06 0.000265254 0.006233459 0.06094336 0.2413768 0.3823524 0.2413768 0.06094336 0.006233459 0.000265254 4.904474e-06 4.185339e-08 1.776878e-10 4.091172e-13 5.551115e-16 0 0 0 0 0
3.992166e-16 1.567509e-13 4.09996e-11 6.652103e-09 6.272095e-07 3.240006e-05 0.000871681 0.01172525 0.07651367 0.237469 0.3467747 0.237469 0.07651367 0.01172525 0.000871681 3.240006e-05 6.272095e-07 6.652103e-09 4.099965e-11 1.566525e-13 4.440892e-16 0 0 0
3.016786e-16 7.084802e-14 1.200662e-11 1.388379e-09 1.041719e-07 4.840933e-06 0.000133649 0.002115338 0.01864729 0.08957481 0.2309942 0.3170595 0.2309942 0.08957481 0.01864729 0.002115338 0.000133649 4.840933e-06 1.041719e-07 1.388379e-09 1.200662e-11 7.083223e-14 3.330669e-16 0
2.387424e-16 3.631481e-14 4.232706e-12 3.609719e-10 2.165263e-08 8.802195e-07 2.343752e-05 0.000396561 0.004154477 0.02638311 0.09992505 0.2231608 0.2919114 0.2231608 0.09992505 0.02638311 0.004154477 0.000396561 2.343752e-05 8.802195e-07 2.165263e-08 3.609719e-10 4.232725e-12 3.652634e-14
1.957884e-16 2.052829e-14 1.728057e-12 1.121812e-10 5.442088e-09 1.914537e-07 4.749496e-06 8.098845e-05 0.0009280133 0.007008259 0.03432946 0.1077353 0.214724 0.270378 0.214724 0.1077353 0.03432946 0.007008259 0.0009280133 8.098845e-05 4.749496e-06 1.914537e-07 5.442088e-09 1.1393e-10
1.65133e-16 1.25407e-14 7.937949e-13 4.035025e-11 1.605709e-09 4.881201e-08 1.107538e-06 1.835776e-05 0.0002179834 0.001822457 0.01057001 0.04201116 0.1133398 0.2061451 0.251748 0.2061451 0.1133398 0.04201116 0.01057001 0.001822457 0.0002179834 1.835776e-05 1.107538e-06 5.045887e-08
1.424475e-16 8.155296e-15 4.0139e-13 1.637839e-11 5.425952e-10 1.430182e-08 2.941871e-07 4.637457e-06 5.5089e-05 0.0004857037 0.003135859 0.0146556 0.04910982 0.117114 0.1976984 0.2354812 0.1976984 0.117114 0.04910982 0.0146556 0.003135859 0.0004857037 5.5089e-05 4.946505e-06
1.251505e-16 5.581358e-15 2.196917e-13 7.353899e-12 2.0574e-10 4.73026e-09 8.79351e-08 1.301518e-06 1.511732e-05 0.0001359744 0.0009357801 0.004875394 0.0190547 0.05544638 0.1194138 0.1895409 0.2211612 0.1895409 0.1194138 0.05544638 0.0190547 0.004875394 0.0009357801 0.0001524861
1.116283e-16 3.984665e-15 1.284489e-13 3.594725e-12 8.607589e-11 1.738617e-09 2.921852e-08 4.032038e-07 4.512255e-06 4.047786e-05 0.0002879776 0.001609284 0.007004003 0.0235683 0.06094733 0.1205501 0.1817561 0.2084628 0.1817561 0.1205501 0.06094733 0.0235683 0.007004003 0.001942686
1.00831e-16 2.947105e-15 7.939394e-14 1.888629e-12 3.918568e-11 7.00625e-10 1.066899e-08 1.368136e-07 1.461579e-06 1.287624e-05 9.266667e-05 0.0005400846 0.002529372 0.009453356 0.02802949 0.06561102 0.1207828 0.1743825 0.1971284 0.1743825 0.1207828 0.06561102 0.02802949 0.01262997
9.205194e-17 2.245796e-15 5.144649e-14 1.055452e-12 1.918907e-11 3.059948e-10 4.236798e-09 5.044103e-08 5.115445e-07 4.379957e-06 3.139853e-05 0.0001869945 0.0009186333 0.0036989 0.01213875 0.03231087 0.06948013 0.120323 0.1674306 0.1869515 0.1674306 0.120323 0.06948013 0.04929049
8.480131e-17 1.755507e-15 3.471325e-14 6.220641e-13 1.001143e-11 1.434193e-10 1.81293e-09 2.005085e-08 1.924465e-07 1.590432e-06 1.123386e-05 6.734936e-05 0.0003405126 0.001443359 0.005102254 0.01497191 0.03632359 0.07262153 0.1193397 0.1608942 0.1777651 0.1608942 0.1193397 0.1308835
7.873084e-17 1.402614e-15 2.425492e-14 3.839515e-13 5.520346e-12 7.153367e-11 8.29109e-10 8.532047e-09 7.739619e-08 6.146315e-07 4.245039e-06 2.534077e-05 0.0001299879 0.0005698955 0.002125034 0.006709693 0.01787 0.04001212 0.07511272 0.1179661 0.1547579 0.1694324 0.1547579 0.2605259
7.358729e-17 1.142092e-15 1.746958e-14 2.467252e-13 3.195424e-12 3.769591e-11 4.023694e-10 3.860979e-09 3.309536e-08 2.518738e-07 1.69201e-06 9.977192e-06 5.137102e-05 0.0002298278 0.0008893962 0.002964865 0.008482547 0.02076102 0.04334759 0.07703321 0.1163071 0.1490008 0.1618405 0.4190798
6.918281e-17 9.45445e-16 1.292078e-14 1.642514e-13 1.930618e-12 2.08581e-11 2.059231e-10 1.84713e-09 1.497006e-08 1.090259e-07 7.098183e-07 4.110615e-06 2.107407e-05 9.522099e-05 0.0003776176 0.001309304 0.003955316 0.01037808 0.02358609 0.04632112 0.07845938 0.1144443 0.1435998 0.5774477
Matrix for reader#  2
1 0 0 0 0 0 0 0 0 0 0 0 0 0 0 0 0 0 0 0 0 0 0 0
6.304102e-87 1 0 0 0 0 0 0 0 0 0 0 0 0 0 0 0 0 0 0 0 0 0 0
4.344381e-89 1.165379e-64 1 0 0 0 0 0 0 0 0 0 0 0 0 0 0 0 0 0 0 0 0 0
3.35966e-89 6.270505e-87 1.720827e-42 1 0 0 0 0 0 0 0 0 0 0 0 0 0 0 0 0 0 0 0 0
3.140201e-89 1.022109e-88 2.332008e-81 9.933698e-29 1 0 0 0 0 0 0 0 0 0 0 0 0 0 0 0 0 0 0 0
3.050585e-89 2.777516e-89 6.245821e-87 2.204361e-73 1.597224e-20 1 0 0 0 0 0 0 0 0 0 0 0 0 0 0 0 0 0 0
3.003173e-89 1.341208e-89 2.562321e-88 5.730805e-84 1.165379e-64 1.9922e-15 1 1.998401e-15 0 0 0 0 0 0 0 0 0 0 0 0 0 0 0 0
2.974184e-89 8.162827e-90 6.547445e-89 6.200723e-87 6.700065e-80 2.54033e-56 4.252749e-12 1 4.252709e-12 0 0 0 0 0 0 0 0 0 0 0 0 0 0 0
2.954749e-89 5.625445e-90 2.918698e-89 4.532691e-88 6.1136e-85 4.363626e-75 6.910924e-49 8.074056e-10 1 8.074056e-10 0 0 0 0 0 0 0 0 0 0 0 0 0 0
2.940861e-89 4.187992e-90 1.663318e-89 1.184926e-88 6.135379e-87 2.426579e-82 6.63703e-70 1.720827e-42 3.383756e-08 0.9999999 3.383756e-08 0 0 0 0 0 0 0 0 0 0 0 0 0
2.930465e-89 3.285397e-90 1.085376e-89 5.098268e-89 6.66905e-88 1.93818e-85 3.00143e-79 1.165379e-64 4.409746e-37 5.293999e-07 0.9999989 5.293999e-07 0 0 0 0 0 0 0 0 0 0 0 0
2.922402e-89 2.676153e-90 7.713398e-90 2.800074e-89 1.845634e-88 6.051924e-87 1.448976e-83 8.343792e-76 1.445997e-59 1.536611e-32 4.248809e-06 0.9999915 4.248809e-06 0 0 0 0 0 0 0 0 0 0 0
2.915973e-89 2.242279e-90 5.812166e-90 1.769335e-89 7.870537e-89 8.785196e-88 9.643342e-86 2.33191e-81 3.781747e-72 9.385304e-55 9.933698e-29 2.137064e-05 0.9999573 2.137064e-05 0 0 0 0 0 0 0 0 0 0
2.910729e-89 1.920274e-90 4.570006e-90 1.223056e-89 4.23364e-89 2.602494e-88 5.953688e-87 2.740344e-84 7.002923e-79 2.113885e-68 2.722968e-50 1.589672e-25 7.677932e-05 0.9998464 7.677932e-05 0 0 0 0 0 0 0 0 0
2.906373e-89 1.673338e-90 3.711156e-90 8.995588e-90 2.619214e-89 1.118187e-88 1.077323e-87 6.017458e-86 1.337011e-82 3.355673e-76 1.165379e-64 3.329208e-46 8.070891e-23 0.0002152021 0.9995696 0.0002152021 0 0 0 0 0 0 0 0
2.902698e-89 1.478871e-90 3.090755e-90 6.922869e-90 1.776154e-89 5.958882e-89 3.419421e-88 5.84429e-87 9.18491e-85 1.045566e-80 2.204361e-73 5.360177e-61 1.720827e-42 1.597224e-20 0.000500227 0.9989995 0.000500227 0 0 0 0 0 0 0
2.899557e-89 1.322322e-90 2.626696e-90 5.514503e-90 1.284298e-89 3.637416e-89 1.494683e-88 1.258013e-87 4.270789e-86 2.084172e-83 1.20668e-78 1.731042e-70 1.828974e-57 3.912148e-39 1.457206e-18 0.00100706 0.9979859 0.00100706 0 0 0 0 0 0
2.896841e-89 1.193951e-90 2.269572e-90 4.513063e-90 9.73481e-90 2.433269e-89 7.956412e-89 4.264366e-88 5.727089e-87 4.243721e-85 6.788334e-82 1.885738e-76 1.445262e-67 4.288916e-54 4.147937e-36 7.019809e-17 0.001812123 0.9963758 0.001812123 1.110223e-16 0 0 0 0
2.894471e-89 1.08702e-90 1.988176e-90 3.774727e-90 7.649177e-90 1.737241e-89 4.820719e-89 1.906525e-88 1.418671e-87 3.282958e-86 5.696557e-84 3.030788e-80 3.671359e-74 1.165379e-64 6.610951e-51 2.192436e-33 1.9922e-15 0.002983174 0.9940337 0.002983174 1.998401e-15 0 0 0
2.892384e-89 9.967358e-91 1.761991e-90 3.214068e-90 6.182874e-90 1.301659e-89 3.195e-89 1.019599e-88 5.111478e-88 5.604948e-87 2.386017e-85 1.013923e-82 1.76252e-78 8.245938e-72 8.4132e-62 6.561051e-48 6.183197e-31 3.638751e-14 0.004572334 0.9908553 0.004572334 3.641532e-14 0 0
2.890533e-89 9.196078e-91 1.577064e-90 2.777762e-90 5.112903e-90 1.012097e-89 2.25962e-89 6.160305e-89 2.343547e-88 1.559315e-87 2.660459e-86 2.193009e-84 2.329786e-81 1.267297e-76 1.99542e-69 5.134195e-59 4.17765e-45 9.933698e-29 4.595106e-13 0.006612715 0.9867746 0.006612715 4.595213e-13 0
2.888881e-89 8.530372e-91 1.423632e-90 2.431128e-90 4.308067e-90 8.102896e-90 1.677897e-89 4.059259e-89 1.264082e-88 5.941285e-88 5.480186e-87 1.524918e-85 2.522841e-83 6.697527e-80 1.071136e-74 4.90464e-67 2.54033e-56 1.720827e-42 9.662134e-27 4.252749e-12 0.009118173 0.9817637 0.009118173 4.252709e-12
2.887396e-89 7.950546e-91 1.294689e-90 2.150821e-90 3.687197e-90 6.642091e-90 1.293777e-89 2.851424e-89 7.642915e-89 2.796269e-88 1.680997e-87 2.23674e-86 1.054567e-84 3.574891e-82 2.329455e-78 1.015042e-72 1.165379e-64 9.903784e-54 4.65991e-40 6.014487e-25 3.025233e-11 0.01208524 0.9758295 0.01208524
2.886055e-89 7.441427e-91 1.185099e-90 1.920654e-90 3.197936e-90 5.551382e-90 1.027846e-89 2.102736e-89 5.02142e-89 1.525133e-88 6.739948e-88 5.354614e-87 1.064253e-85 8.747323e-84 6.117091e-81 9.476648e-77 1.032941e-70 2.570574e-62 2.988153e-51 8.471062e-38 2.518488e-23 1.720104e-10 0.01549621 0.9845038
Matrix for reader#  3
0.9997811 0.0002188754 0 0 0 0 0 0 0 0 0 0 0 0 0 0 0 0 0 0 0 0 0 0
7.41849e-05 0.9995593 0.0003665466 0 0 0 0 0 0 0 0 0 0 0 0 0 0 0 0 0 0 0 0 0
2.203682e-08 0.02355121 0.9248305 0.05161811 1.373502e-07 0 0 0 0 0 0 0 0 0 0 0 0 0 0 0 0 0 0 0
8.885648e-10 8.925842e-05 0.08468537 0.7660216 0.1488945 0.0003092417 5.623936e-09 2.109424e-15 0 0 0 0 0 0 0 0 0 0 0 0 0 0 0 0
1.63874e-10 2.02855e-06 0.002113022 0.140928 0.6286261 0.2228406 0.005481834 8.485326e-06 1.033612e-09 1.54321e-14 0 0 0 0 0 0 0 0 0 0 0 0 0 0
5.791001e-11 1.554862e-07 9.244732e-05 0.01001393 0.1786868 0.5258125 0.2631892 0.0219062 0.0002981257 7.16632e-07 3.632039e-10 4.962697e-14 0 0 0 0 0 0 0 0 0 0 0 0
2.864392e-11 2.493711e-08 7.929935e-06 0.0008087447 0.02408316 0.1989259 0.4492888 0.2777334 0.04693694 0.002185838 2.921095e-05 1.217432e-07 1.78656e-10 1.072475e-13 0 0 0 0 0 0 0 0 0 0
1.723754e-11 6.379066e-09 1.152361e-06 9.291298e-05 0.003111327 0.0410562 0.2067111 0.3910858 0.2767974 0.07345659 0.007393029 0.0002898167 4.635532e-06 3.233195e-08 1.069291e-10 1.847411e-13 2.220446e-16 0 0 0 0 0 0 0
1.174571e-11 2.225488e-09 2.471689e-07 1.507435e-05 0.0004783986 0.00756122 0.05759087 0.206782 0.3456877 0.2678455 0.09640152 0.01627196 0.001312279 5.206069e-05 1.057723e-06 1.157719e-08 7.244749e-11 2.770006e-13 6.661338e-16 0 0 0 0 0
8.701902e-12 9.630731e-10 7.069901e-08 3.270523e-06 9.155507e-05 0.00149768 0.01391097 0.07176411 0.2024579 0.3094431 0.2552934 0.1138767 0.02766172 0.003707431 0.0002795884 1.217903e-05 3.166283e-07 5.105784e-09 5.333611e-11 3.78475e-13 1.887379e-15 0 0 0
6.838654e-12 4.867201e-10 2.510192e-08 8.977114e-07 2.158356e-05 0.0003393497 0.003406683 0.02140872 0.08292977 0.1958192 0.2799118 0.2415329 0.1259586 0.03990583 0.007752968 0.0009363815 7.158185e-05 3.54132e-06 1.163854e-07 2.617487e-09 4.161826e-11 4.845013e-13 4.32987e-15 0
5.611381e-12 2.760168e-10 1.051515e-08 2.976311e-07 6.110382e-06 8.900735e-05 0.0009020478 0.006253341 0.02923779 0.09117715 0.188106 0.2554258 0.227791 0.1335266 0.05164134 0.01326674 0.002286199 0.0002676663 2.162792e-05 1.228528e-06 5.009657e-08 1.500893e-09 3.387568e-11 5.997425e-13
4.75655e-12 1.70889e-10 5.010464e-09 1.149025e-07 2.022102e-06 2.683007e-05 0.0002641145 0.001901474 0.009888463 0.03676297 0.09690884 0.1800362 0.2348158 0.2146594 0.1376162 0.06204189 0.0197675 0.004483073 0.000730466 8.649203e-05 7.542607e-06 4.918789e-07 2.439699e-08 9.666064e-10
4.134472e-12 1.132874e-10 2.644119e-09 5.01987e-08 7.634529e-07 9.168899e-06 8.580864e-05 0.0006182801 0.003393297 0.01405425 0.04358821 0.1006045 0.172015 0.2172418 0.2023929 0.1391521 0.07074815 0.02669791 0.007517797 0.001590615 0.0002550266 3.129536e-05 2.972919e-06 2.351616e-07
3.665597e-12 7.928859e-11 1.514836e-09 2.427229e-08 3.221427e-07 3.499954e-06 3.078684e-05 0.0002170406 0.001215028 0.005357283 0.01847295 0.04952022 0.1027128 0.1642621 0.2020868 0.1910704 0.1388738 0.0777118 0.03357433 0.01124438 0.002934628 0.0006006965 9.716889e-05 1.394717e-05
3.30191e-12 5.797609e-11 9.280324e-10 1.276488e-08 1.49336e-07 1.471508e-06 1.210055e-05 8.232936e-05 0.0004598038 0.00209289 0.007714605 0.02290252 0.05450692 0.1036138 0.1568888 0.1888887 0.1806821 0.1373416 0.08305688 0.04004673 0.01544279 0.004782003 0.001195017 0.0002887663
3.01302e-12 4.393853e-11 6.009104e-10 7.201627e-09 7.499037e-08 6.729473e-07 5.163906e-06 3.363699e-05 0.0001847304 0.000850011 0.003258518 0.01035494 0.02715952 0.0585821 0.1036127 0.1499431 0.1772946 0.1711762 0.1349672 0.08698461 0.04589978 0.01987857 0.00708826 0.002725654
2.778903e-12 3.430357e-11 4.075165e-10 4.311029e-09 4.032101e-08 3.311267e-07 2.371909e-06 1.472723e-05 7.879656e-05 0.0003613136 0.001412789 0.004689459 0.01316077 0.03112066 0.06182501 0.1029481 0.1434364 0.1670312 0.1624829 0.1320476 0.08971664 0.05102762 0.02434215 0.0143011
2.585912e-12 2.745655e-11 2.87363e-10 2.714094e-09 2.299237e-08 1.736799e-07 1.163227e-06 6.870446e-06 3.560368e-05 0.0001611084 0.0006337688 0.002158598 0.006342391 0.01602393 0.03471396 0.06433397 0.1018032 0.1373598 0.1578833 0.1545278 0.128795 0.09146518 0.05540276 0.0483514
2.424473e-12 2.244452e-11 2.094829e-10 1.784178e-09 1.379483e-08 9.633566e-08 6.046893e-07 3.395648e-06 1.698351e-05 7.533993e-05 0.0002952653 0.001018621 0.003083087 0.008162695 0.01885419 0.03790676 0.06621072 0.1003175 0.1316932 0.1496796 0.1472381 0.1253591 0.09241939 0.1176652
2.287699e-12 1.868107e-11 1.571288e-10 1.21747e-09 8.650835e-09 5.612505e-08 3.310682e-07 1.768369e-06 8.519884e-06 3.688892e-05 0.0001430372 0.0004950885 0.001525085 0.004169587 0.01009273 0.02158215 0.04069422 0.06755186 0.09859594 0.1264115 0.1422819 0.1405461 0.1218451 0.2240181
2.170522e-12 1.579202e-11 1.208034e-10 8.581542e-10 5.639009e-09 3.414601e-08 1.898341e-07 9.655132e-07 4.477205e-06 1.886702e-05 7.202854e-05 0.000248398 0.0007717143 0.002154485 0.005392843 0.01207781 0.02415834 0.0430898 0.06844472 0.09671777 0.1214873 0.1355775 0.1343901 0.3553927
2.069144e-12 1.353099e-11 9.489305e-11 6.222888e-10 3.802968e-09 2.158645e-08 1.134388e-07 5.501772e-07 2.455233e-06 1.005253e-05 3.765773e-05 0.0001287349 0.0004006254 0.001132376 0.002900948 0.006722865 0.01406974 0.02655064 0.04511805 0.06896588 0.09474215 0.1168932 0.1294737 0.4928502
1.980667e-12 1.173114e-11 7.595701e-11 4.626514e-10 2.643009e-09 1.411985e-08 7.034099e-08 3.258596e-07 1.400017e-06 5.564146e-06 2.040593e-05 6.889527e-05 0.0002136665 0.0006074297 0.001579899 0.003752874 0.008128238 0.01602857 0.02874094 0.04680945 0.06918127 0.0927132 0.1126028 0.619545

Variable estimate SD
BiasPar 1.01980498634172 NaN
SDPar 0.111268933160751 NaN
SDPar 0.0100384144100828 NaN
SDPar 0.13793412541771 NaN
Slope -0.036758885827023 NaN
Probs -10.7878757027405 NaN
Probs -0.377923532476894 NaN
Probs 0.4675703817999 NaN
Probs 1.4172215314028 NaN
Probs 1.5097999149761 NaN
Probs 1.33278828159282 NaN
Probs 0.965370176499058 NaN
Probs 0.555703340701632 NaN
Probs -0.0262428754691015 NaN
Probs -0.765322460647733 NaN
Probs -1.65836106428575 NaN
Probs -2.37858868822895 NaN
Probs -2.97298783961189 NaN
Probs -3.38596675699566 NaN
Probs -3.73952797411186 NaN
