Alternative 1 Catch
     EBS_Pollock_2024 
Equil_Fabc 1616.15 
Year 
2025 1350 
2026 1350 
2027 1801.08 
2028 1594.93 
2029 1589.09 
2030 1613.98 
2031 1627.04 
2032 1617 
2033 1607.12 
2034 1603.52 
2035 1594.16 
2036 1580.05 
2037 1573.81 
2038 1570.96 

Alternative 1 ABCs
     EBS_Pollock_2024 

Year 
2025 2416.67 
2026 2035.81 
2027 1801.08 
2028 1594.93 
2029 1589.09 
2030 1613.98 
2031 1627.04 
2032 1617 
2033 1607.12 
2034 1603.52 
2035 1594.16 
2036 1580.05 
2037 1573.81 
2038 1570.96 

Alternative 1 TACs
     EBS_Pollock_2024 

Year 
2025  NA 
2026  NA 
2027 1801.08 
2028 1594.93 
2029 1589.09 
2030 1613.98 
2031 1627.04 
2032 1617 
2033 1607.12 
2034 1603.52 
2035 1594.16 
2036 1580.05 
2037 1573.81 
2038 1570.96 

Alternative 1 Sp_Biomass
     EBS_Pollock_2024 
Equil_Fabc 2371.94 
Year 
2025 2949.87 
2026 2624.85 
2027 2467.74 
2028 2460.4 
2029 2493.29 
2030 2503.07 
2031 2500.55 
2032 2502.61 
2033 2502.95 
2034 2485.18 
2035 2471.87 
2036 2455.85 
2037 2449.65 
2038 2463.09 

Alternative 1 Fishing Mortality
     EBS_Pollock_2024 
Equil_Fabc 0.394085 
Year 
2025 0.197553 
2026 0.240837 
2027 0.394085 
2028 0.390993 
2029 0.375851 
2030 0.365948 
2031 0.362701 
2032 0.360997 
2033 0.359577 
2034 0.358014 
2035 0.358188 
2036 0.357045 
2037 0.356543 
2038 0.356363 

Alternative 1 Biomass
     EBS_Pollock_2024 

Year 
2025 11952 
2026 11939.4 
2027 12143.6 
2028 12000.4 
2029 12091.3 
2030 12122.2 
2031 12073.1 
2032 12027 
2033 11978.9 
2034 11894.1 
2035 11876.4 
2036 11866 
2037 11849.6 
2038 11853.6 

Alternative 1 Implied SPR rate 
     EBS_Pollock_2024 
Equil_Fabc 0.4 
Year 
2025 0.544994 
2026 0.501865 
2027 0.4 
2028 0.401568 
2029 0.409872 
2030 0.415999 
2031 0.418259 
2032 0.419499 
2033 0.420418 
2034 0.421352 
2035 0.421329 
2036 0.422271 
2037 0.422541 
2038 0.42271 

  EBS_Pollock_2024 
EquilAvgAgeF0  3.1555 
EquilAvgAgeFabc  2.25507 
AvgAgeYr2038 36.0305 
Alternative 2 Catch
     EBS_Pollock_2024 
Equil_Fabc 1616.15 
Year 
2025 1350 
2026 1350 
2027 1801.08 
2028 1594.93 
2029 1589.09 
2030 1613.98 
2031 1627.04 
2032 1617 
2033 1607.12 
2034 1603.52 
2035 1594.16 
2036 1580.05 
2037 1573.81 
2038 1570.96 

Alternative 2 ABCs
     EBS_Pollock_2024 

Year 
2025 2416.67 
2026 2035.81 
2027 1801.08 
2028 1594.93 
2029 1589.09 
2030 1613.98 
2031 1627.04 
2032 1617 
2033 1607.12 
2034 1603.52 
2035 1594.16 
2036 1580.05 
2037 1573.81 
2038 1570.96 

Alternative 2 TACs
     EBS_Pollock_2024 

Year 
2025  NA 
2026  NA 
2027 1801.08 
2028 1594.93 
2029 1589.09 
2030 1613.98 
2031 1627.04 
2032 1617 
2033 1607.12 
2034 1603.52 
2035 1594.16 
2036 1580.05 
2037 1573.81 
2038 1570.96 

Alternative 2 Sp_Biomass
     EBS_Pollock_2024 
Equil_Fabc 2371.94 
Year 
2025 2949.87 
2026 2624.85 
2027 2467.74 
2028 2460.4 
2029 2493.29 
2030 2503.07 
2031 2500.55 
2032 2502.61 
2033 2502.95 
2034 2485.18 
2035 2471.87 
2036 2455.85 
2037 2449.65 
2038 2463.09 

Alternative 2 Fishing Mortality
     EBS_Pollock_2024 
Equil_Fabc 0.394085 
Year 
2025 0.197553 
2026 0.240837 
2027 0.394085 
2028 0.390993 
2029 0.375851 
2030 0.365948 
2031 0.362701 
2032 0.360997 
2033 0.359577 
2034 0.358014 
2035 0.358188 
2036 0.357045 
2037 0.356543 
2038 0.356363 

Alternative 2 Biomass
     EBS_Pollock_2024 

Year 
2025 11952 
2026 11939.4 
2027 12143.6 
2028 12000.4 
2029 12091.3 
2030 12122.2 
2031 12073.1 
2032 12027 
2033 11978.9 
2034 11894.1 
2035 11876.4 
2036 11866 
2037 11849.6 
2038 11853.6 

Alternative 2 Implied SPR rate 
     EBS_Pollock_2024 
Equil_Fabc 0.4 
Year 
2025 0.544994 
2026 0.501865 
2027 0.4 
2028 0.401568 
2029 0.409872 
2030 0.415999 
2031 0.418259 
2032 0.419499 
2033 0.420418 
2034 0.421352 
2035 0.421329 
2036 0.422271 
2037 0.422541 
2038 0.42271 

  EBS_Pollock_2024 
EquilAvgAgeF0  3.1555 
EquilAvgAgeFabc  2.25507 
AvgAgeYr2038 36.0305 
Alternative 3 Catch
     EBS_Pollock_2024 
Equil_Fabc 1616.15 
Year 
2025 1350 
2026 1350 
2027 1062.71 
2028 1067.62 
2029 1163.56 
2030 1246.69 
2031 1295.97 
2032 1309.93 
2033 1312.96 
2034 1316.21 
2035 1310.71 
2036 1303.88 
2037 1298.87 
2038 1294.42 

Alternative 3 ABCs
     EBS_Pollock_2024 

Year 
2025 2416.67 
2026 2035.81 
2027 1801.08 
2028 1822.74 
2029 1986.56 
2030 2106.79 
2031 2175.24 
2032 2192.61 
2033 2195.05 
2034 2199.69 
2035 2189.63 
2036 2177.37 
2037 2168.59 
2038 2160.36 

Alternative 3 TACs
     EBS_Pollock_2024 

Year 
2025  NA 
2026  NA 
2027 1062.71 
2028 1067.62 
2029 1163.56 
2030 1246.69 
2031 1295.97 
2032 1309.93 
2033 1312.96 
2034 1316.21 
2035 1310.71 
2036 1303.88 
2037 1298.87 
2038 1294.42 

Alternative 3 Sp_Biomass
     EBS_Pollock_2024 
Equil_Fabc 2371.94 
Year 
2025 2949.87 
2026 2624.85 
2027 2566.33 
2028 2807.05 
2029 2983.41 
2030 3079.79 
2031 3130.41 
2032 3161.5 
2033 3175.41 
2034 3162.37 
2035 3149.27 
2036 3132.03 
2037 3121.07 
2038 3130.45 

Alternative 3 Fishing Mortality
     EBS_Pollock_2024 
Equil_Fabc 0.394085 
Year 
2025 0.197553 
2026 0.240837 
2027 0.213887 
2028 0.213887 
2029 0.213887 
2030 0.213887 
2031 0.213887 
2032 0.213887 
2033 0.213887 
2034 0.213887 
2035 0.213887 
2036 0.213887 
2037 0.213887 
2038 0.213887 

Alternative 3 Biomass
     EBS_Pollock_2024 

Year 
2025 11952 
2026 11939.4 
2027 12143.6 
2028 12704.8 
2029 13191.6 
2030 13436 
2031 13510 
2032 13528.5 
2033 13511.6 
2034 13437.2 
2035 13417.4 
2036 13404.4 
2037 13377.8 
2038 13372.1 

Alternative 3 Implied SPR rate 
     EBS_Pollock_2024 
Equil_Fabc 0.4 
Year 
2025 0.544994 
2026 0.501865 
2027 0.527623 
2028 0.527623 
2029 0.527623 
2030 0.527623 
2031 0.527623 
2032 0.527623 
2033 0.527623 
2034 0.527623 
2035 0.527623 
2036 0.527623 
2037 0.527623 
2038 0.527623 

  EBS_Pollock_2024 
EquilAvgAgeF0  3.1555 
EquilAvgAgeFabc  2.25507 
AvgAgeYr2038 38.1787 
Alternative 4 Catch
     EBS_Pollock_2024 
Equil_Fabc 1616.15 
Year 
2025 1350 
2026 1350 
2027 786.102 
2028 825.088 
2029 922.846 
2030 1009.48 
2031 1069.02 
2032 1095.11 
2033 1106.87 
2034 1115.25 
2035 1114.97 
2036 1112.11 
2037 1109.4 
2038 1106.23 

Alternative 4 ABCs
     EBS_Pollock_2024 

Year 
2025 2416.67 
2026 2035.81 
2027 1801.08 
2028 1906.14 
2029 2135.17 
2030 2318.85 
2031 2439.47 
2032 2491.93 
2033 2517.1 
2034 2535.44 
2035 2532.96 
2036 2525.75 
2037 2521.32 
2038 2514.63 

Alternative 4 TACs
     EBS_Pollock_2024 

Year 
2025  NA 
2026  NA 
2027 786.102 
2028 825.088 
2029 922.846 
2030 1009.48 
2031 1069.02 
2032 1095.11 
2033 1106.87 
2034 1115.25 
2035 1114.97 
2036 1112.11 
2037 1109.4 
2038 1106.23 

Alternative 4 Sp_Biomass
     EBS_Pollock_2024 
Equil_Fabc 2371.94 
Year 
2025 2949.87 
2026 2624.85 
2027 2600.49 
2028 2942.87 
2029 3196.2 
2030 3356.14 
2031 3458.33 
2032 3527.33 
2033 3566.76 
2034 3570.08 
2035 3567.07 
2036 3556.29 
2037 3547.97 
2038 3558.39 

Alternative 4 Fishing Mortality
     EBS_Pollock_2024 
Equil_Fabc 0.394085 
Year 
2025 0.197553 
2026 0.240837 
2027 0.153674 
2028 0.153674 
2029 0.153674 
2030 0.153674 
2031 0.153674 
2032 0.153674 
2033 0.153674 
2034 0.153674 
2035 0.153674 
2036 0.153674 
2037 0.153674 
2038 0.153674 

Alternative 4 Biomass
     EBS_Pollock_2024 

Year 
2025 11952 
2026 11939.4 
2027 12143.6 
2028 12969.2 
2029 13644.5 
2030 14034.2 
2031 14224.9 
2032 14327.9 
2033 14368.5 
2034 14330.3 
2035 14332.7 
2036 14333.8 
2037 14313.8 
2038 14310.5 

Alternative 4 Implied SPR rate 
     EBS_Pollock_2024 
Equil_Fabc 0.4 
Year 
2025 0.544994 
2026 0.501865 
2027 0.6 
2028 0.6 
2029 0.6 
2030 0.6 
2031 0.6 
2032 0.6 
2033 0.6 
2034 0.6 
2035 0.6 
2036 0.6 
2037 0.6 
2038 0.6 

  EBS_Pollock_2024 
EquilAvgAgeF0  3.1555 
EquilAvgAgeFabc  2.25507 
AvgAgeYr2038 39.403 
Alternative 5 Catch
     EBS_Pollock_2024 
Equil_Fabc 1616.15 
Year 
2025 1350 
2026 1350 
2027  NA 
2028  NA 
2029  NA 
2030  NA 
2031  NA 
2032  NA 
2033  NA 
2034  NA 
2035  NA 
2036  NA 
2037  NA 
2038  NA 

Alternative 5 ABCs
     EBS_Pollock_2024 

Year 
2025 2416.67 
2026 2035.81 
2027 1801.08 
2028 2147.91 
2029 2599.82 
2030 3012.46 
2031 3366.4 
2032 3621.42 
2033 3809.45 
2034 3955.48 
2035 4051.18 
2036 4119.68 
2037 4172.41 
2038 4204.45 

Alternative 5 TACs
     EBS_Pollock_2024 

Year 
2025  NA 
2026  NA 
2027  NA 
2028  NA 
2029  NA 
2030  NA 
2031  NA 
2032  NA 
2033  NA 
2034  NA 
2035  NA 
2036  NA 
2037  NA 
2038  NA 

Alternative 5 Sp_Biomass
     EBS_Pollock_2024 
Equil_Fabc 2371.94 
Year 
2025 2949.87 
2026 2624.85 
2027 2690.58 
2028 3344.49 
2029 3886.73 
2030 4328.49 
2031 4700.32 
2032 5013.43 
2033 5259.39 
2034 5428.74 
2035 5555.42 
2036 5649.04 
2037 5715.37 
2038 5780.19 

Alternative 5 Fishing Mortality
     EBS_Pollock_2024 
Equil_Fabc 0.394085 
Year 
2025 0.197553 
2026 0.240837 
2027  NA 
2028  NA 
2029  NA 
2030  NA 
2031  NA 
2032  NA 
2033  NA 
2034  NA 
2035  NA 
2036  NA 
2037  NA 
2038  NA 

Alternative 5 Biomass
     EBS_Pollock_2024 

Year 
2025 11952 
2026 11939.4 
2027 12143.6 
2028 13722.5 
2029 15056.4 
2030 16053.6 
2031 16821.5 
2032 17439.1 
2033 17919.4 
2034 18232 
2035 18508.5 
2036 18728.4 
2037 18871.1 
2038 18982.9 

Alternative 5 Implied SPR rate 
     EBS_Pollock_2024 
Equil_Fabc 0.4 
Year 
2025 0.544994 
2026 0.501865 
2027 1 
2028 1 
2029 1 
2030 1 
2031 1 
2032 1 
2033 1 
2034 1 
2035 1 
2036 1 
2037 1 
2038 1 

  EBS_Pollock_2024 
EquilAvgAgeF0  3.1555 
EquilAvgAgeFabc  2.25507 
AvgAgeYr2038 44.7146 
Alternative 6 Catch
     EBS_Pollock_2024 
Equil_Fabc 1616.15 
Year 
2025 1350 
2026 2495.79 
2027 1578.07 
2028 1582.48 
2029 1679.65 
2030 1728.07 
2031 1736.29 
2032 1721.5 
2033 1706.74 
2034 1701.25 
2035 1689.67 
2036 1673.64 
2037 1669.73 
2038 1666.87 

Alternative 6 ABCs
     EBS_Pollock_2024 

Year 
2025 2416.67 
2026 2035.81 
2027 1285.51 
2028 1279.55 
2029 1351.75 
2030 1391.93 
2031 1399.7 
2032 1386.74 
2033 1374.09 
2034 1369.78 
2035 1360.65 
2036 1347.13 
2037 1344.19 
2038 1341.79 

Alternative 6 TACs
     EBS_Pollock_2024 

Year 
2025  NA 
2026 2495.79 
2027 1578.07 
2028 1582.48 
2029 1679.65 
2030 1728.07 
2031 1736.29 
2032 1721.5 
2033 1706.74 
2034 1701.25 
2035 1689.67 
2036 1673.64 
2037 1669.73 
2038 1666.87 

Alternative 6 Sp_Biomass
     EBS_Pollock_2024 
Equil_Fabc 2371.94 
Year 
2025 2949.87 
2026 2445.54 
2027 2051.62 
2028 2173.6 
2029 2249.71 
2030 2262.24 
2031 2253.65 
2032 2252.25 
2033 2251.5 
2034 2234.43 
2035 2222.72 
2036 2208.7 
2037 2204.97 
2038 2219.67 

Alternative 6 Fishing Mortality
     EBS_Pollock_2024 
Equil_Fabc 0.394085 
Year 
2025 0.197553 
2026 0.513282 
2027 0.440356 
2028 0.464003 
2029 0.458921 
2030 0.449693 
2031 0.446452 
2032 0.44495 
2033 0.44222 
2034 0.439551 
2035 0.439591 
2036 0.43792 
2037 0.437488 
2038 0.436816 

Alternative 6 Biomass
     EBS_Pollock_2024 

Year 
2025 11952 
2026 11939.4 
2027 11050.6 
2028 11295.7 
2029 11511.9 
2030 11553.3 
2031 11488.2 
2032 11432.8 
2033 11380.3 
2034 11297 
2035 11284.1 
2036 11278.4 
2037 11268.4 
2038 11275.1 

Alternative 6 Implied SPR rate 
     EBS_Pollock_2024 
Equil_Fabc 0.4 
Year 
2025 0.544994 
2026 0.35 
2027 0.378557 
2028 0.369044 
2029 0.372095 
2030 0.377015 
2031 0.37896 
2032 0.379943 
2033 0.38127 
2034 0.382499 
2035 0.382532 
2036 0.383204 
2037 0.383399 
2038 0.383732 

  EBS_Pollock_2024 
EquilAvgAgeF0  3.1555 
EquilAvgAgeFabc  2.25507 
AvgAgeYr2038 34.992 
Alternative 7 Catch
     EBS_Pollock_2024 
Equil_Fabc 1616.15 
Year 
2025 1350 
2026 2035.81 
2027 1503.91 
2028 1820.42 
2029 1758.59 
2030 1753.85 
2031 1742.93 
2032 1722.27 
2033 1706.36 
2034 1700.98 
2035 1689.56 
2036 1673.61 
2037 1669.72 
2038 1666.87 

Alternative 7 ABCs
     EBS_Pollock_2024 

Year 
2025 2416.67 
2026 2035.81 
2027 1503.91 
2028 1475.07 
2029 1416.83 
2030 1413.22 
2031 1405.25 
2032 1387.39 
2033 1373.77 
2034 1369.55 
2035 1360.56 
2036 1347.11 
2037 1344.19 
2038 1341.78 

Alternative 7 TACs
     EBS_Pollock_2024 

Year 
2025  NA 
2026 2495.79 
2027 1835.61 
2028 1820.42 
2029 1758.59 
2030 1753.85 
2031 1742.93 
2032 1722.27 
2033 1706.36 
2034 1700.98 
2035 1689.56 
2036 1673.61 
2037 1669.72 
2038 1666.87 

Alternative 7 Sp_Biomass
     EBS_Pollock_2024 
Equil_Fabc 2371.94 
Year 
2025 2949.87 
2026 2521.98 
2027 2238.99 
2028 2318.49 
2029 2300.85 
2030 2278.7 
2031 2257.72 
2032 2252.77 
2033 2251.36 
2034 2234.31 
2035 2222.68 
2036 2208.68 
2037 2204.96 
2038 2219.67 

Alternative 7 Fishing Mortality
     EBS_Pollock_2024 
Equil_Fabc 0.394085 
Year 
2025 0.197553 
2026 0.394084 
2027 0.370821 
2028 0.491194 
2029 0.466239 
2030 0.451725 
2031 0.446895 
2032 0.445001 
2033 0.442196 
2034 0.439534 
2035 0.439585 
2036 0.437919 
2037 0.437488 
2038 0.436816 

Alternative 7 Biomass
     EBS_Pollock_2024 

Year 
2025 11952 
2026 11939.4 
2027 11488.1 
2028 11735.7 
2029 11655.2 
2030 11595.6 
2031 11497.1 
2032 11433.2 
2033 11379.5 
2034 11296.6 
2035 11284 
2036 11278.3 
2037 11268.4 
2038 11275.1 

Alternative 7 Implied SPR rate 
     EBS_Pollock_2024 
Equil_Fabc 0.4 
Year 
2025 0.544994 
2026 0.4 
2027 0.412016 
2028 0.358229 
2029 0.368893 
2030 0.376063 
2031 0.378747 
2032 0.379921 
2033 0.381283 
2034 0.382507 
2035 0.382535 
2036 0.383205 
2037 0.383399 
2038 0.383732 

  EBS_Pollock_2024 
EquilAvgAgeF0  3.1555 
EquilAvgAgeFabc  2.25507 
AvgAgeYr2038 35.1283 
