Alternative 1 Catch
     EBS_Pollock_2022 
Equil_Fabc 1602.2 
Year 
2023 1350 
2024 1350 
2025 2156.89 
2026 1810.86 
2027 1435.92 
2028 1413.54 
2029 1510.96 
2030 1575.52 
2031 1583.62 
2032 1590.14 
2033 1591.73 
2034 1570.88 
2035 1568.59 
2036 1565.72 

Alternative 1 ABCs
     EBS_Pollock_2022 

Year 
2023 1687.83 
2024 1814.78 
2025 2156.89 
2026 1810.86 
2027 1435.92 
2028 1413.54 
2029 1510.96 
2030 1575.52 
2031 1583.62 
2032 1590.14 
2033 1591.73 
2034 1570.88 
2035 1568.59 
2036 1565.72 

Alternative 1 TACs
     EBS_Pollock_2022 

Year 
2023  NA 
2024  NA 
2025 2156.89 
2026 1810.86 
2027 1435.92 
2028 1413.54 
2029 1510.96 
2030 1575.52 
2031 1583.62 
2032 1590.14 
2033 1591.73 
2034 1570.88 
2035 1568.59 
2036 1565.72 

Alternative 1 Sp_Biomass
     EBS_Pollock_2022 
Equil_Fabc 2436.22 
Year 
2023 3016.97 
2024 3056.78 
2025 2784.06 
2026 2413.32 
2027 2334.36 
2028 2418.92 
2029 2500.37 
2030 2547.32 
2031 2558.05 
2032 2546.58 
2033 2534.59 
2034 2516.85 
2035 2516.04 
2036 2528.08 

Alternative 1 Fishing Mortality
     EBS_Pollock_2022 
Equil_Fabc 0.45548 
Year 
2023 0.348483 
2024 0.32166 
2025 0.45548 
2026 0.437667 
2027 0.407313 
2028 0.40662 
2029 0.411355 
2030 0.413851 
2031 0.413227 
2032 0.411843 
2033 0.412132 
2034 0.411004 
2035 0.410678 
2036 0.410424 

Alternative 1 Biomass
     EBS_Pollock_2022 

Year 
2023 12123.1 
2024 11767.1 
2025 11629.2 
2026 10937 
2027 10762 
2028 11029.8 
2029 11282.5 
2030 11354.1 
2031 11338.6 
2032 11292.9 
2033 11250.1 
2034 11248.3 
2035 11254.8 
2036 11243.6 

Alternative 1 Implied SPR rate 
     EBS_Pollock_2022 
Equil_Fabc 0.4 
Year 
2023 0.448725 
2024 0.463922 
2025 0.4 
2026 0.407213 
2027 0.421343 
2028 0.42241 
2029 0.420438 
2030 0.419344 
2031 0.41963 
2032 0.420624 
2033 0.420577 
2034 0.421026 
2035 0.42116 
2036 0.421335 

  EBS_Pollock_2022 
EquilAvgAgeF0  3.1555 
EquilAvgAgeFabc  2.23611 
AvgAgeYr2036 35.6837 
Alternative 2 Catch
     EBS_Pollock_2022 
Equil_Fabc 1602.2 
Year 
2023 1350 
2024 1350 
2025 2156.89 
2026 1810.86 
2027 1435.92 
2028 1413.54 
2029 1510.96 
2030 1575.52 
2031 1583.62 
2032 1590.14 
2033 1591.73 
2034 1570.88 
2035 1568.59 
2036 1565.72 

Alternative 2 ABCs
     EBS_Pollock_2022 

Year 
2023 1687.83 
2024 1814.78 
2025 2156.89 
2026 1810.86 
2027 1435.92 
2028 1413.54 
2029 1510.96 
2030 1575.52 
2031 1583.62 
2032 1590.14 
2033 1591.73 
2034 1570.88 
2035 1568.59 
2036 1565.72 

Alternative 2 TACs
     EBS_Pollock_2022 

Year 
2023  NA 
2024  NA 
2025 2156.89 
2026 1810.86 
2027 1435.92 
2028 1413.54 
2029 1510.96 
2030 1575.52 
2031 1583.62 
2032 1590.14 
2033 1591.73 
2034 1570.88 
2035 1568.59 
2036 1565.72 

Alternative 2 Sp_Biomass
     EBS_Pollock_2022 
Equil_Fabc 2436.22 
Year 
2023 3016.97 
2024 3056.78 
2025 2784.06 
2026 2413.32 
2027 2334.36 
2028 2418.92 
2029 2500.37 
2030 2547.32 
2031 2558.05 
2032 2546.58 
2033 2534.59 
2034 2516.85 
2035 2516.04 
2036 2528.08 

Alternative 2 Fishing Mortality
     EBS_Pollock_2022 
Equil_Fabc 0.45548 
Year 
2023 0.348483 
2024 0.32166 
2025 0.45548 
2026 0.437667 
2027 0.407313 
2028 0.40662 
2029 0.411355 
2030 0.413851 
2031 0.413227 
2032 0.411843 
2033 0.412132 
2034 0.411004 
2035 0.410678 
2036 0.410424 

Alternative 2 Biomass
     EBS_Pollock_2022 

Year 
2023 12123.1 
2024 11767.1 
2025 11629.2 
2026 10937 
2027 10762 
2028 11029.8 
2029 11282.5 
2030 11354.1 
2031 11338.6 
2032 11292.9 
2033 11250.1 
2034 11248.3 
2035 11254.8 
2036 11243.6 

Alternative 2 Implied SPR rate 
     EBS_Pollock_2022 
Equil_Fabc 0.4 
Year 
2023 0.448725 
2024 0.463922 
2025 0.4 
2026 0.407213 
2027 0.421343 
2028 0.42241 
2029 0.420438 
2030 0.419344 
2031 0.41963 
2032 0.420624 
2033 0.420577 
2034 0.421026 
2035 0.42116 
2036 0.421335 

  EBS_Pollock_2022 
EquilAvgAgeF0  3.1555 
EquilAvgAgeFabc  2.23611 
AvgAgeYr2036 35.6837 
Alternative 3 Catch
     EBS_Pollock_2022 
Equil_Fabc 1602.2 
Year 
2023 1350 
2024 1350 
2025 1494.84 
2026 1484.49 
2027 1313.19 
2028 1278.73 
2029 1336.69 
2030 1393.8 
2031 1413.34 
2032 1428.19 
2033 1433.6 
2034 1422.3 
2035 1418.28 
2036 1415.13 

Alternative 3 ABCs
     EBS_Pollock_2022 

Year 
2023 1687.83 
2024 1814.78 
2025 2156.89 
2026 2119.53 
2027 1837.28 
2028 1780.17 
2029 1868.04 
2030 1949.34 
2031 1977.41 
2032 1996.89 
2033 2004.72 
2034 1987.7 
2035 1982.47 
2036 1975.14 

Alternative 3 TACs
     EBS_Pollock_2022 

Year 
2023  NA 
2024  NA 
2025 1494.84 
2026 1484.49 
2027 1313.19 
2028 1278.73 
2029 1336.69 
2030 1393.8 
2031 1413.34 
2032 1428.19 
2033 1433.6 
2034 1422.3 
2035 1418.28 
2036 1415.13 

Alternative 3 Sp_Biomass
     EBS_Pollock_2022 
Equil_Fabc 2436.22 
Year 
2023 3016.97 
2024 3056.78 
2025 2881.66 
2026 2725.24 
2027 2701.43 
2028 2783.32 
2029 2873.95 
2030 2937.87 
2031 2963.61 
2032 2960.76 
2033 2953.23 
2034 2936.15 
2035 2932.24 
2036 2942.74 

Alternative 3 Fishing Mortality
     EBS_Pollock_2022 
Equil_Fabc 0.45548 
Year 
2023 0.348483 
2024 0.32166 
2025 0.291916 
2026 0.291916 
2027 0.291916 
2028 0.291916 
2029 0.291916 
2030 0.291916 
2031 0.291916 
2032 0.291916 
2033 0.291916 
2034 0.291916 
2035 0.291916 
2036 0.291916 

Alternative 3 Biomass
     EBS_Pollock_2022 

Year 
2023 12123.1 
2024 11767.1 
2025 11629.2 
2026 11574.8 
2027 11616.3 
2028 11873 
2029 12129.4 
2030 12240.1 
2031 12263.4 
2032 12238.8 
2033 12205.3 
2034 12207.4 
2035 12207 
2036 12192.2 

Alternative 3 Implied SPR rate 
     EBS_Pollock_2022 
Equil_Fabc 0.4 
Year 
2023 0.448725 
2024 0.463922 
2025 0.482694 
2026 0.482694 
2027 0.482694 
2028 0.482694 
2029 0.482694 
2030 0.482694 
2031 0.482694 
2032 0.482694 
2033 0.482694 
2034 0.482694 
2035 0.482694 
2036 0.482694 

  EBS_Pollock_2022 
EquilAvgAgeF0  3.1555 
EquilAvgAgeFabc  2.23611 
AvgAgeYr2036 37.0199 
Alternative 4 Catch
     EBS_Pollock_2022 
Equil_Fabc 1602.2 
Year 
2023 1350 
2024 1350 
2025 895.257 
2026 1001.69 
2027 955.242 
2028 960.783 
2029 1014.97 
2030 1069.42 
2031 1095.61 
2032 1115.87 
2033 1128.04 
2034 1126.32 
2035 1124.37 
2036 1123.29 

Alternative 4 ABCs
     EBS_Pollock_2022 

Year 
2023 1687.83 
2024 1814.78 
2025 2156.89 
2026 2359.98 
2027 2266.92 
2028 2283.64 
2029 2411.89 
2030 2534.35 
2031 2594.13 
2032 2641.26 
2033 2666.84 
2034 2662.39 
2035 2661.6 
2036 2658.39 

Alternative 4 TACs
     EBS_Pollock_2022 

Year 
2023  NA 
2024  NA 
2025 895.257 
2026 1001.69 
2027 955.242 
2028 960.783 
2029 1014.97 
2030 1069.42 
2031 1095.61 
2032 1115.87 
2033 1128.04 
2034 1126.32 
2035 1124.37 
2036 1123.29 

Alternative 4 Sp_Biomass
     EBS_Pollock_2022 
Equil_Fabc 2436.22 
Year 
2023 3016.97 
2024 3056.78 
2025 2961.44 
2026 3032.31 
2027 3144.91 
2028 3302.1 
2029 3449.13 
2030 3553.29 
2031 3611.97 
2032 3634.83 
2033 3646.23 
2034 3640.33 
2035 3639.94 
2036 3652.89 

Alternative 4 Fishing Mortality
     EBS_Pollock_2022 
Equil_Fabc 0.45548 
Year 
2023 0.348483 
2024 0.32166 
2025 0.163938 
2026 0.163938 
2027 0.163938 
2028 0.163938 
2029 0.163938 
2030 0.163938 
2031 0.163938 
2032 0.163938 
2033 0.163938 
2034 0.163938 
2035 0.163938 
2036 0.163938 

Alternative 4 Biomass
     EBS_Pollock_2022 

Year 
2023 12123.1 
2024 11767.1 
2025 11629.2 
2026 12154.8 
2027 12565.7 
2028 13008.2 
2029 13383.7 
2030 13590.2 
2031 13689.7 
2032 13721.6 
2033 13729.7 
2034 13758.4 
2035 13767.1 
2036 13757.8 

Alternative 4 Implied SPR rate 
     EBS_Pollock_2022 
Equil_Fabc 0.4 
Year 
2023 0.448725 
2024 0.463922 
2025 0.6 
2026 0.6 
2027 0.6 
2028 0.6 
2029 0.6 
2030 0.6 
2031 0.6 
2032 0.6 
2033 0.6 
2034 0.6 
2035 0.6 
2036 0.6 

  EBS_Pollock_2022 
EquilAvgAgeF0  3.1555 
EquilAvgAgeFabc  2.23611 
AvgAgeYr2036 39.1214 
Alternative 5 Catch
     EBS_Pollock_2022 
Equil_Fabc 1602.2 
Year 
2023 1350 
2024 1350 
2025  NA 
2026  NA 
2027  NA 
2028  NA 
2029  NA 
2030  NA 
2031  NA 
2032  NA 
2033  NA 
2034  NA 
2035  NA 
2036  NA 

Alternative 5 ABCs
     EBS_Pollock_2022 

Year 
2023 1687.83 
2024 1814.78 
2025 2156.89 
2026 2724.18 
2027 2975.75 
2028 3254.18 
2029 3591.91 
2030 3901.02 
2031 4110.53 
2032 4293 
2033 4438.6 
2034 4528.1 
2035 4587.12 
2036 4629.02 

Alternative 5 TACs
     EBS_Pollock_2022 

Year 
2023  NA 
2024  NA 
2025  NA 
2026  NA 
2027  NA 
2028  NA 
2029  NA 
2030  NA 
2031  NA 
2032  NA 
2033  NA 
2034  NA 
2035  NA 
2036  NA 

Alternative 5 Sp_Biomass
     EBS_Pollock_2022 
Equil_Fabc 2436.22 
Year 
2023 3016.97 
2024 3056.78 
2025 3068.24 
2026 3518.43 
2027 3972.27 
2028 4403.03 
2029 4798.38 
2030 5097.48 
2031 5329.23 
2032 5510.04 
2033 5658.78 
2034 5764.75 
2035 5839.1 
2036 5909.55 

Alternative 5 Fishing Mortality
     EBS_Pollock_2022 
Equil_Fabc 0.45548 
Year 
2023 0.348483 
2024 0.32166 
2025  NA 
2026  NA 
2027  NA 
2028  NA 
2029  NA 
2030  NA 
2031  NA 
2032  NA 
2033  NA 
2034  NA 
2035  NA 
2036  NA 

Alternative 5 Biomass
     EBS_Pollock_2022 

Year 
2023 12123.1 
2024 11767.1 
2025 11629.2 
2026 13024.5 
2027 14248.8 
2028 15301.1 
2029 16186.3 
2030 16833.6 
2031 17309.8 
2032 17671.6 
2033 17968.2 
2034 18235.1 
2035 18406.7 
2036 18519.3 

Alternative 5 Implied SPR rate 
     EBS_Pollock_2022 
Equil_Fabc 0.4 
Year 
2023 0.448725 
2024 0.463922 
2025 1 
2026 1 
2027 1 
2028 1 
2029 1 
2030 1 
2031 1 
2032 1 
2033 1 
2034 1 
2035 1 
2036 1 

  EBS_Pollock_2022 
EquilAvgAgeF0  3.1555 
EquilAvgAgeFabc  2.23611 
AvgAgeYr2036 44.6731 
Alternative 6 Catch
     EBS_Pollock_2022 
Equil_Fabc 1602.2 
Year 
2023 1350 
2024 2300.66 
2025 2267.01 
2026 1670.12 
2027 1443.04 
2028 1494.47 
2029 1624.63 
2030 1684.4 
2031 1679.52 
2032 1680.08 
2033 1677.13 
2034 1651.42 
2035 1654.76 
2036 1650.51 

Alternative 6 ABCs
     EBS_Pollock_2022 

Year 
2023 1687.83 
2024 1814.78 
2025 1830.81 
2026 1346.59 
2027 1147.68 
2028 1182.82 
2029 1285.88 
2030 1335.87 
2031 1331.42 
2032 1332.88 
2033 1330.35 
2034 1309.02 
2035 1312.67 
2036 1309.16 

Alternative 6 TACs
     EBS_Pollock_2022 

Year 
2023  NA 
2024 2300.67 
2025 2267.01 
2026 1670.12 
2027 1443.04 
2028 1494.47 
2029 1624.63 
2030 1684.4 
2031 1679.52 
2032 1680.08 
2033 1677.13 
2034 1651.42 
2035 1654.76 
2036 1650.51 

Alternative 6 Sp_Biomass
     EBS_Pollock_2022 
Equil_Fabc 2436.22 
Year 
2023 3016.97 
2024 2921.51 
2025 2394.08 
2026 2069.62 
2027 2080.42 
2028 2190.77 
2029 2266.38 
2030 2300.05 
2031 2301.84 
2032 2287 
2033 2274.41 
2034 2258.66 
2035 2260.59 
2036 2273.28 

Alternative 6 Fishing Mortality
     EBS_Pollock_2022 
Equil_Fabc 0.45548 
Year 
2023 0.348483 
2024 0.611607 
2025 0.600659 
2026 0.511756 
2027 0.49951 
2028 0.51111 
2029 0.522164 
2030 0.526135 
2031 0.523786 
2032 0.521088 
2033 0.52091 
2034 0.518783 
2035 0.518885 
2036 0.517917 

Alternative 6 Biomass
     EBS_Pollock_2022 

Year 
2023 12123.1 
2024 11767.1 
2025 10713.6 
2026 10050.3 
2027 10143.3 
2028 10492.7 
2029 10741 
2030 10776.9 
2031 10735.4 
2032 10680.7 
2033 10636.5 
2034 10638 
2035 10652.4 
2036 10641.9 

Alternative 6 Implied SPR rate 
     EBS_Pollock_2022 
Equil_Fabc 0.4 
Year 
2023 0.448725 
2024 0.35 
2025 0.352963 
2026 0.380489 
2027 0.386492 
2028 0.383326 
2029 0.379709 
2030 0.378402 
2031 0.379229 
2032 0.380172 
2033 0.380312 
2034 0.380951 
2035 0.380913 
2036 0.381267 

  EBS_Pollock_2022 
EquilAvgAgeF0  3.1555 
EquilAvgAgeFabc  2.23611 
AvgAgeYr2036 34.6669 
Alternative 7 Catch
     EBS_Pollock_2022 
Equil_Fabc 1602.2 
Year 
2023 1350 
2024 1814.78 
2025 1995.45 
2026 2081.25 
2027 1542.37 
2028 1525.5 
2029 1631.09 
2030 1683.43 
2031 1678.42 
2032 1679.72 
2033 1677.06 
2034 1651.42 
2035 1654.76 
2036 1650.51 

Alternative 7 ABCs
     EBS_Pollock_2022 

Year 
2023 1687.83 
2024 1814.78 
2025 1995.45 
2026 1690.92 
2027 1229.59 
2028 1208.42 
2029 1291.3 
2030 1335.1 
2031 1330.94 
2032 1332.58 
2033 1330.29 
2034 1309.02 
2035 1312.67 
2036 1309.16 

Alternative 7 TACs
     EBS_Pollock_2022 

Year 
2023  NA 
2024 2300.67 
2025 2500.11 
2026 2081.25 
2027 1542.37 
2028 1525.5 
2029 1631.09 
2030 1683.43 
2031 1678.42 
2032 1679.72 
2033 1677.06 
2034 1651.42 
2035 1654.76 
2036 1650.51 

Alternative 7 Sp_Biomass
     EBS_Pollock_2022 
Equil_Fabc 2436.22 
Year 
2023 3016.97 
2024 2993.13 
2025 2626.58 
2026 2274.21 
2027 2137.32 
2028 2206.19 
2029 2268.47 
2030 2299.29 
2031 2301.37 
2032 2286.89 
2033 2274.41 
2034 2258.67 
2035 2260.6 
2036 2273.28 

Alternative 7 Fishing Mortality
     EBS_Pollock_2022 
Equil_Fabc 0.45548 
Year 
2023 0.348483 
2024 0.455479 
2025 0.45548 
2026 0.560217 
2027 0.511042 
2028 0.513762 
2029 0.522442 
2030 0.526015 
2031 0.523717 
2032 0.521073 
2033 0.52091 
2034 0.518785 
2035 0.518886 
2036 0.517917 

Alternative 7 Biomass
     EBS_Pollock_2022 

Year 
2023 12123.1 
2024 11767.1 
2025 11181.1 
2026 10711.9 
2027 10309.4 
2028 10535.2 
2029 10745.7 
2030 10774 
2031 10733.7 
2032 10680.3 
2033 10636.5 
2034 10638 
2035 10652.4 
2036 10641.9 

Alternative 7 Implied SPR rate 
     EBS_Pollock_2022 
Equil_Fabc 0.4 
Year 
2023 0.448725 
2024 0.4 
2025 0.4 
2026 0.364849 
2027 0.382219 
2028 0.382301 
2029 0.379592 
2030 0.378444 
2031 0.379255 
2032 0.380178 
2033 0.380313 
2034 0.380951 
2035 0.380913 
2036 0.381267 

  EBS_Pollock_2022 
EquilAvgAgeF0  3.1555 
EquilAvgAgeFabc  2.23611 
AvgAgeYr2036 34.8274 
