EBS_Pollock_2022 1 2023 Cabc 1602.2
EBS_Pollock_2022 1 2023 Cofl 1702.61
EBS_Pollock_2022 1 2023 CLCI 1350
EBS_Pollock_2022 1 2023 CUCI 1350
EBS_Pollock_2022 1 2023 CMedian 1350
EBS_Pollock_2022 1 2023 CMean 1350
EBS_Pollock_2022 1 2023 CStdn 1.31877e-11
EBS_Pollock_2022 1 2024 Cabc 1602.2
EBS_Pollock_2022 1 2024 Cofl 1702.61
EBS_Pollock_2022 1 2024 CLCI 1350
EBS_Pollock_2022 1 2024 CUCI 1350
EBS_Pollock_2022 1 2024 CMedian 1350
EBS_Pollock_2022 1 2024 CMean 1350
EBS_Pollock_2022 1 2024 CStdn 2.01572e-08
EBS_Pollock_2022 1 2025 Cabc 1602.2
EBS_Pollock_2022 1 2025 Cofl 1702.61
EBS_Pollock_2022 1 2025 CLCI 2138
EBS_Pollock_2022 1 2025 CUCI 2191.53
EBS_Pollock_2022 1 2025 CMedian 2151.81
EBS_Pollock_2022 1 2025 CMean 2156.89
EBS_Pollock_2022 1 2025 CStdn 18.4827
EBS_Pollock_2022 1 2026 Cabc 1602.2
EBS_Pollock_2022 1 2026 Cofl 1702.61
EBS_Pollock_2022 1 2026 CLCI 1616.61
EBS_Pollock_2022 1 2026 CUCI 2067.45
EBS_Pollock_2022 1 2026 CMedian 1782.07
EBS_Pollock_2022 1 2026 CMean 1810.86
EBS_Pollock_2022 1 2026 CStdn 148.024
EBS_Pollock_2022 1 2027 Cabc 1602.2
EBS_Pollock_2022 1 2027 Cofl 1702.61
EBS_Pollock_2022 1 2027 CLCI 1077.05
EBS_Pollock_2022 1 2027 CUCI 1856.61
EBS_Pollock_2022 1 2027 CMedian 1401.07
EBS_Pollock_2022 1 2027 CMean 1435.92
EBS_Pollock_2022 1 2027 CStdn 250.596
EBS_Pollock_2022 1 2028 Cabc 1602.2
EBS_Pollock_2022 1 2028 Cofl 1702.61
EBS_Pollock_2022 1 2028 CLCI 941.287
EBS_Pollock_2022 1 2028 CUCI 1979.4
EBS_Pollock_2022 1 2028 CMedian 1404.13
EBS_Pollock_2022 1 2028 CMean 1413.54
EBS_Pollock_2022 1 2028 CStdn 331.986
EBS_Pollock_2022 1 2029 Cabc 1602.2
EBS_Pollock_2022 1 2029 Cofl 1702.61
EBS_Pollock_2022 1 2029 CLCI 870.409
EBS_Pollock_2022 1 2029 CUCI 2313.79
EBS_Pollock_2022 1 2029 CMedian 1471.3
EBS_Pollock_2022 1 2029 CMean 1510.96
EBS_Pollock_2022 1 2029 CStdn 465.309
EBS_Pollock_2022 1 2030 Cabc 1602.2
EBS_Pollock_2022 1 2030 Cofl 1702.61
EBS_Pollock_2022 1 2030 CLCI 848.231
EBS_Pollock_2022 1 2030 CUCI 2433.39
EBS_Pollock_2022 1 2030 CMedian 1539.07
EBS_Pollock_2022 1 2030 CMean 1575.52
EBS_Pollock_2022 1 2030 CStdn 519.832
EBS_Pollock_2022 1 2031 Cabc 1602.2
EBS_Pollock_2022 1 2031 Cofl 1702.61
EBS_Pollock_2022 1 2031 CLCI 862.297
EBS_Pollock_2022 1 2031 CUCI 2459.78
EBS_Pollock_2022 1 2031 CMedian 1530.9
EBS_Pollock_2022 1 2031 CMean 1583.62
EBS_Pollock_2022 1 2031 CStdn 518.486
EBS_Pollock_2022 1 2032 Cabc 1602.2
EBS_Pollock_2022 1 2032 Cofl 1702.61
EBS_Pollock_2022 1 2032 CLCI 872.134
EBS_Pollock_2022 1 2032 CUCI 2490.27
EBS_Pollock_2022 1 2032 CMedian 1531.43
EBS_Pollock_2022 1 2032 CMean 1590.14
EBS_Pollock_2022 1 2032 CStdn 527.557
EBS_Pollock_2022 1 2033 Cabc 1602.2
EBS_Pollock_2022 1 2033 Cofl 1702.61
EBS_Pollock_2022 1 2033 CLCI 847.174
EBS_Pollock_2022 1 2033 CUCI 2553.53
EBS_Pollock_2022 1 2033 CMedian 1524.07
EBS_Pollock_2022 1 2033 CMean 1591.73
EBS_Pollock_2022 1 2033 CStdn 542.247
EBS_Pollock_2022 1 2034 Cabc 1602.2
EBS_Pollock_2022 1 2034 Cofl 1702.61
EBS_Pollock_2022 1 2034 CLCI 862.832
EBS_Pollock_2022 1 2034 CUCI 2526.98
EBS_Pollock_2022 1 2034 CMedian 1509.17
EBS_Pollock_2022 1 2034 CMean 1570.88
EBS_Pollock_2022 1 2034 CStdn 525.771
EBS_Pollock_2022 1 2035 Cabc 1602.2
EBS_Pollock_2022 1 2035 Cofl 1702.61
EBS_Pollock_2022 1 2035 CLCI 862.907
EBS_Pollock_2022 1 2035 CUCI 2527.67
EBS_Pollock_2022 1 2035 CMedian 1500.35
EBS_Pollock_2022 1 2035 CMean 1568.59
EBS_Pollock_2022 1 2035 CStdn 514.292
EBS_Pollock_2022 1 2036 Cabc 1602.2
EBS_Pollock_2022 1 2036 Cofl 1702.61
EBS_Pollock_2022 1 2036 CLCI 856.954
EBS_Pollock_2022 1 2036 CUCI 2459.86
EBS_Pollock_2022 1 2036 CMedian 1510.14
EBS_Pollock_2022 1 2036 CMean 1565.72
EBS_Pollock_2022 1 2036 CStdn 512.368
EBS_Pollock_2022 1 2023 SSBF100 6090.56
EBS_Pollock_2022 1 2023 SSBFabc 2436.22
EBS_Pollock_2022 1 2023 SSBFofl 2131.7
EBS_Pollock_2022 1 2023 SSBLCI 3016.97
EBS_Pollock_2022 1 2023 SSBUCI 3016.97
EBS_Pollock_2022 1 2023 SSBMedian 3016.97
EBS_Pollock_2022 1 2023 SSBMean 3016.97
EBS_Pollock_2022 1 2024 SSBF100 6090.56
EBS_Pollock_2022 1 2024 SSBFabc 2436.22
EBS_Pollock_2022 1 2024 SSBFofl 2131.7
EBS_Pollock_2022 1 2024 SSBLCI 3056.78
EBS_Pollock_2022 1 2024 SSBUCI 3056.78
EBS_Pollock_2022 1 2024 SSBMedian 3056.78
EBS_Pollock_2022 1 2024 SSBMean 3056.78
EBS_Pollock_2022 1 2025 SSBF100 6090.56
EBS_Pollock_2022 1 2025 SSBFabc 2436.22
EBS_Pollock_2022 1 2025 SSBFofl 2131.7
EBS_Pollock_2022 1 2025 SSBLCI 2779.52
EBS_Pollock_2022 1 2025 SSBUCI 2792.4
EBS_Pollock_2022 1 2025 SSBMedian 2782.84
EBS_Pollock_2022 1 2025 SSBMean 2784.06
EBS_Pollock_2022 1 2026 SSBF100 6090.56
EBS_Pollock_2022 1 2026 SSBFabc 2436.22
EBS_Pollock_2022 1 2026 SSBFofl 2131.7
EBS_Pollock_2022 1 2026 SSBLCI 2204.85
EBS_Pollock_2022 1 2026 SSBUCI 2811.77
EBS_Pollock_2022 1 2026 SSBMedian 2351.85
EBS_Pollock_2022 1 2026 SSBMean 2413.32
EBS_Pollock_2022 1 2027 SSBF100 6090.56
EBS_Pollock_2022 1 2027 SSBFabc 2436.22
EBS_Pollock_2022 1 2027 SSBFofl 2131.7
EBS_Pollock_2022 1 2027 SSBLCI 1801.74
EBS_Pollock_2022 1 2027 SSBUCI 3271.1
EBS_Pollock_2022 1 2027 SSBMedian 2214.11
EBS_Pollock_2022 1 2027 SSBMean 2334.36
EBS_Pollock_2022 1 2028 SSBF100 6090.56
EBS_Pollock_2022 1 2028 SSBFabc 2436.22
EBS_Pollock_2022 1 2028 SSBFofl 2131.7
EBS_Pollock_2022 1 2028 SSBLCI 1690.1
EBS_Pollock_2022 1 2028 SSBUCI 3606.3
EBS_Pollock_2022 1 2028 SSBMedian 2275.89
EBS_Pollock_2022 1 2028 SSBMean 2418.92
EBS_Pollock_2022 1 2029 SSBF100 6090.56
EBS_Pollock_2022 1 2029 SSBFabc 2436.22
EBS_Pollock_2022 1 2029 SSBFofl 2131.7
EBS_Pollock_2022 1 2029 SSBLCI 1667.11
EBS_Pollock_2022 1 2029 SSBUCI 3704.41
EBS_Pollock_2022 1 2029 SSBMedian 2364.69
EBS_Pollock_2022 1 2029 SSBMean 2500.37
EBS_Pollock_2022 1 2030 SSBF100 6090.56
EBS_Pollock_2022 1 2030 SSBFabc 2436.22
EBS_Pollock_2022 1 2030 SSBFofl 2131.7
EBS_Pollock_2022 1 2030 SSBLCI 1652.4
EBS_Pollock_2022 1 2030 SSBUCI 3822.79
EBS_Pollock_2022 1 2030 SSBMedian 2425
EBS_Pollock_2022 1 2030 SSBMean 2547.32
EBS_Pollock_2022 1 2031 SSBF100 6090.56
EBS_Pollock_2022 1 2031 SSBFabc 2436.22
EBS_Pollock_2022 1 2031 SSBFofl 2131.7
EBS_Pollock_2022 1 2031 SSBLCI 1666.78
EBS_Pollock_2022 1 2031 SSBUCI 3911.8
EBS_Pollock_2022 1 2031 SSBMedian 2399.48
EBS_Pollock_2022 1 2031 SSBMean 2558.05
EBS_Pollock_2022 1 2032 SSBF100 6090.56
EBS_Pollock_2022 1 2032 SSBFabc 2436.22
EBS_Pollock_2022 1 2032 SSBFofl 2131.7
EBS_Pollock_2022 1 2032 SSBLCI 1659.1
EBS_Pollock_2022 1 2032 SSBUCI 3922.63
EBS_Pollock_2022 1 2032 SSBMedian 2389.14
EBS_Pollock_2022 1 2032 SSBMean 2546.58
EBS_Pollock_2022 1 2033 SSBF100 6090.56
EBS_Pollock_2022 1 2033 SSBFabc 2436.22
EBS_Pollock_2022 1 2033 SSBFofl 2131.7
EBS_Pollock_2022 1 2033 SSBLCI 1622.88
EBS_Pollock_2022 1 2033 SSBUCI 3933.69
EBS_Pollock_2022 1 2033 SSBMedian 2384.85
EBS_Pollock_2022 1 2033 SSBMean 2534.59
EBS_Pollock_2022 1 2034 SSBF100 6090.56
EBS_Pollock_2022 1 2034 SSBFabc 2436.22
EBS_Pollock_2022 1 2034 SSBFofl 2131.7
EBS_Pollock_2022 1 2034 SSBLCI 1631.95
EBS_Pollock_2022 1 2034 SSBUCI 3879.51
EBS_Pollock_2022 1 2034 SSBMedian 2363.5
EBS_Pollock_2022 1 2034 SSBMean 2516.85
EBS_Pollock_2022 1 2035 SSBF100 6090.56
EBS_Pollock_2022 1 2035 SSBFabc 2436.22
EBS_Pollock_2022 1 2035 SSBFofl 2131.7
EBS_Pollock_2022 1 2035 SSBLCI 1626.99
EBS_Pollock_2022 1 2035 SSBUCI 3843.66
EBS_Pollock_2022 1 2035 SSBMedian 2351.78
EBS_Pollock_2022 1 2035 SSBMean 2516.04
EBS_Pollock_2022 1 2036 SSBF100 6090.56
EBS_Pollock_2022 1 2036 SSBFabc 2436.22
EBS_Pollock_2022 1 2036 SSBFofl 2131.7
EBS_Pollock_2022 1 2036 SSBLCI 1639.79
EBS_Pollock_2022 1 2036 SSBUCI 3866.37
EBS_Pollock_2022 1 2036 SSBMedian 2370.78
EBS_Pollock_2022 1 2036 SSBMean 2528.08
EBS_Pollock_2022 1 2023 F0 0 
EBS_Pollock_2022 1 2023 Fabc 0.45548
EBS_Pollock_2022 1 2023 Fofl 0.611608
EBS_Pollock_2022 1 2023  F_LCI 0.348483
EBS_Pollock_2022 1 2023  F_UCI 0.348483
EBS_Pollock_2022 1 2023  F_Median 0.348483
EBS_Pollock_2022 1 2023  F_Mean 0.348483
EBS_Pollock_2022 1 2024 F0 0 
EBS_Pollock_2022 1 2024 Fabc 0.45548
EBS_Pollock_2022 1 2024 Fofl 0.611608
EBS_Pollock_2022 1 2024  F_LCI 0.321655
EBS_Pollock_2022 1 2024  F_UCI 0.321662
EBS_Pollock_2022 1 2024  F_Median 0.32166
EBS_Pollock_2022 1 2024  F_Mean 0.32166
EBS_Pollock_2022 1 2025 F0 0 
EBS_Pollock_2022 1 2025 Fabc 0.45548
EBS_Pollock_2022 1 2025 Fofl 0.611608
EBS_Pollock_2022 1 2025  F_LCI 0.45548
EBS_Pollock_2022 1 2025  F_UCI 0.45548
EBS_Pollock_2022 1 2025  F_Median 0.45548
EBS_Pollock_2022 1 2025  F_Mean 0.45548
EBS_Pollock_2022 1 2026 F0 0 
EBS_Pollock_2022 1 2026 Fabc 0.45548
EBS_Pollock_2022 1 2026 Fofl 0.611608
EBS_Pollock_2022 1 2026  F_LCI 0.409896
EBS_Pollock_2022 1 2026  F_UCI 0.45548
EBS_Pollock_2022 1 2026  F_Median 0.438857
EBS_Pollock_2022 1 2026  F_Mean 0.437667
EBS_Pollock_2022 1 2027 F0 0 
EBS_Pollock_2022 1 2027 Fabc 0.45548
EBS_Pollock_2022 1 2027 Fofl 0.611608
EBS_Pollock_2022 1 2027  F_LCI 0.330548
EBS_Pollock_2022 1 2027  F_UCI 0.45548
EBS_Pollock_2022 1 2027  F_Median 0.411744
EBS_Pollock_2022 1 2027  F_Mean 0.407313
EBS_Pollock_2022 1 2028 F0 0 
EBS_Pollock_2022 1 2028 Fabc 0.45548
EBS_Pollock_2022 1 2028 Fofl 0.611608
EBS_Pollock_2022 1 2028  F_LCI 0.308584
EBS_Pollock_2022 1 2028  F_UCI 0.45548
EBS_Pollock_2022 1 2028  F_Median 0.42391
EBS_Pollock_2022 1 2028  F_Mean 0.40662
EBS_Pollock_2022 1 2029 F0 0 
EBS_Pollock_2022 1 2029 Fabc 0.45548
EBS_Pollock_2022 1 2029 Fofl 0.611608
EBS_Pollock_2022 1 2029  F_LCI 0.304076
EBS_Pollock_2022 1 2029  F_UCI 0.45548
EBS_Pollock_2022 1 2029  F_Median 0.441398
EBS_Pollock_2022 1 2029  F_Mean 0.411355
EBS_Pollock_2022 1 2030 F0 0 
EBS_Pollock_2022 1 2030 Fabc 0.45548
EBS_Pollock_2022 1 2030 Fofl 0.611608
EBS_Pollock_2022 1 2030  F_LCI 0.301183
EBS_Pollock_2022 1 2030  F_UCI 0.45548
EBS_Pollock_2022 1 2030  F_Median 0.453268
EBS_Pollock_2022 1 2030  F_Mean 0.413851
EBS_Pollock_2022 1 2031 F0 0 
EBS_Pollock_2022 1 2031 Fabc 0.45548
EBS_Pollock_2022 1 2031 Fofl 0.611608
EBS_Pollock_2022 1 2031  F_LCI 0.304003
EBS_Pollock_2022 1 2031  F_UCI 0.45548
EBS_Pollock_2022 1 2031  F_Median 0.448246
EBS_Pollock_2022 1 2031  F_Mean 0.413227
EBS_Pollock_2022 1 2032 F0 0 
EBS_Pollock_2022 1 2032 Fabc 0.45548
EBS_Pollock_2022 1 2032 Fofl 0.611608
EBS_Pollock_2022 1 2032  F_LCI 0.302428
EBS_Pollock_2022 1 2032  F_UCI 0.45548
EBS_Pollock_2022 1 2032  F_Median 0.446206
EBS_Pollock_2022 1 2032  F_Mean 0.411843
EBS_Pollock_2022 1 2033 F0 0 
EBS_Pollock_2022 1 2033 Fabc 0.45548
EBS_Pollock_2022 1 2033 Fofl 0.611608
EBS_Pollock_2022 1 2033  F_LCI 0.295357
EBS_Pollock_2022 1 2033  F_UCI 0.45548
EBS_Pollock_2022 1 2033  F_Median 0.445366
EBS_Pollock_2022 1 2033  F_Mean 0.412132
EBS_Pollock_2022 1 2034 F0 0 
EBS_Pollock_2022 1 2034 Fabc 0.45548
EBS_Pollock_2022 1 2034 Fofl 0.611608
EBS_Pollock_2022 1 2034  F_LCI 0.297131
EBS_Pollock_2022 1 2034  F_UCI 0.45548
EBS_Pollock_2022 1 2034  F_Median 0.441142
EBS_Pollock_2022 1 2034  F_Mean 0.411004
EBS_Pollock_2022 1 2035 F0 0 
EBS_Pollock_2022 1 2035 Fabc 0.45548
EBS_Pollock_2022 1 2035 Fofl 0.611608
EBS_Pollock_2022 1 2035  F_LCI 0.296165
EBS_Pollock_2022 1 2035  F_UCI 0.45548
EBS_Pollock_2022 1 2035  F_Median 0.438854
EBS_Pollock_2022 1 2035  F_Mean 0.410678
EBS_Pollock_2022 1 2036 F0 0 
EBS_Pollock_2022 1 2036 Fabc 0.45548
EBS_Pollock_2022 1 2036 Fofl 0.611608
EBS_Pollock_2022 1 2036  F_LCI 0.298685
EBS_Pollock_2022 1 2036  F_UCI 0.45548
EBS_Pollock_2022 1 2036  F_Median 0.442593
EBS_Pollock_2022 1 2036  F_Mean 0.410424
EBS_Pollock_2022 2 2023 Cabc 1602.2
EBS_Pollock_2022 2 2023 Cofl 1702.61
EBS_Pollock_2022 2 2023 CLCI 1350
EBS_Pollock_2022 2 2023 CUCI 1350
EBS_Pollock_2022 2 2023 CMedian 1350
EBS_Pollock_2022 2 2023 CMean 1350
EBS_Pollock_2022 2 2023 CStdn 1.31877e-11
EBS_Pollock_2022 2 2024 Cabc 1602.2
EBS_Pollock_2022 2 2024 Cofl 1702.61
EBS_Pollock_2022 2 2024 CLCI 1350
EBS_Pollock_2022 2 2024 CUCI 1350
EBS_Pollock_2022 2 2024 CMedian 1350
EBS_Pollock_2022 2 2024 CMean 1350
EBS_Pollock_2022 2 2024 CStdn 2.01572e-08
EBS_Pollock_2022 2 2025 Cabc 1602.2
EBS_Pollock_2022 2 2025 Cofl 1702.61
EBS_Pollock_2022 2 2025 CLCI 2138
EBS_Pollock_2022 2 2025 CUCI 2191.53
EBS_Pollock_2022 2 2025 CMedian 2151.81
EBS_Pollock_2022 2 2025 CMean 2156.89
EBS_Pollock_2022 2 2025 CStdn 18.4827
EBS_Pollock_2022 2 2026 Cabc 1602.2
EBS_Pollock_2022 2 2026 Cofl 1702.61
EBS_Pollock_2022 2 2026 CLCI 1616.61
EBS_Pollock_2022 2 2026 CUCI 2067.45
EBS_Pollock_2022 2 2026 CMedian 1782.07
EBS_Pollock_2022 2 2026 CMean 1810.86
EBS_Pollock_2022 2 2026 CStdn 148.024
EBS_Pollock_2022 2 2027 Cabc 1602.2
EBS_Pollock_2022 2 2027 Cofl 1702.61
EBS_Pollock_2022 2 2027 CLCI 1077.05
EBS_Pollock_2022 2 2027 CUCI 1856.61
EBS_Pollock_2022 2 2027 CMedian 1401.07
EBS_Pollock_2022 2 2027 CMean 1435.92
EBS_Pollock_2022 2 2027 CStdn 250.596
EBS_Pollock_2022 2 2028 Cabc 1602.2
EBS_Pollock_2022 2 2028 Cofl 1702.61
EBS_Pollock_2022 2 2028 CLCI 941.287
EBS_Pollock_2022 2 2028 CUCI 1979.4
EBS_Pollock_2022 2 2028 CMedian 1404.13
EBS_Pollock_2022 2 2028 CMean 1413.54
EBS_Pollock_2022 2 2028 CStdn 331.986
EBS_Pollock_2022 2 2029 Cabc 1602.2
EBS_Pollock_2022 2 2029 Cofl 1702.61
EBS_Pollock_2022 2 2029 CLCI 870.409
EBS_Pollock_2022 2 2029 CUCI 2313.79
EBS_Pollock_2022 2 2029 CMedian 1471.3
EBS_Pollock_2022 2 2029 CMean 1510.96
EBS_Pollock_2022 2 2029 CStdn 465.309
EBS_Pollock_2022 2 2030 Cabc 1602.2
EBS_Pollock_2022 2 2030 Cofl 1702.61
EBS_Pollock_2022 2 2030 CLCI 848.231
EBS_Pollock_2022 2 2030 CUCI 2433.39
EBS_Pollock_2022 2 2030 CMedian 1539.07
EBS_Pollock_2022 2 2030 CMean 1575.52
EBS_Pollock_2022 2 2030 CStdn 519.832
EBS_Pollock_2022 2 2031 Cabc 1602.2
EBS_Pollock_2022 2 2031 Cofl 1702.61
EBS_Pollock_2022 2 2031 CLCI 862.297
EBS_Pollock_2022 2 2031 CUCI 2459.78
EBS_Pollock_2022 2 2031 CMedian 1530.9
EBS_Pollock_2022 2 2031 CMean 1583.62
EBS_Pollock_2022 2 2031 CStdn 518.486
EBS_Pollock_2022 2 2032 Cabc 1602.2
EBS_Pollock_2022 2 2032 Cofl 1702.61
EBS_Pollock_2022 2 2032 CLCI 872.134
EBS_Pollock_2022 2 2032 CUCI 2490.27
EBS_Pollock_2022 2 2032 CMedian 1531.43
EBS_Pollock_2022 2 2032 CMean 1590.14
EBS_Pollock_2022 2 2032 CStdn 527.557
EBS_Pollock_2022 2 2033 Cabc 1602.2
EBS_Pollock_2022 2 2033 Cofl 1702.61
EBS_Pollock_2022 2 2033 CLCI 847.174
EBS_Pollock_2022 2 2033 CUCI 2553.53
EBS_Pollock_2022 2 2033 CMedian 1524.07
EBS_Pollock_2022 2 2033 CMean 1591.73
EBS_Pollock_2022 2 2033 CStdn 542.247
EBS_Pollock_2022 2 2034 Cabc 1602.2
EBS_Pollock_2022 2 2034 Cofl 1702.61
EBS_Pollock_2022 2 2034 CLCI 862.832
EBS_Pollock_2022 2 2034 CUCI 2526.98
EBS_Pollock_2022 2 2034 CMedian 1509.17
EBS_Pollock_2022 2 2034 CMean 1570.88
EBS_Pollock_2022 2 2034 CStdn 525.771
EBS_Pollock_2022 2 2035 Cabc 1602.2
EBS_Pollock_2022 2 2035 Cofl 1702.61
EBS_Pollock_2022 2 2035 CLCI 862.907
EBS_Pollock_2022 2 2035 CUCI 2527.67
EBS_Pollock_2022 2 2035 CMedian 1500.35
EBS_Pollock_2022 2 2035 CMean 1568.59
EBS_Pollock_2022 2 2035 CStdn 514.292
EBS_Pollock_2022 2 2036 Cabc 1602.2
EBS_Pollock_2022 2 2036 Cofl 1702.61
EBS_Pollock_2022 2 2036 CLCI 856.954
EBS_Pollock_2022 2 2036 CUCI 2459.86
EBS_Pollock_2022 2 2036 CMedian 1510.14
EBS_Pollock_2022 2 2036 CMean 1565.72
EBS_Pollock_2022 2 2036 CStdn 512.368
EBS_Pollock_2022 2 2023 SSBF100 6090.56
EBS_Pollock_2022 2 2023 SSBFabc 2436.22
EBS_Pollock_2022 2 2023 SSBFofl 2131.7
EBS_Pollock_2022 2 2023 SSBLCI 3016.97
EBS_Pollock_2022 2 2023 SSBUCI 3016.97
EBS_Pollock_2022 2 2023 SSBMedian 3016.97
EBS_Pollock_2022 2 2023 SSBMean 3016.97
EBS_Pollock_2022 2 2024 SSBF100 6090.56
EBS_Pollock_2022 2 2024 SSBFabc 2436.22
EBS_Pollock_2022 2 2024 SSBFofl 2131.7
EBS_Pollock_2022 2 2024 SSBLCI 3056.78
EBS_Pollock_2022 2 2024 SSBUCI 3056.78
EBS_Pollock_2022 2 2024 SSBMedian 3056.78
EBS_Pollock_2022 2 2024 SSBMean 3056.78
EBS_Pollock_2022 2 2025 SSBF100 6090.56
EBS_Pollock_2022 2 2025 SSBFabc 2436.22
EBS_Pollock_2022 2 2025 SSBFofl 2131.7
EBS_Pollock_2022 2 2025 SSBLCI 2779.52
EBS_Pollock_2022 2 2025 SSBUCI 2792.4
EBS_Pollock_2022 2 2025 SSBMedian 2782.84
EBS_Pollock_2022 2 2025 SSBMean 2784.06
EBS_Pollock_2022 2 2026 SSBF100 6090.56
EBS_Pollock_2022 2 2026 SSBFabc 2436.22
EBS_Pollock_2022 2 2026 SSBFofl 2131.7
EBS_Pollock_2022 2 2026 SSBLCI 2204.85
EBS_Pollock_2022 2 2026 SSBUCI 2811.77
EBS_Pollock_2022 2 2026 SSBMedian 2351.85
EBS_Pollock_2022 2 2026 SSBMean 2413.32
EBS_Pollock_2022 2 2027 SSBF100 6090.56
EBS_Pollock_2022 2 2027 SSBFabc 2436.22
EBS_Pollock_2022 2 2027 SSBFofl 2131.7
EBS_Pollock_2022 2 2027 SSBLCI 1801.74
EBS_Pollock_2022 2 2027 SSBUCI 3271.1
EBS_Pollock_2022 2 2027 SSBMedian 2214.11
EBS_Pollock_2022 2 2027 SSBMean 2334.36
EBS_Pollock_2022 2 2028 SSBF100 6090.56
EBS_Pollock_2022 2 2028 SSBFabc 2436.22
EBS_Pollock_2022 2 2028 SSBFofl 2131.7
EBS_Pollock_2022 2 2028 SSBLCI 1690.1
EBS_Pollock_2022 2 2028 SSBUCI 3606.3
EBS_Pollock_2022 2 2028 SSBMedian 2275.89
EBS_Pollock_2022 2 2028 SSBMean 2418.92
EBS_Pollock_2022 2 2029 SSBF100 6090.56
EBS_Pollock_2022 2 2029 SSBFabc 2436.22
EBS_Pollock_2022 2 2029 SSBFofl 2131.7
EBS_Pollock_2022 2 2029 SSBLCI 1667.11
EBS_Pollock_2022 2 2029 SSBUCI 3704.41
EBS_Pollock_2022 2 2029 SSBMedian 2364.69
EBS_Pollock_2022 2 2029 SSBMean 2500.37
EBS_Pollock_2022 2 2030 SSBF100 6090.56
EBS_Pollock_2022 2 2030 SSBFabc 2436.22
EBS_Pollock_2022 2 2030 SSBFofl 2131.7
EBS_Pollock_2022 2 2030 SSBLCI 1652.4
EBS_Pollock_2022 2 2030 SSBUCI 3822.79
EBS_Pollock_2022 2 2030 SSBMedian 2425
EBS_Pollock_2022 2 2030 SSBMean 2547.32
EBS_Pollock_2022 2 2031 SSBF100 6090.56
EBS_Pollock_2022 2 2031 SSBFabc 2436.22
EBS_Pollock_2022 2 2031 SSBFofl 2131.7
EBS_Pollock_2022 2 2031 SSBLCI 1666.78
EBS_Pollock_2022 2 2031 SSBUCI 3911.8
EBS_Pollock_2022 2 2031 SSBMedian 2399.48
EBS_Pollock_2022 2 2031 SSBMean 2558.05
EBS_Pollock_2022 2 2032 SSBF100 6090.56
EBS_Pollock_2022 2 2032 SSBFabc 2436.22
EBS_Pollock_2022 2 2032 SSBFofl 2131.7
EBS_Pollock_2022 2 2032 SSBLCI 1659.1
EBS_Pollock_2022 2 2032 SSBUCI 3922.63
EBS_Pollock_2022 2 2032 SSBMedian 2389.14
EBS_Pollock_2022 2 2032 SSBMean 2546.58
EBS_Pollock_2022 2 2033 SSBF100 6090.56
EBS_Pollock_2022 2 2033 SSBFabc 2436.22
EBS_Pollock_2022 2 2033 SSBFofl 2131.7
EBS_Pollock_2022 2 2033 SSBLCI 1622.88
EBS_Pollock_2022 2 2033 SSBUCI 3933.69
EBS_Pollock_2022 2 2033 SSBMedian 2384.85
EBS_Pollock_2022 2 2033 SSBMean 2534.59
EBS_Pollock_2022 2 2034 SSBF100 6090.56
EBS_Pollock_2022 2 2034 SSBFabc 2436.22
EBS_Pollock_2022 2 2034 SSBFofl 2131.7
EBS_Pollock_2022 2 2034 SSBLCI 1631.95
EBS_Pollock_2022 2 2034 SSBUCI 3879.51
EBS_Pollock_2022 2 2034 SSBMedian 2363.5
EBS_Pollock_2022 2 2034 SSBMean 2516.85
EBS_Pollock_2022 2 2035 SSBF100 6090.56
EBS_Pollock_2022 2 2035 SSBFabc 2436.22
EBS_Pollock_2022 2 2035 SSBFofl 2131.7
EBS_Pollock_2022 2 2035 SSBLCI 1626.99
EBS_Pollock_2022 2 2035 SSBUCI 3843.66
EBS_Pollock_2022 2 2035 SSBMedian 2351.78
EBS_Pollock_2022 2 2035 SSBMean 2516.04
EBS_Pollock_2022 2 2036 SSBF100 6090.56
EBS_Pollock_2022 2 2036 SSBFabc 2436.22
EBS_Pollock_2022 2 2036 SSBFofl 2131.7
EBS_Pollock_2022 2 2036 SSBLCI 1639.79
EBS_Pollock_2022 2 2036 SSBUCI 3866.37
EBS_Pollock_2022 2 2036 SSBMedian 2370.78
EBS_Pollock_2022 2 2036 SSBMean 2528.08
EBS_Pollock_2022 2 2023 F0 0 
EBS_Pollock_2022 2 2023 Fabc 0.45548
EBS_Pollock_2022 2 2023 Fofl 0.611608
EBS_Pollock_2022 2 2023  F_LCI 0.348483
EBS_Pollock_2022 2 2023  F_UCI 0.348483
EBS_Pollock_2022 2 2023  F_Median 0.348483
EBS_Pollock_2022 2 2023  F_Mean 0.348483
EBS_Pollock_2022 2 2024 F0 0 
EBS_Pollock_2022 2 2024 Fabc 0.45548
EBS_Pollock_2022 2 2024 Fofl 0.611608
EBS_Pollock_2022 2 2024  F_LCI 0.321655
EBS_Pollock_2022 2 2024  F_UCI 0.321662
EBS_Pollock_2022 2 2024  F_Median 0.32166
EBS_Pollock_2022 2 2024  F_Mean 0.32166
EBS_Pollock_2022 2 2025 F0 0 
EBS_Pollock_2022 2 2025 Fabc 0.45548
EBS_Pollock_2022 2 2025 Fofl 0.611608
EBS_Pollock_2022 2 2025  F_LCI 0.45548
EBS_Pollock_2022 2 2025  F_UCI 0.45548
EBS_Pollock_2022 2 2025  F_Median 0.45548
EBS_Pollock_2022 2 2025  F_Mean 0.45548
EBS_Pollock_2022 2 2026 F0 0 
EBS_Pollock_2022 2 2026 Fabc 0.45548
EBS_Pollock_2022 2 2026 Fofl 0.611608
EBS_Pollock_2022 2 2026  F_LCI 0.409896
EBS_Pollock_2022 2 2026  F_UCI 0.45548
EBS_Pollock_2022 2 2026  F_Median 0.438857
EBS_Pollock_2022 2 2026  F_Mean 0.437667
EBS_Pollock_2022 2 2027 F0 0 
EBS_Pollock_2022 2 2027 Fabc 0.45548
EBS_Pollock_2022 2 2027 Fofl 0.611608
EBS_Pollock_2022 2 2027  F_LCI 0.330548
EBS_Pollock_2022 2 2027  F_UCI 0.45548
EBS_Pollock_2022 2 2027  F_Median 0.411744
EBS_Pollock_2022 2 2027  F_Mean 0.407313
EBS_Pollock_2022 2 2028 F0 0 
EBS_Pollock_2022 2 2028 Fabc 0.45548
EBS_Pollock_2022 2 2028 Fofl 0.611608
EBS_Pollock_2022 2 2028  F_LCI 0.308584
EBS_Pollock_2022 2 2028  F_UCI 0.45548
EBS_Pollock_2022 2 2028  F_Median 0.42391
EBS_Pollock_2022 2 2028  F_Mean 0.40662
EBS_Pollock_2022 2 2029 F0 0 
EBS_Pollock_2022 2 2029 Fabc 0.45548
EBS_Pollock_2022 2 2029 Fofl 0.611608
EBS_Pollock_2022 2 2029  F_LCI 0.304076
EBS_Pollock_2022 2 2029  F_UCI 0.45548
EBS_Pollock_2022 2 2029  F_Median 0.441398
EBS_Pollock_2022 2 2029  F_Mean 0.411355
EBS_Pollock_2022 2 2030 F0 0 
EBS_Pollock_2022 2 2030 Fabc 0.45548
EBS_Pollock_2022 2 2030 Fofl 0.611608
EBS_Pollock_2022 2 2030  F_LCI 0.301183
EBS_Pollock_2022 2 2030  F_UCI 0.45548
EBS_Pollock_2022 2 2030  F_Median 0.453268
EBS_Pollock_2022 2 2030  F_Mean 0.413851
EBS_Pollock_2022 2 2031 F0 0 
EBS_Pollock_2022 2 2031 Fabc 0.45548
EBS_Pollock_2022 2 2031 Fofl 0.611608
EBS_Pollock_2022 2 2031  F_LCI 0.304003
EBS_Pollock_2022 2 2031  F_UCI 0.45548
EBS_Pollock_2022 2 2031  F_Median 0.448246
EBS_Pollock_2022 2 2031  F_Mean 0.413227
EBS_Pollock_2022 2 2032 F0 0 
EBS_Pollock_2022 2 2032 Fabc 0.45548
EBS_Pollock_2022 2 2032 Fofl 0.611608
EBS_Pollock_2022 2 2032  F_LCI 0.302428
EBS_Pollock_2022 2 2032  F_UCI 0.45548
EBS_Pollock_2022 2 2032  F_Median 0.446206
EBS_Pollock_2022 2 2032  F_Mean 0.411843
EBS_Pollock_2022 2 2033 F0 0 
EBS_Pollock_2022 2 2033 Fabc 0.45548
EBS_Pollock_2022 2 2033 Fofl 0.611608
EBS_Pollock_2022 2 2033  F_LCI 0.295357
EBS_Pollock_2022 2 2033  F_UCI 0.45548
EBS_Pollock_2022 2 2033  F_Median 0.445366
EBS_Pollock_2022 2 2033  F_Mean 0.412132
EBS_Pollock_2022 2 2034 F0 0 
EBS_Pollock_2022 2 2034 Fabc 0.45548
EBS_Pollock_2022 2 2034 Fofl 0.611608
EBS_Pollock_2022 2 2034  F_LCI 0.297131
EBS_Pollock_2022 2 2034  F_UCI 0.45548
EBS_Pollock_2022 2 2034  F_Median 0.441142
EBS_Pollock_2022 2 2034  F_Mean 0.411004
EBS_Pollock_2022 2 2035 F0 0 
EBS_Pollock_2022 2 2035 Fabc 0.45548
EBS_Pollock_2022 2 2035 Fofl 0.611608
EBS_Pollock_2022 2 2035  F_LCI 0.296165
EBS_Pollock_2022 2 2035  F_UCI 0.45548
EBS_Pollock_2022 2 2035  F_Median 0.438854
EBS_Pollock_2022 2 2035  F_Mean 0.410678
EBS_Pollock_2022 2 2036 F0 0 
EBS_Pollock_2022 2 2036 Fabc 0.45548
EBS_Pollock_2022 2 2036 Fofl 0.611608
EBS_Pollock_2022 2 2036  F_LCI 0.298685
EBS_Pollock_2022 2 2036  F_UCI 0.45548
EBS_Pollock_2022 2 2036  F_Median 0.442593
EBS_Pollock_2022 2 2036  F_Mean 0.410424
EBS_Pollock_2022 3 2023 Cabc 1602.2
EBS_Pollock_2022 3 2023 Cofl 1702.61
EBS_Pollock_2022 3 2023 CLCI 1350
EBS_Pollock_2022 3 2023 CUCI 1350
EBS_Pollock_2022 3 2023 CMedian 1350
EBS_Pollock_2022 3 2023 CMean 1350
EBS_Pollock_2022 3 2023 CStdn 1.31877e-11
EBS_Pollock_2022 3 2024 Cabc 1602.2
EBS_Pollock_2022 3 2024 Cofl 1702.61
EBS_Pollock_2022 3 2024 CLCI 1350
EBS_Pollock_2022 3 2024 CUCI 1350
EBS_Pollock_2022 3 2024 CMedian 1350
EBS_Pollock_2022 3 2024 CMean 1350
EBS_Pollock_2022 3 2024 CStdn 2.01572e-08
EBS_Pollock_2022 3 2025 Cabc 1602.2
EBS_Pollock_2022 3 2025 Cofl 1702.61
EBS_Pollock_2022 3 2025 CLCI 1482.7
EBS_Pollock_2022 3 2025 CUCI 1517.11
EBS_Pollock_2022 3 2025 CMedian 1491.58
EBS_Pollock_2022 3 2025 CMean 1494.84
EBS_Pollock_2022 3 2025 CStdn 11.8822
EBS_Pollock_2022 3 2026 Cabc 1602.2
EBS_Pollock_2022 3 2026 Cofl 1702.61
EBS_Pollock_2022 3 2026 CLCI 1409.46
EBS_Pollock_2022 3 2026 CUCI 1616.37
EBS_Pollock_2022 3 2026 CMedian 1465.24
EBS_Pollock_2022 3 2026 CMean 1484.49
EBS_Pollock_2022 3 2026 CStdn 69.9473
EBS_Pollock_2022 3 2027 Cabc 1602.2
EBS_Pollock_2022 3 2027 Cofl 1702.61
EBS_Pollock_2022 3 2027 CLCI 1183.15
EBS_Pollock_2022 3 2027 CUCI 1515.34
EBS_Pollock_2022 3 2027 CMedian 1289.84
EBS_Pollock_2022 3 2027 CMean 1313.19
EBS_Pollock_2022 3 2027 CStdn 108.123
EBS_Pollock_2022 3 2028 Cabc 1602.2
EBS_Pollock_2022 3 2028 Cofl 1702.61
EBS_Pollock_2022 3 2028 CLCI 1063.32
EBS_Pollock_2022 3 2028 CUCI 1624.49
EBS_Pollock_2022 3 2028 CMedian 1245.44
EBS_Pollock_2022 3 2028 CMean 1278.73
EBS_Pollock_2022 3 2028 CStdn 181.836
EBS_Pollock_2022 3 2029 Cabc 1602.2
EBS_Pollock_2022 3 2029 Cofl 1702.61
EBS_Pollock_2022 3 2029 CLCI 941.306
EBS_Pollock_2022 3 2029 CUCI 1927.04
EBS_Pollock_2022 3 2029 CMedian 1265.44
EBS_Pollock_2022 3 2029 CMean 1336.69
EBS_Pollock_2022 3 2029 CStdn 324.467
EBS_Pollock_2022 3 2030 Cabc 1602.2
EBS_Pollock_2022 3 2030 Cofl 1702.61
EBS_Pollock_2022 3 2030 CLCI 885.504
EBS_Pollock_2022 3 2030 CUCI 2064.14
EBS_Pollock_2022 3 2030 CMedian 1326.88
EBS_Pollock_2022 3 2030 CMean 1393.8
EBS_Pollock_2022 3 2030 CStdn 397.447
EBS_Pollock_2022 3 2031 Cabc 1602.2
EBS_Pollock_2022 3 2031 Cofl 1702.61
EBS_Pollock_2022 3 2031 CLCI 883.597
EBS_Pollock_2022 3 2031 CUCI 2102.83
EBS_Pollock_2022 3 2031 CMedian 1359.72
EBS_Pollock_2022 3 2031 CMean 1413.34
EBS_Pollock_2022 3 2031 CStdn 405.137
EBS_Pollock_2022 3 2032 Cabc 1602.2
EBS_Pollock_2022 3 2032 Cofl 1702.61
EBS_Pollock_2022 3 2032 CLCI 883.773
EBS_Pollock_2022 3 2032 CUCI 2175.16
EBS_Pollock_2022 3 2032 CMedian 1363.86
EBS_Pollock_2022 3 2032 CMean 1428.19
EBS_Pollock_2022 3 2032 CStdn 408.261
EBS_Pollock_2022 3 2033 Cabc 1602.2
EBS_Pollock_2022 3 2033 Cofl 1702.61
EBS_Pollock_2022 3 2033 CLCI 892.825
EBS_Pollock_2022 3 2033 CUCI 2202.57
EBS_Pollock_2022 3 2033 CMedian 1364.56
EBS_Pollock_2022 3 2033 CMean 1433.6
EBS_Pollock_2022 3 2033 CStdn 425.085
EBS_Pollock_2022 3 2034 Cabc 1602.2
EBS_Pollock_2022 3 2034 Cofl 1702.61
EBS_Pollock_2022 3 2034 CLCI 886.523
EBS_Pollock_2022 3 2034 CUCI 2176.96
EBS_Pollock_2022 3 2034 CMedian 1344.42
EBS_Pollock_2022 3 2034 CMean 1422.3
EBS_Pollock_2022 3 2034 CStdn 416.529
EBS_Pollock_2022 3 2035 Cabc 1602.2
EBS_Pollock_2022 3 2035 Cofl 1702.61
EBS_Pollock_2022 3 2035 CLCI 890.501
EBS_Pollock_2022 3 2035 CUCI 2193.87
EBS_Pollock_2022 3 2035 CMedian 1343.83
EBS_Pollock_2022 3 2035 CMean 1418.28
EBS_Pollock_2022 3 2035 CStdn 402.948
EBS_Pollock_2022 3 2036 Cabc 1602.2
EBS_Pollock_2022 3 2036 Cofl 1702.61
EBS_Pollock_2022 3 2036 CLCI 871.206
EBS_Pollock_2022 3 2036 CUCI 2165.64
EBS_Pollock_2022 3 2036 CMedian 1333.71
EBS_Pollock_2022 3 2036 CMean 1415.13
EBS_Pollock_2022 3 2036 CStdn 396.779
EBS_Pollock_2022 3 2023 SSBF100 6090.56
EBS_Pollock_2022 3 2023 SSBFabc 2436.22
EBS_Pollock_2022 3 2023 SSBFofl 2131.7
EBS_Pollock_2022 3 2023 SSBLCI 3016.97
EBS_Pollock_2022 3 2023 SSBUCI 3016.97
EBS_Pollock_2022 3 2023 SSBMedian 3016.97
EBS_Pollock_2022 3 2023 SSBMean 3016.97
EBS_Pollock_2022 3 2024 SSBF100 6090.56
EBS_Pollock_2022 3 2024 SSBFabc 2436.22
EBS_Pollock_2022 3 2024 SSBFofl 2131.7
EBS_Pollock_2022 3 2024 SSBLCI 3056.78
EBS_Pollock_2022 3 2024 SSBUCI 3056.78
EBS_Pollock_2022 3 2024 SSBMedian 3056.78
EBS_Pollock_2022 3 2024 SSBMean 3056.78
EBS_Pollock_2022 3 2025 SSBF100 6090.56
EBS_Pollock_2022 3 2025 SSBFabc 2436.22
EBS_Pollock_2022 3 2025 SSBFofl 2131.7
EBS_Pollock_2022 3 2025 SSBLCI 2877.11
EBS_Pollock_2022 3 2025 SSBUCI 2890.01
EBS_Pollock_2022 3 2025 SSBMedian 2880.44
EBS_Pollock_2022 3 2025 SSBMean 2881.66
EBS_Pollock_2022 3 2026 SSBF100 6090.56
EBS_Pollock_2022 3 2026 SSBFabc 2436.22
EBS_Pollock_2022 3 2026 SSBFofl 2131.7
EBS_Pollock_2022 3 2026 SSBLCI 2499.92
EBS_Pollock_2022 3 2026 SSBUCI 3138.28
EBS_Pollock_2022 3 2026 SSBMedian 2663.53
EBS_Pollock_2022 3 2026 SSBMean 2725.24
EBS_Pollock_2022 3 2027 SSBF100 6090.56
EBS_Pollock_2022 3 2027 SSBFabc 2436.22
EBS_Pollock_2022 3 2027 SSBFofl 2131.7
EBS_Pollock_2022 3 2027 SSBLCI 2097.32
EBS_Pollock_2022 3 2027 SSBUCI 3721.78
EBS_Pollock_2022 3 2027 SSBMedian 2575.07
EBS_Pollock_2022 3 2027 SSBMean 2701.43
EBS_Pollock_2022 3 2028 SSBF100 6090.56
EBS_Pollock_2022 3 2028 SSBFabc 2436.22
EBS_Pollock_2022 3 2028 SSBFofl 2131.7
EBS_Pollock_2022 3 2028 SSBLCI 1893.98
EBS_Pollock_2022 3 2028 SSBUCI 4142.34
EBS_Pollock_2022 3 2028 SSBMedian 2629.79
EBS_Pollock_2022 3 2028 SSBMean 2783.32
EBS_Pollock_2022 3 2029 SSBF100 6090.56
EBS_Pollock_2022 3 2029 SSBFabc 2436.22
EBS_Pollock_2022 3 2029 SSBFofl 2131.7
EBS_Pollock_2022 3 2029 SSBLCI 1812.54
EBS_Pollock_2022 3 2029 SSBUCI 4277.76
EBS_Pollock_2022 3 2029 SSBMedian 2733.73
EBS_Pollock_2022 3 2029 SSBMean 2873.95
EBS_Pollock_2022 3 2030 SSBF100 6090.56
EBS_Pollock_2022 3 2030 SSBFabc 2436.22
EBS_Pollock_2022 3 2030 SSBFofl 2131.7
EBS_Pollock_2022 3 2030 SSBLCI 1794.48
EBS_Pollock_2022 3 2030 SSBUCI 4380.63
EBS_Pollock_2022 3 2030 SSBMedian 2845.35
EBS_Pollock_2022 3 2030 SSBMean 2937.87
EBS_Pollock_2022 3 2031 SSBF100 6090.56
EBS_Pollock_2022 3 2031 SSBFabc 2436.22
EBS_Pollock_2022 3 2031 SSBFofl 2131.7
EBS_Pollock_2022 3 2031 SSBLCI 1789.28
EBS_Pollock_2022 3 2031 SSBUCI 4582.9
EBS_Pollock_2022 3 2031 SSBMedian 2841.45
EBS_Pollock_2022 3 2031 SSBMean 2963.61
EBS_Pollock_2022 3 2032 SSBF100 6090.56
EBS_Pollock_2022 3 2032 SSBFabc 2436.22
EBS_Pollock_2022 3 2032 SSBFofl 2131.7
EBS_Pollock_2022 3 2032 SSBLCI 1792.1
EBS_Pollock_2022 3 2032 SSBUCI 4591.4
EBS_Pollock_2022 3 2032 SSBMedian 2812.18
EBS_Pollock_2022 3 2032 SSBMean 2960.76
EBS_Pollock_2022 3 2033 SSBF100 6090.56
EBS_Pollock_2022 3 2033 SSBFabc 2436.22
EBS_Pollock_2022 3 2033 SSBFofl 2131.7
EBS_Pollock_2022 3 2033 SSBLCI 1766.22
EBS_Pollock_2022 3 2033 SSBUCI 4547.79
EBS_Pollock_2022 3 2033 SSBMedian 2797.25
EBS_Pollock_2022 3 2033 SSBMean 2953.23
EBS_Pollock_2022 3 2034 SSBF100 6090.56
EBS_Pollock_2022 3 2034 SSBFabc 2436.22
EBS_Pollock_2022 3 2034 SSBFofl 2131.7
EBS_Pollock_2022 3 2034 SSBLCI 1810.94
EBS_Pollock_2022 3 2034 SSBUCI 4540.11
EBS_Pollock_2022 3 2034 SSBMedian 2786.48
EBS_Pollock_2022 3 2034 SSBMean 2936.15
EBS_Pollock_2022 3 2035 SSBF100 6090.56
EBS_Pollock_2022 3 2035 SSBFabc 2436.22
EBS_Pollock_2022 3 2035 SSBFofl 2131.7
EBS_Pollock_2022 3 2035 SSBLCI 1795.15
EBS_Pollock_2022 3 2035 SSBUCI 4432.69
EBS_Pollock_2022 3 2035 SSBMedian 2778.03
EBS_Pollock_2022 3 2035 SSBMean 2932.24
EBS_Pollock_2022 3 2036 SSBF100 6090.56
EBS_Pollock_2022 3 2036 SSBFabc 2436.22
EBS_Pollock_2022 3 2036 SSBFofl 2131.7
EBS_Pollock_2022 3 2036 SSBLCI 1807.77
EBS_Pollock_2022 3 2036 SSBUCI 4497.32
EBS_Pollock_2022 3 2036 SSBMedian 2796.1
EBS_Pollock_2022 3 2036 SSBMean 2942.74
EBS_Pollock_2022 3 2023 F0 0 
EBS_Pollock_2022 3 2023 Fabc 0.45548
EBS_Pollock_2022 3 2023 Fofl 0.611608
EBS_Pollock_2022 3 2023  F_LCI 0.348483
EBS_Pollock_2022 3 2023  F_UCI 0.348483
EBS_Pollock_2022 3 2023  F_Median 0.348483
EBS_Pollock_2022 3 2023  F_Mean 0.348483
EBS_Pollock_2022 3 2024 F0 0 
EBS_Pollock_2022 3 2024 Fabc 0.45548
EBS_Pollock_2022 3 2024 Fofl 0.611608
EBS_Pollock_2022 3 2024  F_LCI 0.321655
EBS_Pollock_2022 3 2024  F_UCI 0.321662
EBS_Pollock_2022 3 2024  F_Median 0.32166
EBS_Pollock_2022 3 2024  F_Mean 0.32166
EBS_Pollock_2022 3 2025 F0 0 
EBS_Pollock_2022 3 2025 Fabc 0.45548
EBS_Pollock_2022 3 2025 Fofl 0.611608
EBS_Pollock_2022 3 2025  F_LCI 0.291916
EBS_Pollock_2022 3 2025  F_UCI 0.291916
EBS_Pollock_2022 3 2025  F_Median 0.291916
EBS_Pollock_2022 3 2025  F_Mean 0.291916
EBS_Pollock_2022 3 2026 F0 0 
EBS_Pollock_2022 3 2026 Fabc 0.45548
EBS_Pollock_2022 3 2026 Fofl 0.611608
EBS_Pollock_2022 3 2026  F_LCI 0.291916
EBS_Pollock_2022 3 2026  F_UCI 0.291916
EBS_Pollock_2022 3 2026  F_Median 0.291916
EBS_Pollock_2022 3 2026  F_Mean 0.291916
EBS_Pollock_2022 3 2027 F0 0 
EBS_Pollock_2022 3 2027 Fabc 0.45548
EBS_Pollock_2022 3 2027 Fofl 0.611608
EBS_Pollock_2022 3 2027  F_LCI 0.291916
EBS_Pollock_2022 3 2027  F_UCI 0.291916
EBS_Pollock_2022 3 2027  F_Median 0.291916
EBS_Pollock_2022 3 2027  F_Mean 0.291916
EBS_Pollock_2022 3 2028 F0 0 
EBS_Pollock_2022 3 2028 Fabc 0.45548
EBS_Pollock_2022 3 2028 Fofl 0.611608
EBS_Pollock_2022 3 2028  F_LCI 0.291916
EBS_Pollock_2022 3 2028  F_UCI 0.291916
EBS_Pollock_2022 3 2028  F_Median 0.291916
EBS_Pollock_2022 3 2028  F_Mean 0.291916
EBS_Pollock_2022 3 2029 F0 0 
EBS_Pollock_2022 3 2029 Fabc 0.45548
EBS_Pollock_2022 3 2029 Fofl 0.611608
EBS_Pollock_2022 3 2029  F_LCI 0.291916
EBS_Pollock_2022 3 2029  F_UCI 0.291916
EBS_Pollock_2022 3 2029  F_Median 0.291916
EBS_Pollock_2022 3 2029  F_Mean 0.291916
EBS_Pollock_2022 3 2030 F0 0 
EBS_Pollock_2022 3 2030 Fabc 0.45548
EBS_Pollock_2022 3 2030 Fofl 0.611608
EBS_Pollock_2022 3 2030  F_LCI 0.291916
EBS_Pollock_2022 3 2030  F_UCI 0.291916
EBS_Pollock_2022 3 2030  F_Median 0.291916
EBS_Pollock_2022 3 2030  F_Mean 0.291916
EBS_Pollock_2022 3 2031 F0 0 
EBS_Pollock_2022 3 2031 Fabc 0.45548
EBS_Pollock_2022 3 2031 Fofl 0.611608
EBS_Pollock_2022 3 2031  F_LCI 0.291916
EBS_Pollock_2022 3 2031  F_UCI 0.291916
EBS_Pollock_2022 3 2031  F_Median 0.291916
EBS_Pollock_2022 3 2031  F_Mean 0.291916
EBS_Pollock_2022 3 2032 F0 0 
EBS_Pollock_2022 3 2032 Fabc 0.45548
EBS_Pollock_2022 3 2032 Fofl 0.611608
EBS_Pollock_2022 3 2032  F_LCI 0.291916
EBS_Pollock_2022 3 2032  F_UCI 0.291916
EBS_Pollock_2022 3 2032  F_Median 0.291916
EBS_Pollock_2022 3 2032  F_Mean 0.291916
EBS_Pollock_2022 3 2033 F0 0 
EBS_Pollock_2022 3 2033 Fabc 0.45548
EBS_Pollock_2022 3 2033 Fofl 0.611608
EBS_Pollock_2022 3 2033  F_LCI 0.291916
EBS_Pollock_2022 3 2033  F_UCI 0.291916
EBS_Pollock_2022 3 2033  F_Median 0.291916
EBS_Pollock_2022 3 2033  F_Mean 0.291916
EBS_Pollock_2022 3 2034 F0 0 
EBS_Pollock_2022 3 2034 Fabc 0.45548
EBS_Pollock_2022 3 2034 Fofl 0.611608
EBS_Pollock_2022 3 2034  F_LCI 0.291916
EBS_Pollock_2022 3 2034  F_UCI 0.291916
EBS_Pollock_2022 3 2034  F_Median 0.291916
EBS_Pollock_2022 3 2034  F_Mean 0.291916
EBS_Pollock_2022 3 2035 F0 0 
EBS_Pollock_2022 3 2035 Fabc 0.45548
EBS_Pollock_2022 3 2035 Fofl 0.611608
EBS_Pollock_2022 3 2035  F_LCI 0.291916
EBS_Pollock_2022 3 2035  F_UCI 0.291916
EBS_Pollock_2022 3 2035  F_Median 0.291916
EBS_Pollock_2022 3 2035  F_Mean 0.291916
EBS_Pollock_2022 3 2036 F0 0 
EBS_Pollock_2022 3 2036 Fabc 0.45548
EBS_Pollock_2022 3 2036 Fofl 0.611608
EBS_Pollock_2022 3 2036  F_LCI 0.291916
EBS_Pollock_2022 3 2036  F_UCI 0.291916
EBS_Pollock_2022 3 2036  F_Median 0.291916
EBS_Pollock_2022 3 2036  F_Mean 0.291916
EBS_Pollock_2022 4 2023 Cabc 1602.2
EBS_Pollock_2022 4 2023 Cofl 1702.61
EBS_Pollock_2022 4 2023 CLCI 1350
EBS_Pollock_2022 4 2023 CUCI 1350
EBS_Pollock_2022 4 2023 CMedian 1350
EBS_Pollock_2022 4 2023 CMean 1350
EBS_Pollock_2022 4 2023 CStdn 1.31877e-11
EBS_Pollock_2022 4 2024 Cabc 1602.2
EBS_Pollock_2022 4 2024 Cofl 1702.61
EBS_Pollock_2022 4 2024 CLCI 1350
EBS_Pollock_2022 4 2024 CUCI 1350
EBS_Pollock_2022 4 2024 CMedian 1350
EBS_Pollock_2022 4 2024 CMean 1350
EBS_Pollock_2022 4 2024 CStdn 2.01572e-08
EBS_Pollock_2022 4 2025 Cabc 1602.2
EBS_Pollock_2022 4 2025 Cofl 1702.61
EBS_Pollock_2022 4 2025 CLCI 888.424
EBS_Pollock_2022 4 2025 CUCI 907.796
EBS_Pollock_2022 4 2025 CMedian 893.421
EBS_Pollock_2022 4 2025 CMean 895.257
EBS_Pollock_2022 4 2025 CStdn 6.6891
EBS_Pollock_2022 4 2026 Cabc 1602.2
EBS_Pollock_2022 4 2026 Cofl 1702.61
EBS_Pollock_2022 4 2026 CLCI 958.976
EBS_Pollock_2022 4 2026 CUCI 1076.93
EBS_Pollock_2022 4 2026 CMedian 990.611
EBS_Pollock_2022 4 2026 CMean 1001.69
EBS_Pollock_2022 4 2026 CStdn 39.8921
EBS_Pollock_2022 4 2027 Cabc 1602.2
EBS_Pollock_2022 4 2027 Cofl 1702.61
EBS_Pollock_2022 4 2027 CLCI 880.094
EBS_Pollock_2022 4 2027 CUCI 1070.23
EBS_Pollock_2022 4 2027 CMedian 941.732
EBS_Pollock_2022 4 2027 CMean 955.242
EBS_Pollock_2022 4 2027 CStdn 62.4666
EBS_Pollock_2022 4 2028 Cabc 1602.2
EBS_Pollock_2022 4 2028 Cofl 1702.61
EBS_Pollock_2022 4 2028 CLCI 832.103
EBS_Pollock_2022 4 2028 CUCI 1169.11
EBS_Pollock_2022 4 2028 CMedian 941.037
EBS_Pollock_2022 4 2028 CMean 960.783
EBS_Pollock_2022 4 2028 CStdn 108.906
EBS_Pollock_2022 4 2029 Cabc 1602.2
EBS_Pollock_2022 4 2029 Cofl 1702.61
EBS_Pollock_2022 4 2029 CLCI 758.854
EBS_Pollock_2022 4 2029 CUCI 1409.64
EBS_Pollock_2022 4 2029 CMedian 967.03
EBS_Pollock_2022 4 2029 CMean 1014.97
EBS_Pollock_2022 4 2029 CStdn 210.753
EBS_Pollock_2022 4 2030 Cabc 1602.2
EBS_Pollock_2022 4 2030 Cofl 1702.61
EBS_Pollock_2022 4 2030 CLCI 726.823
EBS_Pollock_2022 4 2030 CUCI 1545.88
EBS_Pollock_2022 4 2030 CMedian 1014.48
EBS_Pollock_2022 4 2030 CMean 1069.42
EBS_Pollock_2022 4 2030 CStdn 278.311
EBS_Pollock_2022 4 2031 Cabc 1602.2
EBS_Pollock_2022 4 2031 Cofl 1702.61
EBS_Pollock_2022 4 2031 CLCI 718.893
EBS_Pollock_2022 4 2031 CUCI 1580.54
EBS_Pollock_2022 4 2031 CMedian 1049.85
EBS_Pollock_2022 4 2031 CMean 1095.61
EBS_Pollock_2022 4 2031 CStdn 294.494
EBS_Pollock_2022 4 2032 Cabc 1602.2
EBS_Pollock_2022 4 2032 Cofl 1702.61
EBS_Pollock_2022 4 2032 CLCI 725.871
EBS_Pollock_2022 4 2032 CUCI 1647.99
EBS_Pollock_2022 4 2032 CMedian 1071.63
EBS_Pollock_2022 4 2032 CMean 1115.87
EBS_Pollock_2022 4 2032 CStdn 298.203
EBS_Pollock_2022 4 2033 Cabc 1602.2
EBS_Pollock_2022 4 2033 Cofl 1702.61
EBS_Pollock_2022 4 2033 CLCI 724.337
EBS_Pollock_2022 4 2033 CUCI 1674.18
EBS_Pollock_2022 4 2033 CMedian 1080.1
EBS_Pollock_2022 4 2033 CMean 1128.04
EBS_Pollock_2022 4 2033 CStdn 311.15
EBS_Pollock_2022 4 2034 Cabc 1602.2
EBS_Pollock_2022 4 2034 Cofl 1702.61
EBS_Pollock_2022 4 2034 CLCI 724.054
EBS_Pollock_2022 4 2034 CUCI 1668.33
EBS_Pollock_2022 4 2034 CMedian 1076.37
EBS_Pollock_2022 4 2034 CMean 1126.32
EBS_Pollock_2022 4 2034 CStdn 310.17
EBS_Pollock_2022 4 2035 Cabc 1602.2
EBS_Pollock_2022 4 2035 Cofl 1702.61
EBS_Pollock_2022 4 2035 CLCI 725.628
EBS_Pollock_2022 4 2035 CUCI 1686.23
EBS_Pollock_2022 4 2035 CMedian 1076.42
EBS_Pollock_2022 4 2035 CMean 1124.37
EBS_Pollock_2022 4 2035 CStdn 300.173
EBS_Pollock_2022 4 2036 Cabc 1602.2
EBS_Pollock_2022 4 2036 Cofl 1702.61
EBS_Pollock_2022 4 2036 CLCI 713.196
EBS_Pollock_2022 4 2036 CUCI 1679.43
EBS_Pollock_2022 4 2036 CMedian 1069.96
EBS_Pollock_2022 4 2036 CMean 1123.29
EBS_Pollock_2022 4 2036 CStdn 293.831
EBS_Pollock_2022 4 2023 SSBF100 6090.56
EBS_Pollock_2022 4 2023 SSBFabc 2436.22
EBS_Pollock_2022 4 2023 SSBFofl 2131.7
EBS_Pollock_2022 4 2023 SSBLCI 3016.97
EBS_Pollock_2022 4 2023 SSBUCI 3016.97
EBS_Pollock_2022 4 2023 SSBMedian 3016.97
EBS_Pollock_2022 4 2023 SSBMean 3016.97
EBS_Pollock_2022 4 2024 SSBF100 6090.56
EBS_Pollock_2022 4 2024 SSBFabc 2436.22
EBS_Pollock_2022 4 2024 SSBFofl 2131.7
EBS_Pollock_2022 4 2024 SSBLCI 3056.78
EBS_Pollock_2022 4 2024 SSBUCI 3056.78
EBS_Pollock_2022 4 2024 SSBMedian 3056.78
EBS_Pollock_2022 4 2024 SSBMean 3056.78
EBS_Pollock_2022 4 2025 SSBF100 6090.56
EBS_Pollock_2022 4 2025 SSBFabc 2436.22
EBS_Pollock_2022 4 2025 SSBFofl 2131.7
EBS_Pollock_2022 4 2025 SSBLCI 2956.88
EBS_Pollock_2022 4 2025 SSBUCI 2969.8
EBS_Pollock_2022 4 2025 SSBMedian 2960.21
EBS_Pollock_2022 4 2025 SSBMean 2961.44
EBS_Pollock_2022 4 2026 SSBF100 6090.56
EBS_Pollock_2022 4 2026 SSBFabc 2436.22
EBS_Pollock_2022 4 2026 SSBFofl 2131.7
EBS_Pollock_2022 4 2026 SSBLCI 2804.6
EBS_Pollock_2022 4 2026 SSBUCI 3449.84
EBS_Pollock_2022 4 2026 SSBMedian 2969.98
EBS_Pollock_2022 4 2026 SSBMean 3032.31
EBS_Pollock_2022 4 2027 SSBF100 6090.56
EBS_Pollock_2022 4 2027 SSBFabc 2436.22
EBS_Pollock_2022 4 2027 SSBFofl 2131.7
EBS_Pollock_2022 4 2027 SSBLCI 2525.39
EBS_Pollock_2022 4 2027 SSBUCI 4196.47
EBS_Pollock_2022 4 2027 SSBMedian 3016.46
EBS_Pollock_2022 4 2027 SSBMean 3144.91
EBS_Pollock_2022 4 2028 SSBF100 6090.56
EBS_Pollock_2022 4 2028 SSBFabc 2436.22
EBS_Pollock_2022 4 2028 SSBFofl 2131.7
EBS_Pollock_2022 4 2028 SSBLCI 2370.63
EBS_Pollock_2022 4 2028 SSBUCI 4733.63
EBS_Pollock_2022 4 2028 SSBMedian 3138.27
EBS_Pollock_2022 4 2028 SSBMean 3302.1
EBS_Pollock_2022 4 2029 SSBF100 6090.56
EBS_Pollock_2022 4 2029 SSBFabc 2436.22
EBS_Pollock_2022 4 2029 SSBFofl 2131.7
EBS_Pollock_2022 4 2029 SSBLCI 2322.24
EBS_Pollock_2022 4 2029 SSBUCI 5003.49
EBS_Pollock_2022 4 2029 SSBMedian 3289.77
EBS_Pollock_2022 4 2029 SSBMean 3449.13
EBS_Pollock_2022 4 2030 SSBF100 6090.56
EBS_Pollock_2022 4 2030 SSBFabc 2436.22
EBS_Pollock_2022 4 2030 SSBFofl 2131.7
EBS_Pollock_2022 4 2030 SSBLCI 2286.51
EBS_Pollock_2022 4 2030 SSBUCI 5130.1
EBS_Pollock_2022 4 2030 SSBMedian 3443.37
EBS_Pollock_2022 4 2030 SSBMean 3553.29
EBS_Pollock_2022 4 2031 SSBF100 6090.56
EBS_Pollock_2022 4 2031 SSBFabc 2436.22
EBS_Pollock_2022 4 2031 SSBFofl 2131.7
EBS_Pollock_2022 4 2031 SSBLCI 2302.74
EBS_Pollock_2022 4 2031 SSBUCI 5313.77
EBS_Pollock_2022 4 2031 SSBMedian 3492.44
EBS_Pollock_2022 4 2031 SSBMean 3611.97
EBS_Pollock_2022 4 2032 SSBF100 6090.56
EBS_Pollock_2022 4 2032 SSBFabc 2436.22
EBS_Pollock_2022 4 2032 SSBFofl 2131.7
EBS_Pollock_2022 4 2032 SSBLCI 2337.57
EBS_Pollock_2022 4 2032 SSBUCI 5448.19
EBS_Pollock_2022 4 2032 SSBMedian 3481.27
EBS_Pollock_2022 4 2032 SSBMean 3634.83
EBS_Pollock_2022 4 2033 SSBF100 6090.56
EBS_Pollock_2022 4 2033 SSBFabc 2436.22
EBS_Pollock_2022 4 2033 SSBFofl 2131.7
EBS_Pollock_2022 4 2033 SSBLCI 2311.91
EBS_Pollock_2022 4 2033 SSBUCI 5419.51
EBS_Pollock_2022 4 2033 SSBMedian 3490.81
EBS_Pollock_2022 4 2033 SSBMean 3646.23
EBS_Pollock_2022 4 2034 SSBF100 6090.56
EBS_Pollock_2022 4 2034 SSBFabc 2436.22
EBS_Pollock_2022 4 2034 SSBFofl 2131.7
EBS_Pollock_2022 4 2034 SSBLCI 2345.42
EBS_Pollock_2022 4 2034 SSBUCI 5517.05
EBS_Pollock_2022 4 2034 SSBMedian 3476.78
EBS_Pollock_2022 4 2034 SSBMean 3640.33
EBS_Pollock_2022 4 2035 SSBF100 6090.56
EBS_Pollock_2022 4 2035 SSBFabc 2436.22
EBS_Pollock_2022 4 2035 SSBFofl 2131.7
EBS_Pollock_2022 4 2035 SSBLCI 2336.48
EBS_Pollock_2022 4 2035 SSBUCI 5395.44
EBS_Pollock_2022 4 2035 SSBMedian 3478.77
EBS_Pollock_2022 4 2035 SSBMean 3639.94
EBS_Pollock_2022 4 2036 SSBF100 6090.56
EBS_Pollock_2022 4 2036 SSBFabc 2436.22
EBS_Pollock_2022 4 2036 SSBFofl 2131.7
EBS_Pollock_2022 4 2036 SSBLCI 2368.61
EBS_Pollock_2022 4 2036 SSBUCI 5383.61
EBS_Pollock_2022 4 2036 SSBMedian 3482
EBS_Pollock_2022 4 2036 SSBMean 3652.89
EBS_Pollock_2022 4 2023 F0 0 
EBS_Pollock_2022 4 2023 Fabc 0.45548
EBS_Pollock_2022 4 2023 Fofl 0.611608
EBS_Pollock_2022 4 2023  F_LCI 0.348483
EBS_Pollock_2022 4 2023  F_UCI 0.348483
EBS_Pollock_2022 4 2023  F_Median 0.348483
EBS_Pollock_2022 4 2023  F_Mean 0.348483
EBS_Pollock_2022 4 2024 F0 0 
EBS_Pollock_2022 4 2024 Fabc 0.45548
EBS_Pollock_2022 4 2024 Fofl 0.611608
EBS_Pollock_2022 4 2024  F_LCI 0.321655
EBS_Pollock_2022 4 2024  F_UCI 0.321662
EBS_Pollock_2022 4 2024  F_Median 0.32166
EBS_Pollock_2022 4 2024  F_Mean 0.32166
EBS_Pollock_2022 4 2025 F0 0 
EBS_Pollock_2022 4 2025 Fabc 0.45548
EBS_Pollock_2022 4 2025 Fofl 0.611608
EBS_Pollock_2022 4 2025  F_LCI 0.163938
EBS_Pollock_2022 4 2025  F_UCI 0.163938
EBS_Pollock_2022 4 2025  F_Median 0.163938
EBS_Pollock_2022 4 2025  F_Mean 0.163938
EBS_Pollock_2022 4 2026 F0 0 
EBS_Pollock_2022 4 2026 Fabc 0.45548
EBS_Pollock_2022 4 2026 Fofl 0.611608
EBS_Pollock_2022 4 2026  F_LCI 0.163938
EBS_Pollock_2022 4 2026  F_UCI 0.163938
EBS_Pollock_2022 4 2026  F_Median 0.163938
EBS_Pollock_2022 4 2026  F_Mean 0.163938
EBS_Pollock_2022 4 2027 F0 0 
EBS_Pollock_2022 4 2027 Fabc 0.45548
EBS_Pollock_2022 4 2027 Fofl 0.611608
EBS_Pollock_2022 4 2027  F_LCI 0.163938
EBS_Pollock_2022 4 2027  F_UCI 0.163938
EBS_Pollock_2022 4 2027  F_Median 0.163938
EBS_Pollock_2022 4 2027  F_Mean 0.163938
EBS_Pollock_2022 4 2028 F0 0 
EBS_Pollock_2022 4 2028 Fabc 0.45548
EBS_Pollock_2022 4 2028 Fofl 0.611608
EBS_Pollock_2022 4 2028  F_LCI 0.163938
EBS_Pollock_2022 4 2028  F_UCI 0.163938
EBS_Pollock_2022 4 2028  F_Median 0.163938
EBS_Pollock_2022 4 2028  F_Mean 0.163938
EBS_Pollock_2022 4 2029 F0 0 
EBS_Pollock_2022 4 2029 Fabc 0.45548
EBS_Pollock_2022 4 2029 Fofl 0.611608
EBS_Pollock_2022 4 2029  F_LCI 0.163938
EBS_Pollock_2022 4 2029  F_UCI 0.163938
EBS_Pollock_2022 4 2029  F_Median 0.163938
EBS_Pollock_2022 4 2029  F_Mean 0.163938
EBS_Pollock_2022 4 2030 F0 0 
EBS_Pollock_2022 4 2030 Fabc 0.45548
EBS_Pollock_2022 4 2030 Fofl 0.611608
EBS_Pollock_2022 4 2030  F_LCI 0.163938
EBS_Pollock_2022 4 2030  F_UCI 0.163938
EBS_Pollock_2022 4 2030  F_Median 0.163938
EBS_Pollock_2022 4 2030  F_Mean 0.163938
EBS_Pollock_2022 4 2031 F0 0 
EBS_Pollock_2022 4 2031 Fabc 0.45548
EBS_Pollock_2022 4 2031 Fofl 0.611608
EBS_Pollock_2022 4 2031  F_LCI 0.163938
EBS_Pollock_2022 4 2031  F_UCI 0.163938
EBS_Pollock_2022 4 2031  F_Median 0.163938
EBS_Pollock_2022 4 2031  F_Mean 0.163938
EBS_Pollock_2022 4 2032 F0 0 
EBS_Pollock_2022 4 2032 Fabc 0.45548
EBS_Pollock_2022 4 2032 Fofl 0.611608
EBS_Pollock_2022 4 2032  F_LCI 0.163938
EBS_Pollock_2022 4 2032  F_UCI 0.163938
EBS_Pollock_2022 4 2032  F_Median 0.163938
EBS_Pollock_2022 4 2032  F_Mean 0.163938
EBS_Pollock_2022 4 2033 F0 0 
EBS_Pollock_2022 4 2033 Fabc 0.45548
EBS_Pollock_2022 4 2033 Fofl 0.611608
EBS_Pollock_2022 4 2033  F_LCI 0.163938
EBS_Pollock_2022 4 2033  F_UCI 0.163938
EBS_Pollock_2022 4 2033  F_Median 0.163938
EBS_Pollock_2022 4 2033  F_Mean 0.163938
EBS_Pollock_2022 4 2034 F0 0 
EBS_Pollock_2022 4 2034 Fabc 0.45548
EBS_Pollock_2022 4 2034 Fofl 0.611608
EBS_Pollock_2022 4 2034  F_LCI 0.163938
EBS_Pollock_2022 4 2034  F_UCI 0.163938
EBS_Pollock_2022 4 2034  F_Median 0.163938
EBS_Pollock_2022 4 2034  F_Mean 0.163938
EBS_Pollock_2022 4 2035 F0 0 
EBS_Pollock_2022 4 2035 Fabc 0.45548
EBS_Pollock_2022 4 2035 Fofl 0.611608
EBS_Pollock_2022 4 2035  F_LCI 0.163938
EBS_Pollock_2022 4 2035  F_UCI 0.163938
EBS_Pollock_2022 4 2035  F_Median 0.163938
EBS_Pollock_2022 4 2035  F_Mean 0.163938
EBS_Pollock_2022 4 2036 F0 0 
EBS_Pollock_2022 4 2036 Fabc 0.45548
EBS_Pollock_2022 4 2036 Fofl 0.611608
EBS_Pollock_2022 4 2036  F_LCI 0.163938
EBS_Pollock_2022 4 2036  F_UCI 0.163938
EBS_Pollock_2022 4 2036  F_Median 0.163938
EBS_Pollock_2022 4 2036  F_Mean 0.163938
EBS_Pollock_2022 5 2023 Cabc 1602.2
EBS_Pollock_2022 5 2023 Cofl 1702.61
EBS_Pollock_2022 5 2023 CLCI 1350
EBS_Pollock_2022 5 2023 CUCI 1350
EBS_Pollock_2022 5 2023 CMedian 1350
EBS_Pollock_2022 5 2023 CMean 1350
EBS_Pollock_2022 5 2023 CStdn 1.31877e-11
EBS_Pollock_2022 5 2024 Cabc 1602.2
EBS_Pollock_2022 5 2024 Cofl 1702.61
EBS_Pollock_2022 5 2024 CLCI 1350
EBS_Pollock_2022 5 2024 CUCI 1350
EBS_Pollock_2022 5 2024 CMedian 1350
EBS_Pollock_2022 5 2024 CMean 1350
EBS_Pollock_2022 5 2024 CStdn 2.01572e-08
EBS_Pollock_2022 5 2025 Cabc 1602.2
EBS_Pollock_2022 5 2025 Cofl 1702.61
EBS_Pollock_2022 5 2025 CLCI 0
EBS_Pollock_2022 5 2025 CUCI 0
EBS_Pollock_2022 5 2025 CMedian 0
EBS_Pollock_2022 5 2025 CMean 0
EBS_Pollock_2022 5 2025 CStdn 0
EBS_Pollock_2022 5 2026 Cabc 1602.2
EBS_Pollock_2022 5 2026 Cofl 1702.61
EBS_Pollock_2022 5 2026 CLCI 0
EBS_Pollock_2022 5 2026 CUCI 0
EBS_Pollock_2022 5 2026 CMedian 0
EBS_Pollock_2022 5 2026 CMean 0
EBS_Pollock_2022 5 2026 CStdn 0
EBS_Pollock_2022 5 2027 Cabc 1602.2
EBS_Pollock_2022 5 2027 Cofl 1702.61
EBS_Pollock_2022 5 2027 CLCI 0
EBS_Pollock_2022 5 2027 CUCI 0
EBS_Pollock_2022 5 2027 CMedian 0
EBS_Pollock_2022 5 2027 CMean 0
EBS_Pollock_2022 5 2027 CStdn 0
EBS_Pollock_2022 5 2028 Cabc 1602.2
EBS_Pollock_2022 5 2028 Cofl 1702.61
EBS_Pollock_2022 5 2028 CLCI 0
EBS_Pollock_2022 5 2028 CUCI 0
EBS_Pollock_2022 5 2028 CMedian 0
EBS_Pollock_2022 5 2028 CMean 0
EBS_Pollock_2022 5 2028 CStdn 0
EBS_Pollock_2022 5 2029 Cabc 1602.2
EBS_Pollock_2022 5 2029 Cofl 1702.61
EBS_Pollock_2022 5 2029 CLCI 0
EBS_Pollock_2022 5 2029 CUCI 0
EBS_Pollock_2022 5 2029 CMedian 0
EBS_Pollock_2022 5 2029 CMean 0
EBS_Pollock_2022 5 2029 CStdn 0
EBS_Pollock_2022 5 2030 Cabc 1602.2
EBS_Pollock_2022 5 2030 Cofl 1702.61
EBS_Pollock_2022 5 2030 CLCI 0
EBS_Pollock_2022 5 2030 CUCI 0
EBS_Pollock_2022 5 2030 CMedian 0
EBS_Pollock_2022 5 2030 CMean 0
EBS_Pollock_2022 5 2030 CStdn 0
EBS_Pollock_2022 5 2031 Cabc 1602.2
EBS_Pollock_2022 5 2031 Cofl 1702.61
EBS_Pollock_2022 5 2031 CLCI 0
EBS_Pollock_2022 5 2031 CUCI 0
EBS_Pollock_2022 5 2031 CMedian 0
EBS_Pollock_2022 5 2031 CMean 0
EBS_Pollock_2022 5 2031 CStdn 0
EBS_Pollock_2022 5 2032 Cabc 1602.2
EBS_Pollock_2022 5 2032 Cofl 1702.61
EBS_Pollock_2022 5 2032 CLCI 0
EBS_Pollock_2022 5 2032 CUCI 0
EBS_Pollock_2022 5 2032 CMedian 0
EBS_Pollock_2022 5 2032 CMean 0
EBS_Pollock_2022 5 2032 CStdn 0
EBS_Pollock_2022 5 2033 Cabc 1602.2
EBS_Pollock_2022 5 2033 Cofl 1702.61
EBS_Pollock_2022 5 2033 CLCI 0
EBS_Pollock_2022 5 2033 CUCI 0
EBS_Pollock_2022 5 2033 CMedian 0
EBS_Pollock_2022 5 2033 CMean 0
EBS_Pollock_2022 5 2033 CStdn 0
EBS_Pollock_2022 5 2034 Cabc 1602.2
EBS_Pollock_2022 5 2034 Cofl 1702.61
EBS_Pollock_2022 5 2034 CLCI 0
EBS_Pollock_2022 5 2034 CUCI 0
EBS_Pollock_2022 5 2034 CMedian 0
EBS_Pollock_2022 5 2034 CMean 0
EBS_Pollock_2022 5 2034 CStdn 0
EBS_Pollock_2022 5 2035 Cabc 1602.2
EBS_Pollock_2022 5 2035 Cofl 1702.61
EBS_Pollock_2022 5 2035 CLCI 0
EBS_Pollock_2022 5 2035 CUCI 0
EBS_Pollock_2022 5 2035 CMedian 0
EBS_Pollock_2022 5 2035 CMean 0
EBS_Pollock_2022 5 2035 CStdn 0
EBS_Pollock_2022 5 2036 Cabc 1602.2
EBS_Pollock_2022 5 2036 Cofl 1702.61
EBS_Pollock_2022 5 2036 CLCI 0
EBS_Pollock_2022 5 2036 CUCI 0
EBS_Pollock_2022 5 2036 CMedian 0
EBS_Pollock_2022 5 2036 CMean 0
EBS_Pollock_2022 5 2036 CStdn 0
EBS_Pollock_2022 5 2023 SSBF100 6090.56
EBS_Pollock_2022 5 2023 SSBFabc 2436.22
EBS_Pollock_2022 5 2023 SSBFofl 2131.7
EBS_Pollock_2022 5 2023 SSBLCI 3016.97
EBS_Pollock_2022 5 2023 SSBUCI 3016.97
EBS_Pollock_2022 5 2023 SSBMedian 3016.97
EBS_Pollock_2022 5 2023 SSBMean 3016.97
EBS_Pollock_2022 5 2024 SSBF100 6090.56
EBS_Pollock_2022 5 2024 SSBFabc 2436.22
EBS_Pollock_2022 5 2024 SSBFofl 2131.7
EBS_Pollock_2022 5 2024 SSBLCI 3056.78
EBS_Pollock_2022 5 2024 SSBUCI 3056.78
EBS_Pollock_2022 5 2024 SSBMedian 3056.78
EBS_Pollock_2022 5 2024 SSBMean 3056.78
EBS_Pollock_2022 5 2025 SSBF100 6090.56
EBS_Pollock_2022 5 2025 SSBFabc 2436.22
EBS_Pollock_2022 5 2025 SSBFofl 2131.7
EBS_Pollock_2022 5 2025 SSBLCI 3063.67
EBS_Pollock_2022 5 2025 SSBUCI 3076.62
EBS_Pollock_2022 5 2025 SSBMedian 3067.01
EBS_Pollock_2022 5 2025 SSBMean 3068.24
EBS_Pollock_2022 5 2026 SSBF100 6090.56
EBS_Pollock_2022 5 2026 SSBFabc 2436.22
EBS_Pollock_2022 5 2026 SSBFofl 2131.7
EBS_Pollock_2022 5 2026 SSBLCI 3287.6
EBS_Pollock_2022 5 2026 SSBUCI 3941.78
EBS_Pollock_2022 5 2026 SSBMedian 3455.22
EBS_Pollock_2022 5 2026 SSBMean 3518.43
EBS_Pollock_2022 5 2027 SSBF100 6090.56
EBS_Pollock_2022 5 2027 SSBFabc 2436.22
EBS_Pollock_2022 5 2027 SSBFofl 2131.7
EBS_Pollock_2022 5 2027 SSBLCI 3332.33
EBS_Pollock_2022 5 2027 SSBUCI 5076.86
EBS_Pollock_2022 5 2027 SSBMedian 3834.16
EBS_Pollock_2022 5 2027 SSBMean 3972.27
EBS_Pollock_2022 5 2028 SSBF100 6090.56
EBS_Pollock_2022 5 2028 SSBFabc 2436.22
EBS_Pollock_2022 5 2028 SSBFofl 2131.7
EBS_Pollock_2022 5 2028 SSBLCI 3414.26
EBS_Pollock_2022 5 2028 SSBUCI 5940.89
EBS_Pollock_2022 5 2028 SSBMedian 4227.53
EBS_Pollock_2022 5 2028 SSBMean 4403.03
EBS_Pollock_2022 5 2029 SSBF100 6090.56
EBS_Pollock_2022 5 2029 SSBFabc 2436.22
EBS_Pollock_2022 5 2029 SSBFofl 2131.7
EBS_Pollock_2022 5 2029 SSBLCI 3569.15
EBS_Pollock_2022 5 2029 SSBUCI 6560.63
EBS_Pollock_2022 5 2029 SSBMedian 4628.57
EBS_Pollock_2022 5 2029 SSBMean 4798.38
EBS_Pollock_2022 5 2030 SSBF100 6090.56
EBS_Pollock_2022 5 2030 SSBFabc 2436.22
EBS_Pollock_2022 5 2030 SSBFofl 2131.7
EBS_Pollock_2022 5 2030 SSBLCI 3640.08
EBS_Pollock_2022 5 2030 SSBUCI 6946.37
EBS_Pollock_2022 5 2030 SSBMedian 4979.34
EBS_Pollock_2022 5 2030 SSBMean 5097.48
EBS_Pollock_2022 5 2031 SSBF100 6090.56
EBS_Pollock_2022 5 2031 SSBFabc 2436.22
EBS_Pollock_2022 5 2031 SSBFofl 2131.7
EBS_Pollock_2022 5 2031 SSBLCI 3731.55
EBS_Pollock_2022 5 2031 SSBUCI 7239.57
EBS_Pollock_2022 5 2031 SSBMedian 5196.99
EBS_Pollock_2022 5 2031 SSBMean 5329.23
EBS_Pollock_2022 5 2032 SSBF100 6090.56
EBS_Pollock_2022 5 2032 SSBFabc 2436.22
EBS_Pollock_2022 5 2032 SSBFofl 2131.7
EBS_Pollock_2022 5 2032 SSBLCI 3907.38
EBS_Pollock_2022 5 2032 SSBUCI 7719.18
EBS_Pollock_2022 5 2032 SSBMedian 5374.59
EBS_Pollock_2022 5 2032 SSBMean 5510.04
EBS_Pollock_2022 5 2033 SSBF100 6090.56
EBS_Pollock_2022 5 2033 SSBFabc 2436.22
EBS_Pollock_2022 5 2033 SSBFofl 2131.7
EBS_Pollock_2022 5 2033 SSBLCI 3946.18
EBS_Pollock_2022 5 2033 SSBUCI 7854.11
EBS_Pollock_2022 5 2033 SSBMedian 5505.33
EBS_Pollock_2022 5 2033 SSBMean 5658.78
EBS_Pollock_2022 5 2034 SSBF100 6090.56
EBS_Pollock_2022 5 2034 SSBFabc 2436.22
EBS_Pollock_2022 5 2034 SSBFofl 2131.7
EBS_Pollock_2022 5 2034 SSBLCI 3979.04
EBS_Pollock_2022 5 2034 SSBUCI 7957.12
EBS_Pollock_2022 5 2034 SSBMedian 5602.7
EBS_Pollock_2022 5 2034 SSBMean 5764.75
EBS_Pollock_2022 5 2035 SSBF100 6090.56
EBS_Pollock_2022 5 2035 SSBFabc 2436.22
EBS_Pollock_2022 5 2035 SSBFofl 2131.7
EBS_Pollock_2022 5 2035 SSBLCI 4066.39
EBS_Pollock_2022 5 2035 SSBUCI 8066.05
EBS_Pollock_2022 5 2035 SSBMedian 5710.91
EBS_Pollock_2022 5 2035 SSBMean 5839.1
EBS_Pollock_2022 5 2036 SSBF100 6090.56
EBS_Pollock_2022 5 2036 SSBFabc 2436.22
EBS_Pollock_2022 5 2036 SSBFofl 2131.7
EBS_Pollock_2022 5 2036 SSBLCI 4165.43
EBS_Pollock_2022 5 2036 SSBUCI 8198.4
EBS_Pollock_2022 5 2036 SSBMedian 5723
EBS_Pollock_2022 5 2036 SSBMean 5909.55
EBS_Pollock_2022 5 2023 F0 0 
EBS_Pollock_2022 5 2023 Fabc 0.45548
EBS_Pollock_2022 5 2023 Fofl 0.611608
EBS_Pollock_2022 5 2023  F_LCI 0.348483
EBS_Pollock_2022 5 2023  F_UCI 0.348483
EBS_Pollock_2022 5 2023  F_Median 0.348483
EBS_Pollock_2022 5 2023  F_Mean 0.348483
EBS_Pollock_2022 5 2024 F0 0 
EBS_Pollock_2022 5 2024 Fabc 0.45548
EBS_Pollock_2022 5 2024 Fofl 0.611608
EBS_Pollock_2022 5 2024  F_LCI 0.321655
EBS_Pollock_2022 5 2024  F_UCI 0.321662
EBS_Pollock_2022 5 2024  F_Median 0.32166
EBS_Pollock_2022 5 2024  F_Mean 0.32166
EBS_Pollock_2022 5 2025 F0 0 
EBS_Pollock_2022 5 2025 Fabc 0.45548
EBS_Pollock_2022 5 2025 Fofl 0.611608
EBS_Pollock_2022 5 2025  F_LCI 0
EBS_Pollock_2022 5 2025  F_UCI 0
EBS_Pollock_2022 5 2025  F_Median 0
EBS_Pollock_2022 5 2025  F_Mean 0
EBS_Pollock_2022 5 2026 F0 0 
EBS_Pollock_2022 5 2026 Fabc 0.45548
EBS_Pollock_2022 5 2026 Fofl 0.611608
EBS_Pollock_2022 5 2026  F_LCI 0
EBS_Pollock_2022 5 2026  F_UCI 0
EBS_Pollock_2022 5 2026  F_Median 0
EBS_Pollock_2022 5 2026  F_Mean 0
EBS_Pollock_2022 5 2027 F0 0 
EBS_Pollock_2022 5 2027 Fabc 0.45548
EBS_Pollock_2022 5 2027 Fofl 0.611608
EBS_Pollock_2022 5 2027  F_LCI 0
EBS_Pollock_2022 5 2027  F_UCI 0
EBS_Pollock_2022 5 2027  F_Median 0
EBS_Pollock_2022 5 2027  F_Mean 0
EBS_Pollock_2022 5 2028 F0 0 
EBS_Pollock_2022 5 2028 Fabc 0.45548
EBS_Pollock_2022 5 2028 Fofl 0.611608
EBS_Pollock_2022 5 2028  F_LCI 0
EBS_Pollock_2022 5 2028  F_UCI 0
EBS_Pollock_2022 5 2028  F_Median 0
EBS_Pollock_2022 5 2028  F_Mean 0
EBS_Pollock_2022 5 2029 F0 0 
EBS_Pollock_2022 5 2029 Fabc 0.45548
EBS_Pollock_2022 5 2029 Fofl 0.611608
EBS_Pollock_2022 5 2029  F_LCI 0
EBS_Pollock_2022 5 2029  F_UCI 0
EBS_Pollock_2022 5 2029  F_Median 0
EBS_Pollock_2022 5 2029  F_Mean 0
EBS_Pollock_2022 5 2030 F0 0 
EBS_Pollock_2022 5 2030 Fabc 0.45548
EBS_Pollock_2022 5 2030 Fofl 0.611608
EBS_Pollock_2022 5 2030  F_LCI 0
EBS_Pollock_2022 5 2030  F_UCI 0
EBS_Pollock_2022 5 2030  F_Median 0
EBS_Pollock_2022 5 2030  F_Mean 0
EBS_Pollock_2022 5 2031 F0 0 
EBS_Pollock_2022 5 2031 Fabc 0.45548
EBS_Pollock_2022 5 2031 Fofl 0.611608
EBS_Pollock_2022 5 2031  F_LCI 0
EBS_Pollock_2022 5 2031  F_UCI 0
EBS_Pollock_2022 5 2031  F_Median 0
EBS_Pollock_2022 5 2031  F_Mean 0
EBS_Pollock_2022 5 2032 F0 0 
EBS_Pollock_2022 5 2032 Fabc 0.45548
EBS_Pollock_2022 5 2032 Fofl 0.611608
EBS_Pollock_2022 5 2032  F_LCI 0
EBS_Pollock_2022 5 2032  F_UCI 0
EBS_Pollock_2022 5 2032  F_Median 0
EBS_Pollock_2022 5 2032  F_Mean 0
EBS_Pollock_2022 5 2033 F0 0 
EBS_Pollock_2022 5 2033 Fabc 0.45548
EBS_Pollock_2022 5 2033 Fofl 0.611608
EBS_Pollock_2022 5 2033  F_LCI 0
EBS_Pollock_2022 5 2033  F_UCI 0
EBS_Pollock_2022 5 2033  F_Median 0
EBS_Pollock_2022 5 2033  F_Mean 0
EBS_Pollock_2022 5 2034 F0 0 
EBS_Pollock_2022 5 2034 Fabc 0.45548
EBS_Pollock_2022 5 2034 Fofl 0.611608
EBS_Pollock_2022 5 2034  F_LCI 0
EBS_Pollock_2022 5 2034  F_UCI 0
EBS_Pollock_2022 5 2034  F_Median 0
EBS_Pollock_2022 5 2034  F_Mean 0
EBS_Pollock_2022 5 2035 F0 0 
EBS_Pollock_2022 5 2035 Fabc 0.45548
EBS_Pollock_2022 5 2035 Fofl 0.611608
EBS_Pollock_2022 5 2035  F_LCI 0
EBS_Pollock_2022 5 2035  F_UCI 0
EBS_Pollock_2022 5 2035  F_Median 0
EBS_Pollock_2022 5 2035  F_Mean 0
EBS_Pollock_2022 5 2036 F0 0 
EBS_Pollock_2022 5 2036 Fabc 0.45548
EBS_Pollock_2022 5 2036 Fofl 0.611608
EBS_Pollock_2022 5 2036  F_LCI 0
EBS_Pollock_2022 5 2036  F_UCI 0
EBS_Pollock_2022 5 2036  F_Median 0
EBS_Pollock_2022 5 2036  F_Mean 0
EBS_Pollock_2022 6 2023 Cabc 1602.2
EBS_Pollock_2022 6 2023 Cofl 1702.61
EBS_Pollock_2022 6 2023 CLCI 1350
EBS_Pollock_2022 6 2023 CUCI 1350
EBS_Pollock_2022 6 2023 CMedian 1350
EBS_Pollock_2022 6 2023 CMean 1350
EBS_Pollock_2022 6 2023 CStdn 1.31877e-11
EBS_Pollock_2022 6 2024 Cabc 1602.2
EBS_Pollock_2022 6 2024 Cofl 1702.61
EBS_Pollock_2022 6 2024 CLCI 2300.65
EBS_Pollock_2022 6 2024 CUCI 2300.7
EBS_Pollock_2022 6 2024 CMedian 2300.66
EBS_Pollock_2022 6 2024 CMean 2300.66
EBS_Pollock_2022 6 2024 CStdn 0.0175313
EBS_Pollock_2022 6 2025 Cabc 1602.2
EBS_Pollock_2022 6 2025 Cofl 1702.61
EBS_Pollock_2022 6 2025 CLCI 2239.23
EBS_Pollock_2022 6 2025 CUCI 2318.09
EBS_Pollock_2022 6 2025 CMedian 2259.51
EBS_Pollock_2022 6 2025 CMean 2267.01
EBS_Pollock_2022 6 2025 CStdn 27.2811
EBS_Pollock_2022 6 2026 Cabc 1602.2
EBS_Pollock_2022 6 2026 Cofl 1702.61
EBS_Pollock_2022 6 2026 CLCI 1424.36
EBS_Pollock_2022 6 2026 CUCI 2161.88
EBS_Pollock_2022 6 2026 CMedian 1601.77
EBS_Pollock_2022 6 2026 CMean 1670.12
EBS_Pollock_2022 6 2026 CStdn 228.144
EBS_Pollock_2022 6 2027 Cabc 1602.2
EBS_Pollock_2022 6 2027 Cofl 1702.61
EBS_Pollock_2022 6 2027 CLCI 1020.26
EBS_Pollock_2022 6 2027 CUCI 2008.1
EBS_Pollock_2022 6 2027 CMedian 1368.02
EBS_Pollock_2022 6 2027 CMean 1443.04
EBS_Pollock_2022 6 2027 CStdn 320.808
EBS_Pollock_2022 6 2028 Cabc 1602.2
EBS_Pollock_2022 6 2028 Cofl 1702.61
EBS_Pollock_2022 6 2028 CLCI 944.818
EBS_Pollock_2022 6 2028 CUCI 2190.27
EBS_Pollock_2022 6 2028 CMedian 1441.47
EBS_Pollock_2022 6 2028 CMean 1494.47
EBS_Pollock_2022 6 2028 CStdn 408.463
EBS_Pollock_2022 6 2029 Cabc 1602.2
EBS_Pollock_2022 6 2029 Cofl 1702.61
EBS_Pollock_2022 6 2029 CLCI 894.984
EBS_Pollock_2022 6 2029 CUCI 2546.87
EBS_Pollock_2022 6 2029 CMedian 1570.84
EBS_Pollock_2022 6 2029 CMean 1624.63
EBS_Pollock_2022 6 2029 CStdn 537.531
EBS_Pollock_2022 6 2030 Cabc 1602.2
EBS_Pollock_2022 6 2030 Cofl 1702.61
EBS_Pollock_2022 6 2030 CLCI 893.27
EBS_Pollock_2022 6 2030 CUCI 2650.52
EBS_Pollock_2022 6 2030 CMedian 1654.51
EBS_Pollock_2022 6 2030 CMean 1684.4
EBS_Pollock_2022 6 2030 CStdn 579.891
EBS_Pollock_2022 6 2031 Cabc 1602.2
EBS_Pollock_2022 6 2031 Cofl 1702.61
EBS_Pollock_2022 6 2031 CLCI 906.762
EBS_Pollock_2022 6 2031 CUCI 2712.19
EBS_Pollock_2022 6 2031 CMedian 1596.65
EBS_Pollock_2022 6 2031 CMean 1679.52
EBS_Pollock_2022 6 2031 CStdn 576.458
EBS_Pollock_2022 6 2032 Cabc 1602.2
EBS_Pollock_2022 6 2032 Cofl 1702.61
EBS_Pollock_2022 6 2032 CLCI 894.067
EBS_Pollock_2022 6 2032 CUCI 2712.75
EBS_Pollock_2022 6 2032 CMedian 1592.22
EBS_Pollock_2022 6 2032 CMean 1680.08
EBS_Pollock_2022 6 2032 CStdn 586.876
EBS_Pollock_2022 6 2033 Cabc 1602.2
EBS_Pollock_2022 6 2033 Cofl 1702.61
EBS_Pollock_2022 6 2033 CLCI 867.919
EBS_Pollock_2022 6 2033 CUCI 2731.78
EBS_Pollock_2022 6 2033 CMedian 1572.32
EBS_Pollock_2022 6 2033 CMean 1677.13
EBS_Pollock_2022 6 2033 CStdn 595.681
EBS_Pollock_2022 6 2034 Cabc 1602.2
EBS_Pollock_2022 6 2034 Cofl 1702.61
EBS_Pollock_2022 6 2034 CLCI 890.478
EBS_Pollock_2022 6 2034 CUCI 2700.7
EBS_Pollock_2022 6 2034 CMedian 1566.25
EBS_Pollock_2022 6 2034 CMean 1651.42
EBS_Pollock_2022 6 2034 CStdn 573.719
EBS_Pollock_2022 6 2035 Cabc 1602.2
EBS_Pollock_2022 6 2035 Cofl 1702.61
EBS_Pollock_2022 6 2035 CLCI 889.872
EBS_Pollock_2022 6 2035 CUCI 2704.2
EBS_Pollock_2022 6 2035 CMedian 1565.91
EBS_Pollock_2022 6 2035 CMean 1654.76
EBS_Pollock_2022 6 2035 CStdn 567.211
EBS_Pollock_2022 6 2036 Cabc 1602.2
EBS_Pollock_2022 6 2036 Cofl 1702.61
EBS_Pollock_2022 6 2036 CLCI 881.028
EBS_Pollock_2022 6 2036 CUCI 2669.57
EBS_Pollock_2022 6 2036 CMedian 1567.41
EBS_Pollock_2022 6 2036 CMean 1650.51
EBS_Pollock_2022 6 2036 CStdn 567.59
EBS_Pollock_2022 6 2023 SSBF100 6090.56
EBS_Pollock_2022 6 2023 SSBFabc 2436.22
EBS_Pollock_2022 6 2023 SSBFofl 2131.7
EBS_Pollock_2022 6 2023 SSBLCI 3016.97
EBS_Pollock_2022 6 2023 SSBUCI 3016.97
EBS_Pollock_2022 6 2023 SSBMedian 3016.97
EBS_Pollock_2022 6 2023 SSBMean 3016.97
EBS_Pollock_2022 6 2024 SSBF100 6090.56
EBS_Pollock_2022 6 2024 SSBFabc 2436.22
EBS_Pollock_2022 6 2024 SSBFofl 2131.7
EBS_Pollock_2022 6 2024 SSBLCI 2921.51
EBS_Pollock_2022 6 2024 SSBUCI 2921.51
EBS_Pollock_2022 6 2024 SSBMedian 2921.51
EBS_Pollock_2022 6 2024 SSBMean 2921.51
EBS_Pollock_2022 6 2025 SSBF100 6090.56
EBS_Pollock_2022 6 2025 SSBFabc 2436.22
EBS_Pollock_2022 6 2025 SSBFofl 2131.7
EBS_Pollock_2022 6 2025 SSBLCI 2390.03
EBS_Pollock_2022 6 2025 SSBUCI 2401.5
EBS_Pollock_2022 6 2025 SSBMedian 2392.99
EBS_Pollock_2022 6 2025 SSBMean 2394.08
EBS_Pollock_2022 6 2026 SSBF100 6090.56
EBS_Pollock_2022 6 2026 SSBFabc 2436.22
EBS_Pollock_2022 6 2026 SSBFofl 2131.7
EBS_Pollock_2022 6 2026 SSBLCI 1869.54
EBS_Pollock_2022 6 2026 SSBUCI 2432.35
EBS_Pollock_2022 6 2026 SSBMedian 2014.25
EBS_Pollock_2022 6 2026 SSBMean 2069.62
EBS_Pollock_2022 6 2027 SSBF100 6090.56
EBS_Pollock_2022 6 2027 SSBFabc 2436.22
EBS_Pollock_2022 6 2027 SSBFofl 2131.7
EBS_Pollock_2022 6 2027 SSBLCI 1578.09
EBS_Pollock_2022 6 2027 SSBUCI 2914.98
EBS_Pollock_2022 6 2027 SSBMedian 1978.56
EBS_Pollock_2022 6 2027 SSBMean 2080.42
EBS_Pollock_2022 6 2028 SSBF100 6090.56
EBS_Pollock_2022 6 2028 SSBFabc 2436.22
EBS_Pollock_2022 6 2028 SSBFofl 2131.7
EBS_Pollock_2022 6 2028 SSBLCI 1514.41
EBS_Pollock_2022 6 2028 SSBUCI 3249.14
EBS_Pollock_2022 6 2028 SSBMedian 2069.65
EBS_Pollock_2022 6 2028 SSBMean 2190.77
EBS_Pollock_2022 6 2029 SSBF100 6090.56
EBS_Pollock_2022 6 2029 SSBFabc 2436.22
EBS_Pollock_2022 6 2029 SSBFofl 2131.7
EBS_Pollock_2022 6 2029 SSBLCI 1511.98
EBS_Pollock_2022 6 2029 SSBUCI 3355.14
EBS_Pollock_2022 6 2029 SSBMedian 2160.49
EBS_Pollock_2022 6 2029 SSBMean 2266.38
EBS_Pollock_2022 6 2030 SSBF100 6090.56
EBS_Pollock_2022 6 2030 SSBFabc 2436.22
EBS_Pollock_2022 6 2030 SSBFofl 2131.7
EBS_Pollock_2022 6 2030 SSBLCI 1502.21
EBS_Pollock_2022 6 2030 SSBUCI 3441.77
EBS_Pollock_2022 6 2030 SSBMedian 2190.23
EBS_Pollock_2022 6 2030 SSBMean 2300.05
EBS_Pollock_2022 6 2031 SSBF100 6090.56
EBS_Pollock_2022 6 2031 SSBFabc 2436.22
EBS_Pollock_2022 6 2031 SSBFofl 2131.7
EBS_Pollock_2022 6 2031 SSBLCI 1509.79
EBS_Pollock_2022 6 2031 SSBUCI 3525.14
EBS_Pollock_2022 6 2031 SSBMedian 2175.57
EBS_Pollock_2022 6 2031 SSBMean 2301.84
EBS_Pollock_2022 6 2032 SSBF100 6090.56
EBS_Pollock_2022 6 2032 SSBFabc 2436.22
EBS_Pollock_2022 6 2032 SSBFofl 2131.7
EBS_Pollock_2022 6 2032 SSBLCI 1496.28
EBS_Pollock_2022 6 2032 SSBUCI 3536.45
EBS_Pollock_2022 6 2032 SSBMedian 2162.41
EBS_Pollock_2022 6 2032 SSBMean 2287
EBS_Pollock_2022 6 2033 SSBF100 6090.56
EBS_Pollock_2022 6 2033 SSBFabc 2436.22
EBS_Pollock_2022 6 2033 SSBFofl 2131.7
EBS_Pollock_2022 6 2033 SSBLCI 1468.78
EBS_Pollock_2022 6 2033 SSBUCI 3547.62
EBS_Pollock_2022 6 2033 SSBMedian 2153.81
EBS_Pollock_2022 6 2033 SSBMean 2274.41
EBS_Pollock_2022 6 2034 SSBF100 6090.56
EBS_Pollock_2022 6 2034 SSBFabc 2436.22
EBS_Pollock_2022 6 2034 SSBFofl 2131.7
EBS_Pollock_2022 6 2034 SSBLCI 1479.71
EBS_Pollock_2022 6 2034 SSBUCI 3462.69
EBS_Pollock_2022 6 2034 SSBMedian 2144.18
EBS_Pollock_2022 6 2034 SSBMean 2258.66
EBS_Pollock_2022 6 2035 SSBF100 6090.56
EBS_Pollock_2022 6 2035 SSBFabc 2436.22
EBS_Pollock_2022 6 2035 SSBFofl 2131.7
EBS_Pollock_2022 6 2035 SSBLCI 1474.07
EBS_Pollock_2022 6 2035 SSBUCI 3466.45
EBS_Pollock_2022 6 2035 SSBMedian 2123.18
EBS_Pollock_2022 6 2035 SSBMean 2260.59
EBS_Pollock_2022 6 2036 SSBF100 6090.56
EBS_Pollock_2022 6 2036 SSBFabc 2436.22
EBS_Pollock_2022 6 2036 SSBFofl 2131.7
EBS_Pollock_2022 6 2036 SSBLCI 1476.08
EBS_Pollock_2022 6 2036 SSBUCI 3469.98
EBS_Pollock_2022 6 2036 SSBMedian 2134.72
EBS_Pollock_2022 6 2036 SSBMean 2273.28
EBS_Pollock_2022 6 2023 F0 0 
EBS_Pollock_2022 6 2023 Fabc 0.45548
EBS_Pollock_2022 6 2023 Fofl 0.611608
EBS_Pollock_2022 6 2023  F_LCI 0.348483
EBS_Pollock_2022 6 2023  F_UCI 0.348483
EBS_Pollock_2022 6 2023  F_Median 0.348483
EBS_Pollock_2022 6 2023  F_Mean 0.348483
EBS_Pollock_2022 6 2024 F0 0 
EBS_Pollock_2022 6 2024 Fabc 0.45548
EBS_Pollock_2022 6 2024 Fofl 0.611608
EBS_Pollock_2022 6 2024  F_LCI 0.611607
EBS_Pollock_2022 6 2024  F_UCI 0.611607
EBS_Pollock_2022 6 2024  F_Median 0.611607
EBS_Pollock_2022 6 2024  F_Mean 0.611607
EBS_Pollock_2022 6 2025 F0 0 
EBS_Pollock_2022 6 2025 Fabc 0.45548
EBS_Pollock_2022 6 2025 Fofl 0.611608
EBS_Pollock_2022 6 2025  F_LCI 0.599607
EBS_Pollock_2022 6 2025  F_UCI 0.602588
EBS_Pollock_2022 6 2025  F_Median 0.600377
EBS_Pollock_2022 6 2025  F_Mean 0.600659
EBS_Pollock_2022 6 2026 F0 0 
EBS_Pollock_2022 6 2026 Fabc 0.45548
EBS_Pollock_2022 6 2026 Fofl 0.611608
EBS_Pollock_2022 6 2026  F_LCI 0.461863
EBS_Pollock_2022 6 2026  F_UCI 0.610596
EBS_Pollock_2022 6 2026  F_Median 0.50015
EBS_Pollock_2022 6 2026  F_Mean 0.511756
EBS_Pollock_2022 6 2027 F0 0 
EBS_Pollock_2022 6 2027 Fabc 0.45548
EBS_Pollock_2022 6 2027 Fofl 0.611608
EBS_Pollock_2022 6 2027  F_LCI 0.384791
EBS_Pollock_2022 6 2027  F_UCI 0.611608
EBS_Pollock_2022 6 2027  F_Median 0.490692
EBS_Pollock_2022 6 2027  F_Mean 0.49951
EBS_Pollock_2022 6 2028 F0 0 
EBS_Pollock_2022 6 2028 Fabc 0.45548
EBS_Pollock_2022 6 2028 Fofl 0.611608
EBS_Pollock_2022 6 2028  F_LCI 0.36796
EBS_Pollock_2022 6 2028  F_UCI 0.611608
EBS_Pollock_2022 6 2028  F_Median 0.514776
EBS_Pollock_2022 6 2028  F_Mean 0.51111
EBS_Pollock_2022 6 2029 F0 0 
EBS_Pollock_2022 6 2029 Fabc 0.45548
EBS_Pollock_2022 6 2029 Fofl 0.611608
EBS_Pollock_2022 6 2029  F_LCI 0.367321
EBS_Pollock_2022 6 2029  F_UCI 0.611608
EBS_Pollock_2022 6 2029  F_Median 0.538789
EBS_Pollock_2022 6 2029  F_Mean 0.522164
EBS_Pollock_2022 6 2030 F0 0 
EBS_Pollock_2022 6 2030 Fabc 0.45548
EBS_Pollock_2022 6 2030 Fofl 0.611608
EBS_Pollock_2022 6 2030  F_LCI 0.364737
EBS_Pollock_2022 6 2030  F_UCI 0.611608
EBS_Pollock_2022 6 2030  F_Median 0.546647
EBS_Pollock_2022 6 2030  F_Mean 0.526135
EBS_Pollock_2022 6 2031 F0 0 
EBS_Pollock_2022 6 2031 Fabc 0.45548
EBS_Pollock_2022 6 2031 Fofl 0.611608
EBS_Pollock_2022 6 2031  F_LCI 0.366752
EBS_Pollock_2022 6 2031  F_UCI 0.611608
EBS_Pollock_2022 6 2031  F_Median 0.542764
EBS_Pollock_2022 6 2031  F_Mean 0.523786
EBS_Pollock_2022 6 2032 F0 0 
EBS_Pollock_2022 6 2032 Fabc 0.45548
EBS_Pollock_2022 6 2032 Fofl 0.611608
EBS_Pollock_2022 6 2032  F_LCI 0.36318
EBS_Pollock_2022 6 2032  F_UCI 0.611608
EBS_Pollock_2022 6 2032  F_Median 0.53931
EBS_Pollock_2022 6 2032  F_Mean 0.521088
EBS_Pollock_2022 6 2033 F0 0 
EBS_Pollock_2022 6 2033 Fabc 0.45548
EBS_Pollock_2022 6 2033 Fofl 0.611608
EBS_Pollock_2022 6 2033  F_LCI 0.355892
EBS_Pollock_2022 6 2033  F_UCI 0.611608
EBS_Pollock_2022 6 2033  F_Median 0.537015
EBS_Pollock_2022 6 2033  F_Mean 0.52091
EBS_Pollock_2022 6 2034 F0 0 
EBS_Pollock_2022 6 2034 Fabc 0.45548
EBS_Pollock_2022 6 2034 Fofl 0.611608
EBS_Pollock_2022 6 2034  F_LCI 0.358791
EBS_Pollock_2022 6 2034  F_UCI 0.611608
EBS_Pollock_2022 6 2034  F_Median 0.534596
EBS_Pollock_2022 6 2034  F_Mean 0.518783
EBS_Pollock_2022 6 2035 F0 0 
EBS_Pollock_2022 6 2035 Fabc 0.45548
EBS_Pollock_2022 6 2035 Fofl 0.611608
EBS_Pollock_2022 6 2035  F_LCI 0.357308
EBS_Pollock_2022 6 2035  F_UCI 0.611608
EBS_Pollock_2022 6 2035  F_Median 0.528945
EBS_Pollock_2022 6 2035  F_Mean 0.518885
EBS_Pollock_2022 6 2036 F0 0 
EBS_Pollock_2022 6 2036 Fabc 0.45548
EBS_Pollock_2022 6 2036 Fofl 0.611608
EBS_Pollock_2022 6 2036  F_LCI 0.357844
EBS_Pollock_2022 6 2036  F_UCI 0.611608
EBS_Pollock_2022 6 2036  F_Median 0.532002
EBS_Pollock_2022 6 2036  F_Mean 0.517917
EBS_Pollock_2022 7 2023 Cabc 1602.2
EBS_Pollock_2022 7 2023 Cofl 1702.61
EBS_Pollock_2022 7 2023 CLCI 1350
EBS_Pollock_2022 7 2023 CUCI 1350
EBS_Pollock_2022 7 2023 CMedian 1350
EBS_Pollock_2022 7 2023 CMean 1350
EBS_Pollock_2022 7 2023 CStdn 1.31877e-11
EBS_Pollock_2022 7 2024 Cabc 1602.2
EBS_Pollock_2022 7 2024 Cofl 1702.61
EBS_Pollock_2022 7 2024 CLCI 1814.77
EBS_Pollock_2022 7 2024 CUCI 1814.81
EBS_Pollock_2022 7 2024 CMedian 1814.78
EBS_Pollock_2022 7 2024 CMean 1814.78
EBS_Pollock_2022 7 2024 CStdn 0.0130561
EBS_Pollock_2022 7 2025 Cabc 1602.2
EBS_Pollock_2022 7 2025 Cofl 1702.61
EBS_Pollock_2022 7 2025 CLCI 1976.57
EBS_Pollock_2022 7 2025 CUCI 2030.09
EBS_Pollock_2022 7 2025 CMedian 1990.37
EBS_Pollock_2022 7 2025 CMean 1995.45
EBS_Pollock_2022 7 2025 CStdn 18.4793
EBS_Pollock_2022 7 2026 Cabc 1602.2
EBS_Pollock_2022 7 2026 Cofl 1702.61
EBS_Pollock_2022 7 2026 CLCI 1826.36
EBS_Pollock_2022 7 2026 CUCI 2481.4
EBS_Pollock_2022 7 2026 CMedian 2022.37
EBS_Pollock_2022 7 2026 CMean 2081.25
EBS_Pollock_2022 7 2026 CStdn 215.002
EBS_Pollock_2022 7 2027 Cabc 1602.2
EBS_Pollock_2022 7 2027 Cofl 1702.61
EBS_Pollock_2022 7 2027 CLCI 1111.74
EBS_Pollock_2022 7 2027 CUCI 2110.12
EBS_Pollock_2022 7 2027 CMedian 1469.14
EBS_Pollock_2022 7 2027 CMean 1542.37
EBS_Pollock_2022 7 2027 CStdn 323.941
EBS_Pollock_2022 7 2028 Cabc 1602.2
EBS_Pollock_2022 7 2028 Cofl 1702.61
EBS_Pollock_2022 7 2028 CLCI 973.555
EBS_Pollock_2022 7 2028 CUCI 2234.8
EBS_Pollock_2022 7 2028 CMedian 1468.71
EBS_Pollock_2022 7 2028 CMean 1525.5
EBS_Pollock_2022 7 2028 CStdn 412.321
EBS_Pollock_2022 7 2029 Cabc 1602.2
EBS_Pollock_2022 7 2029 Cofl 1702.61
EBS_Pollock_2022 7 2029 CLCI 901.822
EBS_Pollock_2022 7 2029 CUCI 2557.29
EBS_Pollock_2022 7 2029 CMedian 1576.15
EBS_Pollock_2022 7 2029 CMean 1631.09
EBS_Pollock_2022 7 2029 CStdn 540.34
EBS_Pollock_2022 7 2030 Cabc 1602.2
EBS_Pollock_2022 7 2030 Cofl 1702.61
EBS_Pollock_2022 7 2030 CLCI 894.541
EBS_Pollock_2022 7 2030 CUCI 2647.75
EBS_Pollock_2022 7 2030 CMedian 1652.36
EBS_Pollock_2022 7 2030 CMean 1683.43
EBS_Pollock_2022 7 2030 CStdn 580.126
EBS_Pollock_2022 7 2031 Cabc 1602.2
EBS_Pollock_2022 7 2031 Cofl 1702.61
EBS_Pollock_2022 7 2031 CLCI 906.013
EBS_Pollock_2022 7 2031 CUCI 2710.47
EBS_Pollock_2022 7 2031 CMedian 1595.1
EBS_Pollock_2022 7 2031 CMean 1678.42
EBS_Pollock_2022 7 2031 CStdn 576.303
EBS_Pollock_2022 7 2032 Cabc 1602.2
EBS_Pollock_2022 7 2032 Cofl 1702.61
EBS_Pollock_2022 7 2032 CLCI 893.752
EBS_Pollock_2022 7 2032 CUCI 2712
EBS_Pollock_2022 7 2032 CMedian 1592.05
EBS_Pollock_2022 7 2032 CMean 1679.72
EBS_Pollock_2022 7 2032 CStdn 586.803
EBS_Pollock_2022 7 2033 Cabc 1602.2
EBS_Pollock_2022 7 2033 Cofl 1702.61
EBS_Pollock_2022 7 2033 CLCI 867.834
EBS_Pollock_2022 7 2033 CUCI 2731.7
EBS_Pollock_2022 7 2033 CMedian 1572.41
EBS_Pollock_2022 7 2033 CMean 1677.06
EBS_Pollock_2022 7 2033 CStdn 595.658
EBS_Pollock_2022 7 2034 Cabc 1602.2
EBS_Pollock_2022 7 2034 Cofl 1702.61
EBS_Pollock_2022 7 2034 CLCI 890.443
EBS_Pollock_2022 7 2034 CUCI 2700.73
EBS_Pollock_2022 7 2034 CMedian 1566.28
EBS_Pollock_2022 7 2034 CMean 1651.42
EBS_Pollock_2022 7 2034 CStdn 573.717
EBS_Pollock_2022 7 2035 Cabc 1602.2
EBS_Pollock_2022 7 2035 Cofl 1702.61
EBS_Pollock_2022 7 2035 CLCI 889.87
EBS_Pollock_2022 7 2035 CUCI 2704.21
EBS_Pollock_2022 7 2035 CMedian 1565.93
EBS_Pollock_2022 7 2035 CMean 1654.76
EBS_Pollock_2022 7 2035 CStdn 567.212
EBS_Pollock_2022 7 2036 Cabc 1602.2
EBS_Pollock_2022 7 2036 Cofl 1702.61
EBS_Pollock_2022 7 2036 CLCI 881.03
EBS_Pollock_2022 7 2036 CUCI 2669.58
EBS_Pollock_2022 7 2036 CMedian 1567.41
EBS_Pollock_2022 7 2036 CMean 1650.51
EBS_Pollock_2022 7 2036 CStdn 567.59
EBS_Pollock_2022 7 2023 SSBF100 6090.56
EBS_Pollock_2022 7 2023 SSBFabc 2436.22
EBS_Pollock_2022 7 2023 SSBFofl 2131.7
EBS_Pollock_2022 7 2023 SSBLCI 3016.97
EBS_Pollock_2022 7 2023 SSBUCI 3016.97
EBS_Pollock_2022 7 2023 SSBMedian 3016.97
EBS_Pollock_2022 7 2023 SSBMean 3016.97
EBS_Pollock_2022 7 2024 SSBF100 6090.56
EBS_Pollock_2022 7 2024 SSBFabc 2436.22
EBS_Pollock_2022 7 2024 SSBFofl 2131.7
EBS_Pollock_2022 7 2024 SSBLCI 2993.13
EBS_Pollock_2022 7 2024 SSBUCI 2993.13
EBS_Pollock_2022 7 2024 SSBMedian 2993.13
EBS_Pollock_2022 7 2024 SSBMean 2993.13
EBS_Pollock_2022 7 2025 SSBF100 6090.56
EBS_Pollock_2022 7 2025 SSBFabc 2436.22
EBS_Pollock_2022 7 2025 SSBFofl 2131.7
EBS_Pollock_2022 7 2025 SSBLCI 2622.03
EBS_Pollock_2022 7 2025 SSBUCI 2634.91
EBS_Pollock_2022 7 2025 SSBMedian 2625.36
EBS_Pollock_2022 7 2025 SSBMean 2626.58
EBS_Pollock_2022 7 2026 SSBF100 6090.56
EBS_Pollock_2022 7 2026 SSBFabc 2436.22
EBS_Pollock_2022 7 2026 SSBFofl 2131.7
EBS_Pollock_2022 7 2026 SSBLCI 2073.28
EBS_Pollock_2022 7 2026 SSBUCI 2655.53
EBS_Pollock_2022 7 2026 SSBMedian 2216.7
EBS_Pollock_2022 7 2026 SSBMean 2274.21
EBS_Pollock_2022 7 2027 SSBF100 6090.56
EBS_Pollock_2022 7 2027 SSBFabc 2436.22
EBS_Pollock_2022 7 2027 SSBFofl 2131.7
EBS_Pollock_2022 7 2027 SSBLCI 1636
EBS_Pollock_2022 7 2027 SSBUCI 3000.14
EBS_Pollock_2022 7 2027 SSBMedian 2031.48
EBS_Pollock_2022 7 2027 SSBMean 2137.32
EBS_Pollock_2022 7 2028 SSBF100 6090.56
EBS_Pollock_2022 7 2028 SSBFabc 2436.22
EBS_Pollock_2022 7 2028 SSBFofl 2131.7
EBS_Pollock_2022 7 2028 SSBLCI 1529.83
EBS_Pollock_2022 7 2028 SSBUCI 3275.41
EBS_Pollock_2022 7 2028 SSBMedian 2081.09
EBS_Pollock_2022 7 2028 SSBMean 2206.19
EBS_Pollock_2022 7 2029 SSBF100 6090.56
EBS_Pollock_2022 7 2029 SSBFabc 2436.22
EBS_Pollock_2022 7 2029 SSBFofl 2131.7
EBS_Pollock_2022 7 2029 SSBLCI 1513.52
EBS_Pollock_2022 7 2029 SSBUCI 3357.64
EBS_Pollock_2022 7 2029 SSBMedian 2162.25
EBS_Pollock_2022 7 2029 SSBMean 2268.47
EBS_Pollock_2022 7 2030 SSBF100 6090.56
EBS_Pollock_2022 7 2030 SSBFabc 2436.22
EBS_Pollock_2022 7 2030 SSBFofl 2131.7
EBS_Pollock_2022 7 2030 SSBLCI 1501.54
EBS_Pollock_2022 7 2030 SSBUCI 3439.8
EBS_Pollock_2022 7 2030 SSBMedian 2189.37
EBS_Pollock_2022 7 2030 SSBMean 2299.29
EBS_Pollock_2022 7 2031 SSBF100 6090.56
EBS_Pollock_2022 7 2031 SSBFabc 2436.22
EBS_Pollock_2022 7 2031 SSBFofl 2131.7
EBS_Pollock_2022 7 2031 SSBLCI 1509.44
EBS_Pollock_2022 7 2031 SSBUCI 3524.44
EBS_Pollock_2022 7 2031 SSBMedian 2175.12
EBS_Pollock_2022 7 2031 SSBMean 2301.37
EBS_Pollock_2022 7 2032 SSBF100 6090.56
EBS_Pollock_2022 7 2032 SSBFabc 2436.22
EBS_Pollock_2022 7 2032 SSBFofl 2131.7
EBS_Pollock_2022 7 2032 SSBLCI 1496.2
EBS_Pollock_2022 7 2032 SSBUCI 3536.48
EBS_Pollock_2022 7 2032 SSBMedian 2162.4
EBS_Pollock_2022 7 2032 SSBMean 2286.89
EBS_Pollock_2022 7 2033 SSBF100 6090.56
EBS_Pollock_2022 7 2033 SSBFabc 2436.22
EBS_Pollock_2022 7 2033 SSBFofl 2131.7
EBS_Pollock_2022 7 2033 SSBLCI 1468.8
EBS_Pollock_2022 7 2033 SSBUCI 3547.52
EBS_Pollock_2022 7 2033 SSBMedian 2153.83
EBS_Pollock_2022 7 2033 SSBMean 2274.41
EBS_Pollock_2022 7 2034 SSBF100 6090.56
EBS_Pollock_2022 7 2034 SSBFabc 2436.22
EBS_Pollock_2022 7 2034 SSBFofl 2131.7
EBS_Pollock_2022 7 2034 SSBLCI 1479.72
EBS_Pollock_2022 7 2034 SSBUCI 3462.7
EBS_Pollock_2022 7 2034 SSBMedian 2144.18
EBS_Pollock_2022 7 2034 SSBMean 2258.67
EBS_Pollock_2022 7 2035 SSBF100 6090.56
EBS_Pollock_2022 7 2035 SSBFabc 2436.22
EBS_Pollock_2022 7 2035 SSBFofl 2131.7
EBS_Pollock_2022 7 2035 SSBLCI 1474.08
EBS_Pollock_2022 7 2035 SSBUCI 3466.47
EBS_Pollock_2022 7 2035 SSBMedian 2123.19
EBS_Pollock_2022 7 2035 SSBMean 2260.6
EBS_Pollock_2022 7 2036 SSBF100 6090.56
EBS_Pollock_2022 7 2036 SSBFabc 2436.22
EBS_Pollock_2022 7 2036 SSBFofl 2131.7
EBS_Pollock_2022 7 2036 SSBLCI 1476.08
EBS_Pollock_2022 7 2036 SSBUCI 3469.98
EBS_Pollock_2022 7 2036 SSBMedian 2134.72
EBS_Pollock_2022 7 2036 SSBMean 2273.28
EBS_Pollock_2022 7 2023 F0 0 
EBS_Pollock_2022 7 2023 Fabc 0.45548
EBS_Pollock_2022 7 2023 Fofl 0.611608
EBS_Pollock_2022 7 2023  F_LCI 0.348483
EBS_Pollock_2022 7 2023  F_UCI 0.348483
EBS_Pollock_2022 7 2023  F_Median 0.348483
EBS_Pollock_2022 7 2023  F_Mean 0.348483
EBS_Pollock_2022 7 2024 F0 0 
EBS_Pollock_2022 7 2024 Fabc 0.45548
EBS_Pollock_2022 7 2024 Fofl 0.611608
EBS_Pollock_2022 7 2024  F_LCI 0.455479
EBS_Pollock_2022 7 2024  F_UCI 0.455479
EBS_Pollock_2022 7 2024  F_Median 0.455479
EBS_Pollock_2022 7 2024  F_Mean 0.455479
EBS_Pollock_2022 7 2025 F0 0 
EBS_Pollock_2022 7 2025 Fabc 0.45548
EBS_Pollock_2022 7 2025 Fofl 0.611608
EBS_Pollock_2022 7 2025  F_LCI 0.45548
EBS_Pollock_2022 7 2025  F_UCI 0.45548
EBS_Pollock_2022 7 2025  F_Median 0.45548
EBS_Pollock_2022 7 2025  F_Mean 0.45548
EBS_Pollock_2022 7 2026 F0 0 
EBS_Pollock_2022 7 2026 Fabc 0.45548
EBS_Pollock_2022 7 2026 Fofl 0.611608
EBS_Pollock_2022 7 2026  F_LCI 0.515817
EBS_Pollock_2022 7 2026  F_UCI 0.611608
EBS_Pollock_2022 7 2026  F_Median 0.553797
EBS_Pollock_2022 7 2026  F_Mean 0.560217
EBS_Pollock_2022 7 2027 F0 0 
EBS_Pollock_2022 7 2027 Fabc 0.45548
EBS_Pollock_2022 7 2027 Fofl 0.611608
EBS_Pollock_2022 7 2027  F_LCI 0.400095
EBS_Pollock_2022 7 2027  F_UCI 0.611608
EBS_Pollock_2022 7 2027  F_Median 0.50469
EBS_Pollock_2022 7 2027  F_Mean 0.511042
EBS_Pollock_2022 7 2028 F0 0 
EBS_Pollock_2022 7 2028 Fabc 0.45548
EBS_Pollock_2022 7 2028 Fofl 0.611608
EBS_Pollock_2022 7 2028  F_LCI 0.372033
EBS_Pollock_2022 7 2028  F_UCI 0.611608
EBS_Pollock_2022 7 2028  F_Median 0.517802
EBS_Pollock_2022 7 2028  F_Mean 0.513762
EBS_Pollock_2022 7 2029 F0 0 
EBS_Pollock_2022 7 2029 Fabc 0.45548
EBS_Pollock_2022 7 2029 Fofl 0.611608
EBS_Pollock_2022 7 2029  F_LCI 0.367728
EBS_Pollock_2022 7 2029  F_UCI 0.611608
EBS_Pollock_2022 7 2029  F_Median 0.539335
EBS_Pollock_2022 7 2029  F_Mean 0.522442
EBS_Pollock_2022 7 2030 F0 0 
EBS_Pollock_2022 7 2030 Fabc 0.45548
EBS_Pollock_2022 7 2030 Fofl 0.611608
EBS_Pollock_2022 7 2030  F_LCI 0.364559
EBS_Pollock_2022 7 2030  F_UCI 0.611608
EBS_Pollock_2022 7 2030  F_Median 0.546418
EBS_Pollock_2022 7 2030  F_Mean 0.526015
EBS_Pollock_2022 7 2031 F0 0 
EBS_Pollock_2022 7 2031 Fabc 0.45548
EBS_Pollock_2022 7 2031 Fofl 0.611608
EBS_Pollock_2022 7 2031  F_LCI 0.366661
EBS_Pollock_2022 7 2031  F_UCI 0.611608
EBS_Pollock_2022 7 2031  F_Median 0.542692
EBS_Pollock_2022 7 2031  F_Mean 0.523717
EBS_Pollock_2022 7 2032 F0 0 
EBS_Pollock_2022 7 2032 Fabc 0.45548
EBS_Pollock_2022 7 2032 Fofl 0.611608
EBS_Pollock_2022 7 2032  F_LCI 0.363159
EBS_Pollock_2022 7 2032  F_UCI 0.611608
EBS_Pollock_2022 7 2032  F_Median 0.539307
EBS_Pollock_2022 7 2032  F_Mean 0.521073
EBS_Pollock_2022 7 2033 F0 0 
EBS_Pollock_2022 7 2033 Fabc 0.45548
EBS_Pollock_2022 7 2033 Fofl 0.611608
EBS_Pollock_2022 7 2033  F_LCI 0.355898
EBS_Pollock_2022 7 2033  F_UCI 0.611608
EBS_Pollock_2022 7 2033  F_Median 0.537021
EBS_Pollock_2022 7 2033  F_Mean 0.52091
EBS_Pollock_2022 7 2034 F0 0 
EBS_Pollock_2022 7 2034 Fabc 0.45548
EBS_Pollock_2022 7 2034 Fofl 0.611608
EBS_Pollock_2022 7 2034  F_LCI 0.358794
EBS_Pollock_2022 7 2034  F_UCI 0.611608
EBS_Pollock_2022 7 2034  F_Median 0.534596
EBS_Pollock_2022 7 2034  F_Mean 0.518785
EBS_Pollock_2022 7 2035 F0 0 
EBS_Pollock_2022 7 2035 Fabc 0.45548
EBS_Pollock_2022 7 2035 Fofl 0.611608
EBS_Pollock_2022 7 2035  F_LCI 0.357309
EBS_Pollock_2022 7 2035  F_UCI 0.611608
EBS_Pollock_2022 7 2035  F_Median 0.528947
EBS_Pollock_2022 7 2035  F_Mean 0.518886
EBS_Pollock_2022 7 2036 F0 0 
EBS_Pollock_2022 7 2036 Fabc 0.45548
EBS_Pollock_2022 7 2036 Fofl 0.611608
EBS_Pollock_2022 7 2036  F_LCI 0.357844
EBS_Pollock_2022 7 2036  F_UCI 0.611608
EBS_Pollock_2022 7 2036  F_Median 0.532002
EBS_Pollock_2022 7 2036  F_Mean 0.517917
