77707.6915123443   -77707.6911384124
Total number of readers: 3
Number of data sets: 1
Bias options by reader: 0
Bias options by reader: 1
Bias options by reader: 1
Sigma options by reader: 1
Sigma options by reader: 1
Sigma options by reader: 1
Total objective function: 77707.6915123443
maximum gradient: -3.24252250922651e+30
Number of readers:  3
Range of ages:  1  -  23
Reader # 1  Minus/Plus ages:  0  /  15
Number of data sets: 1
Number of lines of data per data set:  265
Number of data points per data set: 23628


# Bias options
#   -X: Mirrored with pattrn X
#   0: Unbiased [0 parameters]
#   1: Linearly proportional to age [1 parameter]
#   2: Michaelis-Menten [3 parameters]

# SD options
#   1: Constant CV [1 parameter]
#   2: SD Michaelis-Menten [3 parameters]
#   3: CV Michaelis-Menten [3 parameters]
#   4: Known perfectly [0 parameters]
#   5: SD spline function of age [variable parameters]
#   6: SD linear piecewise function of age [
      variable parameters
      ]
#   7: SD linear function of age [2 parameters]
#   8: CV linear function of age [2 parameters]
Reader BiasType SigmaType
1   0   1
2   1   1
3   1   1

Reader Age CV SD Expected age
1   0   0.09442   0.09442   0.5
1   1   0.09442   0.09442   1.5
1   2   0.09442   0.18885   2.5
1   3   0.09442   0.28327   3.5
1   4   0.09442   0.37769   4.5
1   5   0.09442   0.47212   5.5
1   6   0.09442   0.56654   6.5
1   7   0.09442   0.66096   7.5
1   8   0.09442   0.75538   8.5
1   9   0.09442   0.84981   9.5
1   10   0.09442   0.94423   10.5
1   11   0.09442   1.03865   11.5
1   12   0.09442   1.13308   12.5
1   13   0.09442   1.2275   13.5
1   14   0.09442   1.32192   14.5
1   15   0.09442   1.41635   15.5
1   16   0.09442   1.51077   16.5
1   17   0.09442   1.60519   17.5
1   18   0.09442   1.69962   18.5
1   19   0.09442   1.79404   19.5
1   20   0.09442   1.88846   20.5
1   21   0.09442   1.98289   21.5
1   22   0.09442   2.07731   22.5
1   23   0.09442   2.17173   23.5
2   0   0.01001   0.01001   0.49999
2   1   0.01001   0.01001   1.49997
2   2   0.01001   0.02002   2.49994
2   3   0.01001   0.03003   3.49992
2   4   0.01001   0.04003   4.4999
2   5   0.01001   0.05004   5.49987
2   6   0.01001   0.06005   6.49985
2   7   0.01001   0.07006   7.49983
2   8   0.01001   0.08007   8.49981
2   9   0.01001   0.09008   9.49978
2   10   0.01001   0.10009   10.49976
2   11   0.01001   0.11009   11.49974
2   12   0.01001   0.1201   12.49971
2   13   0.01001   0.13011   13.49969
2   14   0.01001   0.14012   14.49967
2   15   0.01001   0.15013   15.49964
2   16   0.01001   0.16014   16.49962
2   17   0.01001   0.17015   17.4996
2   18   0.01001   0.18015   18.49958
2   19   0.01001   0.19016   19.49955
2   20   0.01001   0.20017   20.49953
2   21   0.01001   0.21018   21.49951
2   22   0.01001   0.22019   22.49948
2   23   0.01001   0.2302   23.49946
3   0   0.1132   0.1132   0.51926
3   1   0.1132   0.1132   1.55777
3   2   0.1132   0.2264   2.59629
3   3   0.1132   0.3396   3.6348
3   4   0.1132   0.4528   4.67332
3   5   0.1132   0.566   5.71183
3   6   0.1132   0.6792   6.75035
3   7   0.1132   0.7924   7.78886
3   8   0.1132   0.9056   8.82738
3   9   0.1132   1.0188   9.86589
3   10   0.1132   1.132   10.90441
3   11   0.1132   1.2452   11.94293
3   12   0.1132   1.35839   12.98144
3   13   0.1132   1.47159   14.01996
3   14   0.1132   1.58479   15.05847
3   15   0.1132   1.69799   16.09699
3   16   0.1132   1.81119   17.1355
3   17   0.1132   1.92439   18.17402
3   18   0.1132   2.03759   19.21253
3   19   0.1132   2.15079   20.25105
3   20   0.1132   2.26399   21.28956
3   21   0.1132   2.37719   22.32808
3   22   0.1132   2.49039   23.36659
3   23   0.1132   2.60359   24.40511

Estimated age-structure by data set
===================================
Age  Data set# 1
Age  1.90141106016344e-06
Age  0.000190141466111742
Age  0.0200655196249803
Age  0.0743042103814966
Age  0.208614803704937
Age  0.2505911922903
Age  0.18734543039962
Age  0.124503642312512
Age  0.0712338116233146
Age  0.0353383648104463
Age  0.0160133239824787
Age  0.00602714635095885
Age  0.00239398761412012
Age  0.00112290786703679
Age  0.000572102941260404
Age  0.000191745265110058
Age  0.000190498929861761
Age  0.000189260695734241
Age  0.000188030510070593
Age  0.000186808320556178
Age  0.000185594075216401
Age  0.000184387722414497
Age  0.000183189210849341
Age  0.00018199848955326

Final age-reading error matrices
Matrix for reader#  1
0.9999999 1.13985e-07 0 0 0 0 0 0 0 0 0 0 0 0 0 0 0 0 0 0 0 0 0 0
1.13985e-07 0.9999998 1.13985e-07 0 0 0 0 0 0 0 0 0 0 0 0 0 0 0 0 0 0 0 0 0
2.174134e-14 0.00424048 0.991519 0.00424048 2.176037e-14 0 0 0 0 0 0 0 0 0 0 0 0 0 0 0 0 0 0 0
5.473613e-17 1.13985e-07 0.03915838 0.921683 0.03915838 1.13985e-07 0 0 0 0 0 0 0 0 0 0 0 0 0 0 0 0 0 0
2.442011e-18 8.424933e-11 4.425705e-05 0.09305675 0.813798 0.09305675 4.425705e-05 8.424927e-11 0 0 0 0 0 0 0 0 0 0 0 0 0 0 0 0
3.657943e-19 6.629182e-13 1.139843e-07 0.000814206 0.1441966 0.7099782 0.1441966 0.000814206 1.139843e-07 6.629142e-13 0 0 0 0 0 0 0 0 0 0 0 0 0 0
1.01892e-19 2.174123e-14 1.058263e-09 7.041751e-06 0.004233437 0.1846534 0.6222123 0.1846534 0.004233437 7.041751e-06 1.058263e-09 2.176037e-14 0 0 0 0 0 0 0 0 0 0 0 0
4.06574e-20 1.743288e-15 2.746332e-11 1.139575e-07 9.26644e-05 0.01182624 0.2128718 0.5504184 0.2128718 0.01182624 9.26644e-05 1.139575e-07 2.746325e-11 1.776357e-15 0 0 0 0 0 0 0 0 0 0
2.035071e-20 2.520239e-16 1.522843e-12 3.579393e-09 2.650208e-06 0.0005169538 0.02337472 0.2301962 0.4918189 0.2301962 0.02337472 0.0005169538 2.650208e-06 3.579393e-09 1.522893e-12 2.220446e-16 0 0 0 0 0 0 0 0
1.185932e-20 5.472427e-17 1.476427e-13 1.983391e-10 1.137865e-07 2.428305e-05 0.001721238 0.03741286 0.239041 0.4436009 0.239041 0.03741286 0.001721238 2.428305e-05 1.137865e-07 1.983391e-10 1.476597e-13 0 0 0 0 0 0 0
7.691017e-21 1.590668e-17 2.172542e-14 1.741682e-11 7.310027e-09 1.444063e-06 0.0001222889 0.00411674 0.05221298 0.2418079 0.4034773 0.2418079 0.05221298 0.00411674 0.0001222889 1.444063e-06 7.310027e-09 1.741685e-11 2.176037e-14 0 0 0 0 0
5.392689e-21 5.737257e-18 4.391287e-15 2.211695e-12 6.718675e-10 1.133109e-07 9.836165e-06 0.0004116407 0.007879373 0.06639657 0.2404544 0.3696961 0.2404544 0.06639657 0.007879373 0.0004116407 9.836165e-06 1.133109e-07 6.718675e-10 2.211675e-12 4.440892e-15 0 0 0
4.009795e-21 2.438001e-18 1.135241e-15 3.776385e-13 8.387055e-11 1.16492e-08 9.518158e-07 4.329358e-05 0.001045535 0.01290355 0.07910767 0.2364315 0.340935 0.2364315 0.07910767 0.01290355 0.001045535 4.329358e-05 9.518158e-07 1.16492e-08 8.387047e-11 3.776979e-13 1.110223e-15 0
3.119577e-21 1.176721e-18 3.563488e-16 8.192605e-14 1.355391e-11 1.531458e-09 1.124399e-07 5.122695e-06 0.0001389798 0.002167516 0.01888443 0.08994589 0.2307608 0.3161943 0.2307608 0.08994589 0.01888443 0.002167516 0.0001389798 5.122695e-06 1.124399e-07 1.531458e-09 1.355394e-11 8.226753e-14
2.51503e-21 6.282e-19 1.30674e-16 2.161003e-14 2.721517e-12 2.501915e-10 1.611797e-08 7.001793e-07 1.979812e-05 0.0003531043 0.003866861 0.0254362 0.09882674 0.2241407 0.2947117 0.2241407 0.09882674 0.0254362 0.003866861 0.0003531043 1.979812e-05 7.001793e-07 1.611797e-08 2.529348e-10
2.086361e-21 3.637079e-19 5.437033e-17 6.696679e-15 6.561671e-13 4.940345e-11 2.763258e-09 1.111716e-07 3.121513e-06 5.950658e-05 0.0007515779 0.006158758 0.03218542 0.1058524 0.2170393 0.2758997 0.2170393 0.1058524 0.03218542 0.006158758 0.0007515779 5.950658e-05 3.121513e-06 1.13985e-07
1.771428e-21 2.249887e-19 2.509948e-17 2.372967e-15 1.847021e-13 1.150042e-11 5.569001e-10 2.041034e-08 5.51731e-07 1.073953e-05 0.0001472796 0.001395732 0.008990012 0.03882295 0.1112177 0.2097649 0.2593003 0.2097649 0.1112177 0.03882295 0.008990012 0.001395732 0.0001472796 1.131224e-05
1.533115e-21 1.470044e-19 1.263318e-17 9.410695e-16 5.931539e-14 3.088099e-12 1.29685e-10 4.29283e-09 1.095593e-07 2.111284e-06 3.013312e-05 0.000312989 0.002329519 0.01225955 0.04512148 0.1151508 0.2025173 0.244552 0.2025173 0.1151508 0.04512148 0.01225955 0.002329519 0.0003453474
1.348231e-21 1.005437e-19 6.837742e-18 4.105476e-16 2.132385e-14 9.388171e-13 3.433734e-11 1.022986e-09 2.435709e-08 4.551487e-07 6.562245e-06 7.18604e-05 0.000589223 0.003572354 0.01584232 0.05093211 0.117879 0.1954229 0.2313665 0.1954229 0.117879 0.05093211 0.01584232 0.00424048
1.201716e-21 7.147187e-20 3.936147e-18 1.942919e-16 8.448228e-15 3.180334e-13 1.018828e-11 2.730882e-10 6.02467e-09 1.076767e-07 1.535841e-06 1.723866e-05 0.0001503047 0.001006178 0.005118273 0.01960946 0.05617128 0.1196113 0.1885585 0.2195116 0.1885585 0.1196113 0.05617128 0.0259031
1.083463e-21 5.250267e-20 2.388425e-18 9.861453e-17 3.641017e-15 1.184375e-13 3.344297e-12 8.078285e-11 1.645601e-09 2.788129e-08 3.877319e-07 4.370582e-06 3.946921e-05 0.0002825033 0.001587175 0.006939793 0.02344219 0.06080509 0.1205317 0.1819682 0.2087981 0.1819682 0.1205317 0.09310101
9.864918e-22 3.967091e-20 1.516581e-18 5.317889e-17 1.688592e-15 4.793242e-14 1.200813e-12 2.621457e-11 4.925072e-10 7.86704e-09 1.05598e-07 1.177864e-06 1.080332e-05 8.068322e-05 0.0004862604 0.002345825 0.008994151 0.02723948 0.06483475 0.1207975 0.1756739 0.1990706 0.1756739 0.2247908
9.058583e-22 3.071492e-20 1.001664e-18 3.023135e-17 8.35055e-16 2.087502e-14 4.67014e-13 9.246963e-12 1.602809e-10 2.406199e-09 3.096314e-08 3.381392e-07 3.10433e-06 2.374604e-05 0.000150096 0.0007780541 0.003285108 0.01122994 0.03092096 0.06828461 0.1205406 0.1696833 0.1902003 0.4048999
8.379836e-22 2.429075e-20 6.847119e-19 1.799934e-17 4.369704e-16 9.701357e-15 1.950447e-13 3.51656e-12 5.631136e-11 7.9334e-10 9.743309e-09 1.033883e-07 9.398335e-07 7.259928e-06 4.729532e-05 0.0002580188 0.001171215 0.004398063 0.01359293 0.03442666 0.07119302 0.11987 0.1639946 0.5910399
Matrix for reader#  2
1 0 0 0 0 0 0 0 0 0 0 0 0 0 0 0 0 0 0 0 0 0 0 0
5.836177e-87 1 0 0 0 0 0 0 0 0 0 0 0 0 0 0 0 0 0 0 0 0 0 0
4.301601e-89 8.27955e-65 1 0 0 0 0 0 0 0 0 0 0 0 0 0 0 0 0 0 0 0 0 0
3.343559e-89 5.800387e-87 1.22066e-42 1 0 0 0 0 0 0 0 0 0 0 0 0 0 0 0 0 0 0 0 0
3.129753e-89 9.85599e-89 1.931842e-81 7.604942e-29 1 0 0 0 0 0 0 0 0 0 0 0 0 0 0 0 0 0 0 0
3.042442e-89 2.697748e-89 5.775951e-87 1.656971e-73 1.30844e-20 1 0 0 0 0 0 0 0 0 0 0 0 0 0 0 0 0 0 0
2.996255e-89 1.305273e-89 2.448689e-88 4.967406e-84 8.264452e-65 1.714332e-15 1 1.665335e-15 0 0 0 0 0 0 0 0 0 0 0 0 0 0 0 0
2.968019e-89 7.949475e-90 6.323779e-89 5.732283e-87 5.428889e-80 1.76256e-56 3.7889e-12 1 3.675948e-12 0 0 0 0 0 0 0 0 0 0 0 0 0 0 0
2.94909e-89 5.479711e-90 2.831043e-89 4.303301e-88 5.402832e-85 3.333974e-75 4.809474e-49 7.373676e-10 1 7.174087e-10 0 0 0 0 0 0 0 0 0 0 0 0 0 0
2.935566e-89 4.079766e-90 1.616626e-89 1.138071e-88 5.66963e-87 2.042253e-82 4.848542e-70 1.218384e-42 3.146381e-08 0.9999999 3.068604e-08 0 0 0 0 0 0 0 0 0 0 0 0 0
2.925443e-89 3.200474e-90 1.056023e-89 4.92479e-89 6.30119e-88 1.730822e-85 2.4097e-79 8.261436e-65 3.198245e-37 4.988999e-07 0.999999 4.875623e-07 0 0 0 0 0 0 0 0 0 0 0 0
2.917593e-89 2.606878e-90 7.509198e-90 2.713337e-89 1.76407e-88 5.590135e-87 1.246244e-83 6.422902e-76 1.007997e-59 1.144258e-32 4.044987e-06 0.999992 3.959935e-06 0 0 0 0 0 0 0 0 0 0 0
2.911333e-89 2.184123e-90 5.660198e-90 1.717742e-89 7.571854e-89 8.270461e-88 8.666592e-86 1.931119e-81 2.810744e-72 6.502722e-55 7.593716e-29 2.050652e-05 0.9999594 2.010518e-05 0 0 0 0 0 0 0 0 0 0
2.906228e-89 1.870365e-90 4.451377e-90 1.188787e-89 4.089122e-89 2.47734e-88 5.497021e-87 2.389546e-84 5.594103e-79 1.528575e-68 1.890382e-50 1.245669e-25 7.413416e-05 0.9998531 7.277634e-05 0 0 0 0 0 0 0 0 0
2.901987e-89 1.629756e-90 3.615215e-90 8.750232e-90 2.536252e-89 1.071746e-88 1.011313e-87 5.43059e-86 1.130145e-82 2.594235e-76 8.260144e-65 2.329167e-46 6.469828e-23 0.0002088248 0.9995859 0.0002052277 0 0 0 0 0 0 0 0
2.89841e-89 1.440276e-90 3.011022e-90 6.737494e-90 1.722837e-89 5.737039e-89 3.243837e-88 5.393726e-87 8.084102e-85 8.571473e-81 1.656139e-73 3.749377e-61 1.217929e-42 1.306973e-20 0.0004873686 0.9990332 0.0004794383 0 0 0 0 0 0 0
2.895352e-89 1.287747e-90 2.558995e-90 5.368711e-90 1.247223e-89 3.512704e-89 1.42784e-88 1.178217e-87 3.865406e-86 1.787076e-83 9.608772e-79 1.269673e-70 1.269967e-57 2.807823e-39 1.214572e-18 0.0009844375 0.9980463 0.0009692456 0 0 0 0 0 0
2.892709e-89 1.162677e-90 2.211082e-90 4.394802e-90 9.461763e-90 2.354902e-89 7.637147e-89 4.033681e-88 5.283408e-87 3.759954e-85 5.669928e-82 1.461894e-76 1.039715e-67 2.970675e-54 3.022993e-36 5.947895e-17 0.001776312 0.9964735 0.00175022 1.110223e-16 0 0 0 0
2.890402e-89 1.058499e-90 1.936917e-90 3.676424e-90 7.439181e-90 1.683912e-89 4.643114e-89 1.815903e-88 1.32616e-87 2.977506e-86 4.935563e-84 2.467513e-80 2.77853e-74 8.259426e-65 4.58565e-51 1.623427e-33 1.712859e-15 0.002931005 0.9941791 0.002889894 1.665335e-15 0 0 0
2.888371e-89 9.705437e-91 1.71653e-90 3.130723e-90 6.015846e-90 1.263157e-89 3.084992e-89 9.759732e-89 4.823016e-88 5.168735e-87 2.124389e-85 8.587188e-83 1.400439e-78 6.110736e-72 5.898518e-62 4.571681e-48 4.652008e-31 3.169497e-14 0.004501204 0.9910581 0.004440737 3.075318e-14 0 0
2.886569e-89 8.954079e-91 1.536337e-90 2.705939e-90 4.976453e-90 9.830143e-90 2.185903e-89 5.918383e-89 2.226342e-88 1.455303e-87 2.416636e-86 1.914936e-84 1.929139e-81 9.843631e-77 1.452464e-69 3.573967e-59 2.931006e-45 7.591472e-29 4.049142e-13 0.00652077 0.9870426 0.006436651 3.93019e-13 0
2.884961e-89 8.305593e-91 1.386828e-90 2.368388e-90 4.194155e-90 7.875286e-90 1.625474e-89 3.910647e-89 1.206936e-88 5.594043e-88 5.051851e-87 1.362772e-85 2.159447e-83 5.425518e-80 8.149233e-75 3.517486e-67 1.761413e-56 1.217734e-42 7.496219e-27 3.786352e-12 0.009004379 0.9821031 0.008892563 3.678391e-12
2.883515e-89 7.740788e-91 1.26118e-90 2.09538e-90 3.590388e-90 6.458835e-90 1.254741e-89 2.752874e-89 7.325403e-89 2.650293e-88 1.566724e-87 2.034125e-86 9.264047e-85 2.999321e-82 1.847961e-78 7.580145e-73 8.258969e-65 6.859003e-54 3.330069e-40 4.733997e-25 2.718411e-11 0.01194935 0.9762445 0.01180619
2.88221e-89 7.244876e-91 1.154391e-90 1.871178e-90 3.114424e-90 5.400389e-90 9.976974e-90 2.033432e-89 4.827091e-89 1.452838e-88 6.334252e-88 4.934422e-87 9.538548e-86 7.549634e-84 5.031955e-81 7.371459e-77 7.588465e-71 1.805167e-62 2.071843e-51 6.118255e-38 2.009566e-23 1.558463e-10 0.01533869 0.9846613
Matrix for reader#  3
0.9999857 1.431122e-05 0 0 0 0 0 0 0 0 0 0 0 0 0 0 0 0 0 0 0 0 0 0
6.826214e-07 0.9999421 5.723473e-05 0 0 0 0 0 0 0 0 0 0 0 0 0 0 0 0 0 0 0 0 0
6.32887e-12 0.004413645 0.9579235 0.03766281 9.339761e-10 0 0 0 0 0 0 0 0 0 0 0 0 0 0 0 0 0 0 0
7.260756e-14 1.161565e-06 0.03117014 0.827494 0.1412983 3.642939e-05 1.069766e-11 0 0 0 0 0 0 0 0 0 0 0 0 0 0 0 0 0
7.073639e-15 4.782346e-09 0.0001290805 0.06873786 0.6957274 0.2335938 0.001811647 2.474268e-07 1.007971e-12 0 0 0 0 0 0 0 0 0 0 0 0 0 0 0
1.701186e-15 1.204646e-10 1.290252e-06 0.0013415 0.1032139 0.590074 0.2936481 0.01168794 3.323301e-05 7.955122e-09 2.352563e-13 0 0 0 0 0 0 0 0 0 0 0 0 0
6.506914e-16 8.946607e-12 3.609464e-08 3.231522e-05 0.005157505 0.1296856 0.5085113 0.3233398 0.03275865 0.0005135492 1.330299e-06 6.786757e-10 8.781864e-14 0 0 0 0 0 0 0 0 0 0 0
3.258264e-16 1.306732e-12 2.23017e-09 1.347469e-06 0.0002459691 0.01204088 0.1476479 0.4451122 0.3313816 0.06078846 0.00274965 3.185379e-05 1.034793e-07 1.081608e-10 4.318768e-14 0 0 0 0 0 0 0 0 0
1.934141e-16 2.982301e-13 2.457012e-10 9.52651e-08 1.550236e-05 0.0009618431 0.02118239 0.1584629 0.3949615 0.3264196 0.08951833 0.008215717 0.0002592405 2.967064e-06 1.335078e-08 2.618361e-11 2.520206e-14 0 0 0 0 0 0 0
1.287127e-16 9.265297e-14 4.135884e-11 1.044877e-08 1.373298e-06 8.714381e-05 0.002509532 0.03129934 0.1639296 0.3545342 0.314577 0.1146226 0.01730359 0.001104398 3.086482e-05 3.974522e-07 2.51818e-09 8.483214e-12 1.654232e-14 0 0 0 0 0
9.283086e-17 3.59174e-14 9.550664e-12 1.629574e-09 1.674641e-07 9.780796e-06 0.0003085541 0.00504051 0.04127638 0.1656469 0.3213657 0.2996012 0.1343023 0.02916184 0.003114307 0.0001676306 4.706696e-06 7.203352e-08 6.332278e-10 3.392286e-12 1.187939e-14 0 0 0
7.100425e-17 1.640396e-14 2.805203e-12 3.36438e-10 2.695593e-08 1.378616e-06 4.318542e-05 0.0007992358 0.008480395 0.05038965 0.1648442 0.2937214 0.2836167 0.1484545 0.04236324 0.006666437 0.0005888491 2.99134e-05 9.012226e-07 1.670487e-08 1.9864e-10 1.586509e-12 8.992806e-15 0
5.676545e-17 8.486253e-15 9.929148e-13 8.695417e-11 5.486894e-09 2.406136e-07 7.090959e-06 0.0001362509 0.001662483 0.01259961 0.05827921 0.1624051 0.2703605 0.267764 0.157783 0.0555556 0.01178959 0.001527824 0.0001230698 6.300955e-06 2.105572e-07 4.734148e-09 7.406875e-11 8.433254e-13
4.695711e-17 4.836634e-15 4.071936e-13 2.694598e-11 1.359781e-09 5.08271e-08 1.369212e-06 2.591891e-05 0.0003370217 0.002951027 0.01711232 0.06484086 0.1589431 0.2503785 0.2526174 0.1632346 0.06777008 0.01819591 0.003190889 0.0003703482 2.892455e-05 1.550419e-06 5.83426e-08 1.612743e-09
3.990146e-17 2.97631e-15 1.879122e-13 9.683364e-12 3.974326e-10 1.26876e-08 3.08013e-07 5.567298e-06 7.347924e-05 0.0006959039 0.004657734 0.02174941 0.07012184 0.1548762 0.2331039 0.2384352 0.165723 0.07845725 0.0254263 0.005683432 0.0008851178 9.725766e-05 7.653945e-06 4.58206e-07
3.464426e-17 1.948154e-15 9.545364e-14 3.931892e-12 1.334584e-10 3.660578e-09 7.962784e-08 1.349483e-06 1.75247e-05 0.0001717553 0.001253204 0.00672674 0.02629496 0.07424544 0.1504856 0.2180289 0.225303 0.1660231 0.08739963 0.0329955 0.00898541 0.001778895 0.0002585354 3.031914e-05
3.061173e-17 1.341092e-15 5.247498e-14 1.767447e-12 5.039948e-11 1.197111e-09 2.331531e-08 3.667878e-07 4.595042e-06 4.524074e-05 0.0003458524 0.002030818 0.009073115 0.03059552 0.07736376 0.1459587 0.2047638 0.2132149 0.1647514 0.09459957 0.04048481 0.01297238 0.003131328 0.0006638482
2.744255e-17 9.624825e-16 3.081011e-14 8.653925e-13 2.103338e-11 4.363624e-10 7.625285e-09 1.108093e-07 1.322858e-06 1.282582e-05 9.992398e-05 0.0006195075 0.003029942 0.01160175 0.03455442 0.07963121 0.1414189 0.1930043 0.2021194 0.1623801 0.1001849 0.04758096 0.01745788 0.006302564
2.49001e-17 7.152536e-16 1.911954e-14 4.555632e-13 9.562312e-12 1.747782e-10 2.750458e-09 3.686e-08 4.162661e-07 3.922075e-06 3.054369e-05 0.0001949037 0.001011057 0.004233623 0.01422119 0.03812044 0.08119106 0.1369462 0.1825105 0.191944 0.1592628 0.1043428 0.05407852 0.03190805
2.282421e-17 5.474032e-16 1.243578e-14 2.551371e-13 4.680032e-12 7.599678e-11 1.081919e-09 1.337654e-08 1.423259e-07 1.291903e-06 9.921953e-06 6.3978e-05 0.0003438966 0.001530956 0.005611854 0.01685173 0.0412756 0.08216984 0.1325911 0.1730899 0.1826098 0.1556605 0.107278 0.1009115
2.110325e-17 4.295813e-16 8.420584e-15 1.507108e-13 2.441766e-12 3.550698e-11 4.59547e-10 5.250434e-09 5.25365e-08 4.568895e-07 3.428329e-06 2.204385e-05 0.0001206796 0.0005591705 0.002181083 0.007127208 0.01942892 0.04402463 0.08267606 0.128384 0.1645873 0.1740382 0.1517635 0.2250833
1.965748e-17 3.444611e-16 5.903132e-15 9.323404e-14 1.34701e-12 1.767082e-11 2.089609e-10 2.211534e-09 2.080293e-08 1.727589e-07 1.258471e-06 7.992279e-06 4.399594e-05 0.0002087983 0.000850069 0.002955494 0.008739748 0.02190399 0.04638668 0.08280099 0.124342 0.1568756 0.1661549 0.3887283
1.842868e-17 2.814063e-16 4.264935e-15 6.004789e-14 7.803006e-13 9.298214e-12 1.009581e-10 9.925863e-10 8.782661e-09 6.952471e-08 4.89581e-07 3.050042e-06 1.672347e-05 8.030869e-05 0.0003362287 0.001222138 0.003842044 0.0104107 0.02424249 0.04838924 0.08262047 0.120473 0.14985 0.5585131
1.737345e-17 2.336603e-16 3.163608e-15 4.0065e-14 4.719035e-13 5.140257e-12 5.149031e-11 4.717155e-10 3.931006e-09 2.964238e-08 2.012327e-07 1.223866e-06 6.637267e-06 3.195503e-05 0.0001360113 0.000509815 0.001676882 0.004824332 0.01210485 0.02642214 0.05006384 0.08219704 0.1167787 0.7052464

Variable estimate SD
BiasPar 0.999977079332519 NaN
BiasPar 1.03851525099905 NaN
SDPar 0.0944231214525063 NaN
SDPar 0.0100086039811824 NaN
SDPar 0.113199553924009 NaN
Slope -0.00652116987756704 NaN
Probs -4.60517207981875 NaN
Probs 4.65898982585201 NaN
Probs 5.96815454281803 NaN
Probs 7.0004764323796 NaN
Probs 7.18380982074204 NaN
Probs 6.8929410596126 NaN
Probs 6.48432189638397 NaN
Probs 5.92595451343187 NaN
Probs 5.2249561209866 NaN
Probs 4.43340804998666 NaN
Probs 3.45626058214602 NaN
Probs 2.53294735878978 NaN
Probs 1.77590855595623 NaN
Probs 1.10155058882893 NaN
Probs 0.00839939330779904 NaN
