29808.0440610802   -29807.9907748058
Total number of readers: 3
Number of data sets: 1
Bias options by reader: 0
Bias options by reader: -1
Bias options by reader: 1
Sigma options by reader: 1
Sigma options by reader: 1
Sigma options by reader: 1
Total objective function: 29808.0440610802
maximum gradient: 1.20142658885811
Number of readers:  3
Range of ages:  1  -  23
Reader # 1  Minus/Plus ages:  1  /  15
Number of data sets: 1
Number of lines of data per data set:  188
Number of data points per data set: 9837


# Bias options
#   -X: Mirrored with pattrn X
#   0: Unbiased [0 parameters]
#   1: Linearly proportional to age [1 parameter]
#   2: Michaelis-Menten [3 parameters]

# SD options
#   1: Constant CV [1 parameter]
#   2: SD Michaelis-Menten [3 parameters]
#   3: CV Michaelis-Menten [3 parameters]
#   4: Known perfectly [0 parameters]
#   5: SD spline function of age [variable parameters]
#   6: SD linear piecewise function of age [
      variable parameters
      ]
#   7: SD linear function of age [2 parameters]
#   8: CV linear function of age [2 parameters]
Reader BiasType SigmaType
1   0   1
2   -1   1
3   1   1

Reader Age CV SD Expected age
1   0   0.05989   0.05989   0.5
1   1   0.05989   0.05989   1.5
1   2   0.05989   0.11979   2.5
1   3   0.05989   0.17968   3.5
1   4   0.05989   0.23957   4.5
1   5   0.05989   0.29947   5.5
1   6   0.05989   0.35936   6.5
1   7   0.05989   0.41925   7.5
1   8   0.05989   0.47915   8.5
1   9   0.05989   0.53904   9.5
1   10   0.05989   0.59893   10.5
1   11   0.05989   0.65883   11.5
1   12   0.05989   0.71872   12.5
1   13   0.05989   0.77861   13.5
1   14   0.05989   0.83851   14.5
1   15   0.05989   0.8984   15.5
1   16   0.05989   0.95829   16.5
1   17   0.05989   1.01819   17.5
1   18   0.05989   1.07808   18.5
1   19   0.05989   1.13797   19.5
1   20   0.05989   1.19787   20.5
1   21   0.05989   1.25776   21.5
1   22   0.05989   1.31765   22.5
1   23   0.05989   1.37755   23.5
2   0   0.01   0.01   0.5
2   1   0.01   0.01   1.5
2   2   0.01   0.02   2.5
2   3   0.01   0.03   3.5
2   4   0.01   0.04   4.5
2   5   0.01   0.05   5.5
2   6   0.01   0.06   6.5
2   7   0.01   0.07   7.5
2   8   0.01   0.08   8.5
2   9   0.01   0.09   9.5
2   10   0.01   0.1   10.5
2   11   0.01   0.11   11.5
2   12   0.01   0.12   12.5
2   13   0.01   0.13   13.5
2   14   0.01   0.14   14.5
2   15   0.01   0.15   15.5
2   16   0.01   0.16   16.5
2   17   0.01   0.17   17.5
2   18   0.01   0.18   18.5
2   19   0.01   0.19   19.5
2   20   0.01   0.2   20.5
2   21   0.01   0.21   21.5
2   22   0.01   0.22   22.5
2   23   0.01   0.23   23.5
3   0   0.12569   0.12569   0.49905
3   1   0.12569   0.12569   1.49715
3   2   0.12569   0.25139   2.49524
3   3   0.12569   0.37708   3.49334
3   4   0.12569   0.50277   4.49144
3   5   0.12569   0.62846   5.48954
3   6   0.12569   0.75416   6.48763
3   7   0.12569   0.87985   7.48573
3   8   0.12569   1.00554   8.48383
3   9   0.12569   1.13123   9.48193
3   10   0.12569   1.25693   10.48002
3   11   0.12569   1.38262   11.47812
3   12   0.12569   1.50831   12.47622
3   13   0.12569   1.63401   13.47431
3   14   0.12569   1.7597   14.47241
3   15   0.12569   1.88539   15.47051
3   16   0.12569   2.01108   16.46861
3   17   0.12569   2.13678   17.4667
3   18   0.12569   2.26247   18.4648
3   19   0.12569   2.38816   19.4629
3   20   0.12569   2.51386   20.461
3   21   0.12569   2.63955   21.45909
3   22   0.12569   2.76524   22.45719
3   23   0.12569   2.89093   23.45529

Estimated age-structure by data set
===================================
Age  Data set# 1
Age  0
Age  0.0262320706243322
Age  0.0510697343089266
Age  0.0980452109422876
Age  0.316488006663489
Age  0.214868218880554
Age  0.157927095613339
Age  0.0512706869571744
Age  0.047620808763781
Age  0.0216829034201719
Age  0.00702404677716857
Age  0.00449063307044299
Age  0.00114681149377419
Age  0.000535390431063566
Age  7.29931273035002e-08
Age  0.00143854795647609
Age  0.000143791971957994
Age  1.43729175704489e-05
Age  1.43666406875113e-06
Age  1.43603665457887e-07
Age  1.43540951440842e-08
Age  1.43478264812011e-09
Age  1.43415605559433e-10
Age  1.43352973671153e-11

Final age-reading error matrices
Matrix for reader#  1
1 1.44329e-15 0 0 0 0 0 0 0 0 0 0 0 0 0 0 0 0 0 0 0 0 0 0
1.452746e-15 1 1.44329e-15 0 0 0 0 0 0 0 0 0 0 0 0 0 0 0 0 0 0 0 0 0
5.774e-29 1.939944e-05 0.9999612 1.939944e-05 0 0 0 0 0 0 0 0 0 0 0 0 0 0 0 0 0 0 0 0
1.200668e-33 1.452746e-15 0.002846974 0.9943061 0.002846974 1.44329e-15 0 0 0 0 0 0 0 0 0 0 0 0 0 0 0 0 0 0
5.650519e-36 4.79832e-22 6.626456e-10 0.01878572 0.9624286 0.01878572 6.626456e-10 0 0 0 0 0 0 0 0 0 0 0 0 0 0 0 0 0
2.321825e-37 3.617624e-26 1.452746e-15 4.630128e-07 0.04787955 0.90424 0.04787955 4.630128e-07 1.44329e-15 0 0 0 0 0 0 0 0 0 0 0 0 0 0 0
2.799559e-38 5.774e-29 8.105479e-20 1.122136e-11 1.939943e-05 0.08237853 0.8352041 0.08237853 1.939943e-05 1.122136e-11 0 0 0 0 0 0 0 0 0 0 0 0 0 0
6.221067e-39 5.677182e-31 5.13731e-23 1.452746e-15 3.470328e-09 0.0001999808 0.1165907 0.7664187 0.1165907 0.0001999808 3.470328e-09 1.44329e-15 0 0 0 0 0 0 0 0 0 0 0 0
2.02175e-39 1.772068e-32 1.790845e-25 1.000167e-18 1.314137e-12 1.677078e-07 0.0009504417 0.1476219 0.702855 0.1476219 0.0009504417 1.677078e-07 1.314171e-12 0 0 0 0 0 0 0 0 0 0 0
8.456222e-40 1.200667e-33 2.081378e-27 2.689802e-21 1.452743e-15 1.757994e-10 2.600614e-06 0.002844373 0.1741397 0.6460267 0.1741397 0.002844373 2.600614e-06 1.757994e-10 1.44329e-15 0 0 0 0 0 0 0 0 0
4.217565e-40 1.400894e-34 5.773986e-29 2.090975e-23 4.432004e-18 3.516685e-13 6.62074e-09 1.939282e-05 0.006341887 0.1956855 0.5959063 0.1956855 0.006341887 1.939282e-05 6.62074e-09 3.517187e-13 0 0 0 0 0 0 0 0
2.389852e-40 2.426533e-35 3.05073e-30 3.698128e-25 3.220857e-20 1.452714e-15 2.406435e-11 1.045834e-07 8.840581e-05 0.01160693 0.2123623 0.5518845 0.2123623 0.01160693 8.840581e-05 1.045834e-07 2.406431e-11 1.44329e-15 0 0 0 0 0 0
1.48985e-40 5.65037e-36 2.626705e-31 1.241913e-26 4.798196e-22 1.185571e-17 1.442044e-13 6.625014e-10 8.944988e-07 0.0002859563 0.01849887 0.2246165 0.5131956 0.2246165 0.01849887 0.0002859563 8.944988e-07 6.625014e-10 1.44218e-13 0 0 0 0 0
9.993975e-41 1.651292e-36 3.300326e-32 6.917524e-28 1.287141e-23 1.7631e-19 1.452569e-15 5.840666e-12 9.332926e-09 4.903511e-06 0.0007225398 0.02666587 0.2330607 0.479092 0.2330607 0.02666587 0.0007225398 4.903511e-06 9.332926e-09 5.840661e-12 1.44329e-15 0 0 0
7.100545e-41 5.766509e-37 5.586031e-33 5.773442e-29 5.593088e-25 4.390361e-21 2.383601e-17 7.581614e-14 1.195222e-10 7.952758e-08 1.931979e-05 0.001520806 0.03566041 0.2383465 0.4489057 0.2383465 0.03566041 0.001520806 1.931979e-05 7.952758e-08 1.195222e-10 7.582823e-14 0 0
5.281756e-41 2.321296e-37 1.200436e-33 6.684141e-30 3.616955e-26 1.695135e-22 6.067761e-19 1.452139e-15 2.02733e-12 1.443288e-09 4.615675e-07 5.925628e-05 0.002787255 0.04503304 0.2410884 0.4220633 0.2410884 0.04503304 0.002787255 5.925628e-05 4.615675e-07 1.443288e-09 2.027378e-12 1.44329e-15
4.077904e-41 1.048536e-37 3.132295e-34 1.011676e-30 3.253521e-27 9.498262e-24 2.274988e-20 4.013635e-17 4.664395e-14 3.19143e-11 1.152985e-08 1.988107e-06 0.0001497712 0.004590076 0.05439111 0.2418268 0.3980806 0.2418268 0.05439111 0.004590076 0.0001497712 1.988107e-06 1.152985e-08 3.196099e-11
3.246361e-41 5.206469e-38 9.58916e-35 1.911573e-31 3.856868e-28 7.305519e-25 1.196357e-21 1.550821e-18 1.451194e-15 8.924612e-13 3.287276e-10 6.636352e-08 6.769523e-06 0.0003251631 0.006949205 0.06342553 0.241017 0.3765524 0.241017 0.06342553 0.006949205 0.0003251631 6.769523e-06 6.669314e-08
2.651111e-41 2.796908e-38 3.353362e-35 4.348257e-32 5.769649e-29 7.363757e-26 8.447015e-23 8.097024e-20 6.007642e-17 3.188876e-14 1.118941e-11 2.402791e-09 2.935768e-07 1.910345e-05 0.0006253804 0.009838116 0.07191503 0.239032 0.3571402 0.239032 0.07191503 0.009838116 0.0006253804 1.939944e-05
2.211937e-41 1.605181e-38 1.311542e-35 1.156752e-32 1.051622e-29 9.359951e-27 7.708581e-24 5.52834e-21 3.238093e-18 1.449502e-15 4.635882e-13 9.909231e-11 1.327267e-08 1.048829e-06 4.631232e-05 0.001090663 0.01319336 0.07971756 0.2361707 0.3395607 0.2361707 0.07971756 0.01319336 0.001138037
1.879433e-41 9.74355e-39 5.640757e-36 3.515914e-33 2.269588e-30 1.453029e-27 8.799212e-25 4.789506e-22 2.219902e-19 8.28172e-17 2.347722e-14 4.773578e-12 6.578485e-10 5.820737e-08 3.144614e-06 9.916018e-05 0.001756034 0.01692732 0.08675602 0.2326702 0.323576 0.2326702 0.08675602 0.01878572
1.622013e-41 6.204847e-39 2.631456e-36 1.19803e-33 5.665175e-31 2.682308e-28 1.221605e-25 5.125067e-23 1.891795e-20 5.856025e-18 1.446871e-15 2.714265e-13 3.678969e-11 3.433267e-09 2.107262e-07 8.15483e-06 0.0001916152 0.00264699 0.02094075 0.09300292 0.2287163 0.3089861 0.2287163 0.1167906
1.41882e-41 4.117986e-39 1.316716e-36 4.505697e-34 1.604061e-31 5.757915e-29 2.013847e-26 6.614165e-24 1.961383e-21 5.039718e-19 1.075266e-16 1.824143e-14 2.355936e-12 2.219492e-10 1.463541e-08 6.496994e-07 1.873488e-05 0.0003399437 0.003777069 0.02513306 0.09846644 0.2244533 0.2956216 0.3521892
1.255681e-41 2.832716e-39 7.001777e-37 1.846357e-34 5.069192e-32 1.410492e-29 3.862176e-27 1.0082e-24 2.425753e-22 5.191708e-20 9.526446e-18 1.443167e-15 1.737479e-13 1.60063e-11 1.087317e-09 5.25656e-08 1.749308e-06 3.887047e-05 0.0005613232 0.005147344 0.02940981 0.1031788 0.2199929 0.6416692
Matrix for reader#  2
1 0 0 0 0 0 0 0 0 0 0 0 0 0 0 0 0 0 0 0 0 0 0 0
5.695075e-87 1 0 0 0 0 0 0 0 0 0 0 0 0 0 0 0 0 0 0 0 0 0 0
4.288757e-89 7.370084e-65 1 0 0 0 0 0 0 0 0 0 0 0 0 0 0 0 0 0 0 0 0 0
3.33876e-89 5.661687e-87 1.077576e-42 1 0 0 0 0 0 0 0 0 0 0 0 0 0 0 0 0 0 0 0 0
3.12665e-89 9.746935e-89 1.819508e-81 6.859716e-29 1 0 0 0 0 0 0 0 0 0 0 0 0 0 0 0 0 0 0 0
3.040029e-89 2.673916e-89 5.637935e-87 1.50983e-73 1.205787e-20 1 0 0 0 0 0 0 0 0 0 0 0 0 0 0 0 0 0 0
2.994208e-89 1.29455e-89 2.414922e-88 4.749499e-84 7.370084e-65 1.606128e-15 1 1.554312e-15 0 0 0 0 0 0 0 0 0 0 0 0 0 0 0 0
2.966196e-89 7.885883e-90 6.257115e-89 5.594956e-87 5.077182e-80 1.55616e-56 3.593213e-12 1 3.593237e-12 0 0 0 0 0 0 0 0 0 0 0 0 0 0 0
2.947419e-89 5.436317e-90 2.8049e-89 4.235377e-88 5.198532e-85 3.056479e-75 4.239145e-49 7.056097e-10 1 7.056097e-10 0 0 0 0 0 0 0 0 0 0 0 0 0 0
2.934003e-89 4.047568e-90 1.602703e-89 1.124142e-88 5.533246e-87 1.93423e-82 4.374905e-70 1.077576e-42 3.031344e-08 0.9999999 3.031344e-08 0 0 0 0 0 0 0 0 0 0 0 0 0
2.923961e-89 3.175227e-90 1.047273e-89 4.873136e-89 6.192537e-88 1.671001e-85 2.246968e-79 7.370084e-65 2.846047e-37 4.831667e-07 0.999999 4.831667e-07 0 0 0 0 0 0 0 0 0 0 0 0
2.916174e-89 2.586295e-90 7.44836e-90 2.687493e-89 1.739878e-88 5.455016e-87 1.188747e-83 5.904481e-76 8.928011e-60 1.025761e-32 3.933415e-06 0.9999921 3.933415e-06 0 0 0 0 0 0 0 0 0 0 0
2.909965e-89 2.166853e-90 5.614945e-90 1.702367e-89 7.483074e-89 8.118711e-88 8.384184e-86 1.819423e-81 2.552445e-72 5.738385e-55 6.859716e-29 2.000573e-05 0.99996 2.000573e-05 0 0 0 0 0 0 0 0 0 0
2.904901e-89 1.855549e-90 4.416068e-90 1.178576e-89 4.046117e-89 2.44029e-88 5.363478e-87 2.289491e-84 5.207941e-79 1.374352e-68 1.666591e-50 1.133722e-25 7.251412e-05 0.999855 7.251412e-05 0 0 0 0 0 0 0 0 0
2.900695e-89 1.616823e-90 3.586671e-90 8.677135e-90 2.51155e-89 1.057964e-88 9.918802e-88 5.260666e-86 1.071982e-82 2.388557e-76 7.370084e-65 2.05562e-46 5.930118e-23 0.0002047031 0.9995906 0.0002047031 0 0 0 0 0 0 0 0
2.897146e-89 1.428827e-90 2.987311e-90 6.682281e-90 1.706957e-89 5.67111e-89 3.191939e-88 5.26203e-87 7.76893e-85 8.049163e-81 1.50983e-73 3.32696e-61 1.077576e-42 1.205787e-20 0.0004786091 0.9990428 0.0004786091 0 0 0 0 0 0 0
2.894113e-89 1.277493e-90 2.53887e-90 5.325301e-90 1.236179e-89 3.475608e-89 1.408033e-88 1.154753e-87 3.747915e-86 1.703026e-83 8.936421e-79 1.147663e-70 1.122813e-57 2.492854e-39 1.127234e-18 0.000968209 0.9980636 0.000968209 0 0 0 0 0 0
2.891492e-89 1.153404e-90 2.1937e-90 4.3596e-90 9.380434e-90 2.331579e-89 7.542384e-89 3.965588e-88 5.153774e-87 3.621073e-85 5.357344e-82 1.34734e-76 9.331198e-68 2.621189e-54 2.694815e-36 5.550099e-17 0.001749281 0.9965014 0.001749281 0 0 0 0 0
2.889203e-89 1.050045e-90 1.921689e-90 3.64717e-90 7.376638e-90 1.668035e-89 4.590339e-89 1.789084e-88 1.298985e-87 2.888916e-86 4.719311e-84 2.311936e-80 2.539691e-74 7.370084e-65 4.043449e-51 1.45358e-33 1.606128e-15 0.002889597 0.9942208 0.002889597 1.554312e-15 0 0 0
2.887189e-89 9.627813e-91 1.703028e-90 3.105928e-90 5.966108e-90 1.251692e-89 3.052278e-89 9.630394e-89 4.737964e-88 5.041325e-87 2.049132e-85 8.150748e-83 1.301539e-78 5.544306e-72 5.239956e-62 4.03276e-48 4.184356e-31 2.985132e-14 0.004441863 0.9911163 0.004441863 2.9865e-14 0 0
2.885402e-89 8.882371e-91 1.524244e-90 2.684578e-90 4.935828e-90 9.743537e-90 2.163971e-89 5.84657e-89 2.191695e-88 1.424772e-87 2.345885e-86 1.835651e-84 1.817647e-81 9.078624e-77 1.309339e-69 3.164542e-59 2.588727e-45 6.859716e-29 3.828813e-13 0.006440183 0.9871196 0.006440183 3.829159e-13 0
2.883806e-89 8.239e-91 1.375902e-90 2.349733e-90 4.160248e-90 7.807507e-90 1.609872e-89 3.866492e-89 1.190012e-88 5.49176e-88 4.926778e-87 1.316061e-85 2.056782e-83 5.075112e-80 7.462639e-75 3.15341e-67 1.55616e-56 1.077576e-42 6.804324e-27 3.593213e-12 0.008899628 0.9822007 0.008899628 3.593237e-12
2.882373e-89 7.678654e-91 1.251235e-90 2.078899e-90 3.561577e-90 6.404268e-90 1.24312e-89 2.723575e-89 7.231242e-89 2.607185e-88 1.533204e-87 1.975309e-86 8.897692e-85 2.838213e-82 1.716583e-78 6.896574e-73 7.370084e-65 6.051818e-54 2.953837e-40 4.31596e-25 2.588146e-11 0.01181801 0.976364 0.01181801
2.881078e-89 7.186661e-91 1.145279e-90 1.856474e-90 3.089575e-90 5.355433e-90 9.887216e-90 2.012818e-89 4.769402e-89 1.431448e-88 6.214854e-88 4.811759e-87 9.220143e-86 7.210033e-84 4.730977e-81 6.802076e-77 6.863982e-71 1.604868e-62 1.827074e-51 5.441918e-38 1.839866e-23 1.488158e-10 0.01517884 0.9848212
Matrix for reader#  3
0.9999582 4.184311e-05 0 0 0 0 0 0 0 0 0 0 0 0 0 0 0 0 0 0 0 0 0 0
4.721425e-05 0.9999134 3.938037e-05 0 0 0 0 0 0 0 0 0 0 0 0 0 0 0 0 0 0 0 0 0
3.76539e-09 0.02478194 0.9525315 0.02268653 3.062616e-09 0 0 0 0 0 0 0 0 0 0 0 0 0 0 0 0 0 0 0
8.771954e-11 4.627569e-05 0.09565151 0.8144437 0.08981837 4.018549e-05 7.127698e-11 0 0 0 0 0 0 0 0 0 0 0 0 0 0 0 0 0
1.20991e-11 5.975683e-07 0.00161484 0.1627479 0.6795461 0.1546407 0.0014493 5.080908e-07 9.83913e-12 0 0 0 0 0 0 0 0 0 0 0 0 0 0 0
3.575311e-12 3.079586e-08 4.605942e-05 0.009113852 0.2089635 0.573422 0.2000743 0.008339898 4.032255e-05 2.590797e-08 2.909895e-12 1.110223e-16 0 0 0 0 0 0 0 0 0 0 0 0
1.566897e-12 3.71243e-09 2.758029e-06 0.0005369244 0.02409766 0.2343829 0.4924518 0.2257065 0.02233951 0.0004795139 2.378603e-06 3.103902e-09 1.27609e-12 2.220446e-16 0 0 0 0 0 0 0 0 0 0
8.641553e-13 7.676484e-10 3.000995e-07 4.571005e-05 0.002457863 0.04352727 0.2444702 0.4299998 0.2364928 0.04073849 0.002227128 4.016154e-05 2.562909e-07 6.39266e-10 7.038814e-13 4.440892e-16 0 0 0 0 0 0 0 0
5.513042e-13 2.273798e-10 5.099264e-08 5.703773e-06 0.0002956123 0.006691015 0.06338614 0.2448554 0.3808654 0.2377341 0.05976724 0.006130736 0.0002634977 4.954173e-06 4.325279e-08 1.888344e-10 4.488632e-13 6.661338e-16 0 0 0 0 0 0
3.87946e-13 8.647029e-11 1.206668e-08 9.884225e-07 4.496633e-05 0.001083419 0.01330633 0.0809778 0.2396577 0.341414 0.2333843 0.07681228 0.0123008 0.0009769043 3.959584e-05 8.513142e-07 1.018437e-08 7.166967e-11 3.156364e-13 8.881784e-16 0 0 0 0
2.925352e-13 3.937451e-11 3.664134e-09 2.239904e-07 8.622582e-06 0.0002012947 0.002759429 0.02163894 0.09516221 0.2315137 0.3091431 0.226012 0.09071201 0.02014972 0.002511752 0.0001792735 7.522413e-06 1.916885e-07 3.080934e-09 3.25866e-11 2.374767e-13 1.221245e-15 0 0
2.320324e-13 2.049694e-11 1.346902e-09 6.303014e-08 2.032707e-06 4.384182e-05 0.0006157884 0.005505692 0.03075666 0.1058239 0.2220088 0.2823096 0.2171829 0.1012909 0.02881443 0.005051271 0.0005536732 3.866693e-05 1.760464e-06 5.367139e-08 1.129205e-09 1.6944e-11 1.878497e-13 1.554312e-15
1.911914e-13 1.181575e-11 5.746579e-10 2.112902e-08 5.722944e-07 1.11472e-05 0.0001527587 0.001444506 0.009270234 0.03982789 0.1133448 0.2120623 0.2596761 0.2078177 0.1088685 0.03750546 0.008562363 0.001309394 0.0001359939 9.75475e-06 4.927596e-07 1.791999e-08 4.806503e-10 9.914847e-12
1.622432e-13 7.374502e-12 2.759194e-10 8.167269e-09 1.87325e-07 3.264716e-06 4.245907e-05 0.000405373 0.002800321 0.01382401 0.04827069 0.1182728 0.2021907 0.2403456 0.1984425 0.1139419 0.04565727 0.01284229 0.00255625 0.0003638244 3.749306e-05 2.838672e-06 1.605245e-07 7.140865e-09
1.409083e-13 4.902043e-12 1.456935e-10 3.548704e-09 6.965193e-08 1.084081e-06 1.318041e-05 0.0001234587 0.0008798471 0.004718321 0.0188602 0.055755 0.1211551 0.1926718 0.223655 0.1893469 0.1170211 0.05293878 0.01760885 0.004333466 0.0007952926 0.0001098906 1.156034e-05 1.000182e-06
1.246768e-13 3.42843e-12 8.313387e-11 1.698856e-09 2.885336e-08 4.019022e-07 4.533837e-06 4.093899e-05 0.0002927209 0.001641326 0.007155457 0.02407619 0.06214513 0.12247 0.1836439 0.2091052 0.1806804 0.1185589 0.0592042 0.0225777 0.006607171 0.001492906 0.0002623953 4.051199e-05
1.119991e-13 2.499589e-12 5.057424e-11 8.81956e-10 1.310384e-08 1.640398e-07 1.711953e-06 1.474644e-05 0.0001038724 0.0005932446 0.002726214 0.01001258 0.02921989 0.06743412 0.1226093 0.1751642 0.1963135 0.1725104 0.1189304 0.06443294 0.0275077 0.00928938 0.002493506 0.0006421851
1.018761e-13 1.88624e-12 3.245667e-11 4.902703e-10 6.438268e-09 7.281504e-08 7.028742e-07 5.741473e-06 3.937039e-05 0.0002249477 0.001063655 0.004136841 0.01316273 0.03410576 0.07168993 0.1218826 0.1672439 0.1849825 0.1648564 0.1184344 0.06867919 0.03221815 0.01226377 0.005009427
9.364031e-14 1.465048e-12 2.179029e-11 2.888581e-10 3.384812e-09 3.478049e-08 3.109846e-07 2.401846e-06 1.591209e-05 8.983606e-05 0.0004296276 0.001730844 0.005845205 0.01647513 0.03861253 0.0750177 0.1205289 0.1598686 0.1748776 0.1577113 0.1173037 0.07203575 0.03658813 0.02286651
8.68312e-14 1.166018e-12 1.520151e-11 1.78889e-10 1.886827e-09 1.77153e-08 1.470779e-07 1.0729e-06 6.835122e-06 3.781106e-05 0.0001806554 0.0007418127 0.002606105 0.007801709 0.01983112 0.0426724 0.07753577 0.1187306 0.1530105 0.1658117 0.1510531 0.1157171 0.07461057 0.06965095
8.112271e-14 9.475594e-13 1.095991e-11 1.156566e-10 1.106765e-09 9.547398e-09 7.381719e-08 5.086995e-07 3.10805e-06 1.675115e-05 7.926227e-05 0.0003278142 0.001180194 0.003684921 0.009945047 0.02313241 0.04625798 0.07936162 0.1166258 0.1466356 0.1576333 0.1448525 0.1138109 0.1564523
7.627838e-14 7.839636e-13 8.129884e-12 7.762355e-11 6.787849e-10 5.408274e-09 3.906535e-08 2.545779e-07 1.48976e-06 7.793641e-06 3.62958e-05 0.0001498781 0.0005467369 0.001755894 0.004949414 0.01221078 0.02630352 0.04937031 0.0806044 0.1143178 0.1407077 0.150219 0.1390775 0.2797411
7.212315e-14 6.587776e-13 6.181799e-12 5.382821e-11 4.329358e-10 3.201803e-09 2.167756e-08 1.337872e-07 7.495761e-07 3.797475e-06 1.733064e-05 7.099457e-05 0.0002601796 0.0008503699 0.002471651 0.006372123 0.01453759 0.02929072 0.05202901 0.08136162 0.1118842 0.1351911 0.1434671 0.4221913
6.852505e-14 5.611487e-13 4.803542e-12 3.841521e-11 2.858552e-10 1.971358e-09 1.255091e-08 7.349117e-08 3.943272e-07 1.932015e-06 8.61454e-06 3.484407e-05 0.0001274634 0.0004205037 0.001247781 0.003322317 0.007920018 0.01687115 0.03205923 0.0542648 0.08171817 0.1093825 0.1300515 0.5625688

Variable estimate SD
BiasPar 0.998097391157555 0.00141636698717009
SDPar 0.0598933678522539 0.00118126541099056
SDPar 0.01 0.0321859883039844
SDPar 0.125692760385406 0.00130522957418842
Slope -2.30302190437306 0.896800117233509
Probs -0.666209306322179 0.076852674495787
Probs 0.652236670275762 0.0558593373164381
Probs 1.82409330907019 0.0485234254496734
Probs 1.43683286660886 0.0506263667732274
Probs 1.12894146821338 0.0531182208287256
Probs 0.00392714636166839 0.0722853134448783
Probs -0.0699222135435764 0.0725699053454493
Probs -0.856667948958403 0.102682360118071
Probs -1.98385252222749 0.183015056734332
Probs -2.43119835069827 0.213621924999238
Probs -3.79620656070607 0.563941670357651
Probs -4.55795105871328 0.858048727861802
Probs -13.4583373059331 172.446625413317
Probs -3.56955779686872 0.295478002002263
