
Initial statistics: 5 variables; iteration 0; function evaluation 0; phase 1
Function value 4.4040661e+04; maximum gradient component mag 1.8716e+04

 - final statistics:
5 variables; iteration 21; function evaluation 29
Function value 2.7058e+04; maximum gradient component mag -6.9043e-04
Exit code = 1;  converg criter 1.0000e-03

Initial statistics: 81 variables; iteration 0; function evaluation 0; phase 2
Function value 2.7740232e+04; maximum gradient component mag 6.9638e+03
  ic > imax  in fminim is answer attained ?
Function minimizer not making progress ... is minimum attained?
Minimprove criterion = 0.0000e+00

 - final statistics:
81 variables; iteration 86; function evaluation 191
Function value nan; maximum gradient component mag -1.0351e+03
Exit code = 1;  converg criter 1.0000e-03

Initial statistics: 207 variables; iteration 0; function evaluation 0; phase 3
Function value 7.9180377e+03; maximum gradient component mag -1.4745e+04

Intermediate statistics: 207 variables; iteration 150; function evaluation 181; phase 3
Function value 2.6061905e+03; maximum gradient component mag 4.0639e+03
  ic > imax  in fminim is answer attained ?
Function minimizer not making progress ... is minimum attained?
Minimprove criterion = 0.0000e+00

 - final statistics:
207 variables; iteration 284; function evaluation 361
Function value 1.9166e+03; maximum gradient component mag -1.8898e-04
Exit code = 1;  converg criter 1.0000e-07
