51838.4463632342   -51838.4440371765
Total number of readers: 3
Number of data sets: 1
Bias options by reader: 0
Bias options by reader: -1
Bias options by reader: 1
Sigma options by reader: 1
Sigma options by reader: -1
Sigma options by reader: 1
Total objective function: 51838.4463632342
maximum gradient: -0.00404405275912723
Number of readers:  3
Range of ages:  1  -  23
Reader # 1  Minus/Plus ages:  0  /  15
Number of data sets: 1
Number of lines of data per data set:  352
Number of data points per data set: 14283


# Bias options
#   -X: Mirrored with pattrn X
#   0: Unbiased [0 parameters]
#   1: Linearly proportional to age [1 parameter]
#   2: Michaelis-Menten [3 parameters]

# SD options
#   1: Constant CV [1 parameter]
#   2: SD Michaelis-Menten [3 parameters]
#   3: CV Michaelis-Menten [3 parameters]
#   4: Known perfectly [0 parameters]
#   5: SD spline function of age [variable parameters]
#   6: SD linear piecewise function of age [
      variable parameters
      ]
#   7: SD linear function of age [2 parameters]
#   8: CV linear function of age [2 parameters]
Reader BiasType SigmaType
1   0   1
2   -1   -1
3   1   1

Reader Age CV SD Expected age
1   0   0.05226   0.05226   0.5
1   1   0.05226   0.05226   1.5
1   2   0.05226   0.10451   2.5
1   3   0.05226   0.15677   3.5
1   4   0.05226   0.20903   4.5
1   5   0.05226   0.26128   5.5
1   6   0.05226   0.31354   6.5
1   7   0.05226   0.3658   7.5
1   8   0.05226   0.41805   8.5
1   9   0.05226   0.47031   9.5
1   10   0.05226   0.52257   10.5
1   11   0.05226   0.57482   11.5
1   12   0.05226   0.62708   12.5
1   13   0.05226   0.67934   13.5
1   14   0.05226   0.73159   14.5
1   15   0.05226   0.78385   15.5
1   16   0.05226   0.8361   16.5
1   17   0.05226   0.88836   17.5
1   18   0.05226   0.94062   18.5
1   19   0.05226   0.99287   19.5
1   20   0.05226   1.04513   20.5
1   21   0.05226   1.09739   21.5
1   22   0.05226   1.14964   22.5
1   23   0.05226   1.2019   23.5
2   0   0.05226   0.05226   0.5
2   1   0.05226   0.05226   1.5
2   2   0.05226   0.10451   2.5
2   3   0.05226   0.15677   3.5
2   4   0.05226   0.20903   4.5
2   5   0.05226   0.26128   5.5
2   6   0.05226   0.31354   6.5
2   7   0.05226   0.3658   7.5
2   8   0.05226   0.41805   8.5
2   9   0.05226   0.47031   9.5
2   10   0.05226   0.52257   10.5
2   11   0.05226   0.57482   11.5
2   12   0.05226   0.62708   12.5
2   13   0.05226   0.67934   13.5
2   14   0.05226   0.73159   14.5
2   15   0.05226   0.78385   15.5
2   16   0.05226   0.8361   16.5
2   17   0.05226   0.88836   17.5
2   18   0.05226   0.94062   18.5
2   19   0.05226   0.99287   19.5
2   20   0.05226   1.04513   20.5
2   21   0.05226   1.09739   21.5
2   22   0.05226   1.14964   22.5
2   23   0.05226   1.2019   23.5
3   0   0.1264   0.1264   0.49666
3   1   0.1264   0.1264   1.48998
3   2   0.1264   0.25281   2.48331
3   3   0.1264   0.37921   3.47663
3   4   0.1264   0.50561   4.46995
3   5   0.1264   0.63202   5.46327
3   6   0.1264   0.75842   6.45659
3   7   0.1264   0.88482   7.44992
3   8   0.1264   1.01123   8.44324
3   9   0.1264   1.13763   9.43656
3   10   0.1264   1.26403   10.42988
3   11   0.1264   1.39044   11.42321
3   12   0.1264   1.51684   12.41653
3   13   0.1264   1.64324   13.40985
3   14   0.1264   1.76965   14.40317
3   15   0.1264   1.89605   15.39649
3   16   0.1264   2.02245   16.38982
3   17   0.1264   2.14885   17.38314
3   18   0.1264   2.27526   18.37646
3   19   0.1264   2.40166   19.36978
3   20   0.1264   2.52806   20.36311
3   21   0.1264   2.65447   21.35643
3   22   0.1264   2.78087   22.34975
3   23   0.1264   2.90727   23.34307

Estimated age-structure by data set
===================================
Age  Data set# 1
Age  2.76168032135964e-09
Age  0.131549991469146
Age  0.0325740025967449
Age  0.0384656888412861
Age  0.0711933470785781
Age  0.114968916120913
Age  0.155184362893752
Age  0.158505283464936
Age  0.133501168341825
Age  0.0844603726420075
Age  0.0417464037312454
Age  0.0118223190832876
Age  0.00976182281781345
Age  0.00553816920873026
Age  0.00427723442456205
Age  0.00235024694289815
Age  0.00150995522658691
Age  0.000970095841709989
Age  0.000623254203523795
Age  0.000400420026051617
Age  0.000257256503617077
Age  0.000165278718214638
Age  0.00010618606064605
Age  6.82210002432607e-05

Final age-reading error matrices
Matrix for reader#  1
1 0 0 0 0 0 0 0 0 0 0 0 0 0 0 0 0 0 0 0 0 0 0 0
2.808213e-19 1 0 0 0 0 0 0 0 0 0 0 0 0 0 0 0 0 0 0 0 0 0 0
4.072298e-35 1.333787e-06 0.9999973 1.333787e-06 0 0 0 0 0 0 0 0 0 0 0 0 0 0 0 0 0 0 0 0
2.225124e-40 2.808213e-19 0.0007817558 0.9984365 0.0007817558 0 0 0 0 0 0 0 0 0 0 0 0 0 0 0 0 0 0 0
6.101925e-43 4.438775e-27 2.925088e-12 0.008639793 0.9827204 0.008639793 2.925105e-12 0 0 0 0 0 0 0 0 0 0 0 0 0 0 0 0 0
1.891291e-44 6.632707e-32 2.808213e-19 1.146762e-08 0.02820739 0.9435852 0.02820739 1.146762e-08 0 0 0 0 0 0 0 0 0 0 0 0 0 0 0 0
1.923186e-45 4.072298e-35 1.99251e-24 1.77803e-14 1.333787e-06 0.05576681 0.8884637 0.05576681 1.333787e-06 1.776357e-14 0 0 0 0 0 0 0 0 0 0 0 0 0 0
3.816561e-46 2.167817e-37 3.175143e-28 2.808213e-19 2.348222e-11 2.625805e-05 0.0861382 0.8276711 0.0861382 2.625805e-05 2.348222e-11 0 0 0 0 0 0 0 0 0 0 0 0 0
1.144788e-46 4.444543e-39 4.238146e-31 4.072823e-23 1.234876e-15 3.160283e-09 0.000192567 0.1159293 0.7677562 0.1159293 0.000192567 3.160283e-09 1.221245e-15 0 0 0 0 0 0 0 0 0 0 0
4.511285e-47 2.225124e-40 2.462811e-33 3.428227e-26 2.808212e-19 5.536225e-13 1.029513e-07 0.0007816528 0.1433064 0.7118237 0.1433064 0.0007816528 1.029513e-07 5.536682e-13 0 0 0 0 0 0 0 0 0 0
2.149023e-47 2.069974e-41 4.072296e-35 1.10304e-28 2.453339e-22 2.4106e-16 5.301624e-11 1.333734e-06 0.00217841 0.167334 0.6609726 0.167334 0.00217841 1.333734e-06 5.301626e-11 2.220446e-16 0 0 0 0 0 0 0 0
1.174166e-47 3.010016e-42 1.446085e-36 9.84865e-31 6.60611e-25 2.808206e-19 4.604759e-14 1.737182e-09 9.263883e-06 0.004723089 0.1876129 0.6153096 0.1876129 0.004723089 9.263883e-06 1.737182e-09 4.607426e-14 0 0 0 0 0 0 0
7.106529e-48 6.101854e-43 9.108331e-38 1.927501e-32 4.438756e-27 8.065625e-22 8.006479e-17 2.925007e-12 2.650042e-08 4.161292e-05 0.008598154 0.2041072 0.5745061 0.2041072 0.008598154 4.161292e-05 2.650042e-08 2.924994e-12 1.110223e-16 0 0 0 0 0
4.651871e-48 1.594017e-43 8.903589e-39 6.955482e-34 6.239669e-29 5.057489e-24 2.808162e-19 7.886114e-15 8.181193e-11 2.313764e-07 0.0001365692 0.0137981 0.2170273 0.5380756 0.2170273 0.0137981 0.0001365692 2.313764e-07 8.181189e-11 7.882583e-15 0 0 0 0
3.237795e-48 5.075165e-44 1.227477e-39 4.072175e-35 1.594485e-30 6.139065e-26 1.880341e-21 3.621109e-17 3.416893e-13 1.229533e-09 1.332557e-06 0.000355417 0.02016097 0.2267302 0.5055041 0.2267302 0.02016097 0.000355417 1.332557e-06 1.229533e-09 3.417266e-13 0 0 0
2.366607e-48 1.891054e-44 2.224935e-40 3.51468e-36 6.632356e-32 1.297665e-27 2.232488e-23 2.807989e-19 2.116923e-15 7.793546e-12 1.145982e-08 5.593489e-06 0.0007761508 0.02742565 0.2336393 0.4763066 0.2336393 0.02742565 0.0007761508 5.593489e-06 1.145982e-08 7.793544e-12 2.109424e-15 0
1.799808e-48 8.00054e-45 5.031288e-41 4.158129e-37 4.117613e-33 4.369479e-29 4.362649e-25 3.539912e-21 1.990378e-17 6.560197e-14 1.070668e-10 7.356884e-08 1.838243e-05 0.001480379 0.03528946 0.2381874 0.4500487 0.2381874 0.03528946 0.001480379 1.838243e-05 7.356884e-08 1.070668e-10 6.561418e-14
1.414086e-48 3.755889e-45 1.363716e-41 6.375468e-38 3.563327e-34 2.177478e-30 1.310995e-26 6.913899e-23 2.807521e-19 7.65381e-16 1.21672e-12 9.810487e-10 3.516627e-07 4.984081e-05 0.002538826 0.04345332 0.2407822 0.426351 0.2407822 0.04345332 0.002538826 4.984081e-05 3.516627e-07 9.822662e-10
1.141543e-48 1.922044e-45 4.295279e-42 1.21259e-38 4.071085e-35 1.511895e-31 5.708603e-28 1.991939e-24 5.781845e-21 1.247054e-17 1.776783e-14 1.484872e-11 6.482673e-09 1.327289e-06 0.0001159191 0.004000102 0.05165079 0.2417887 0.4048864 0.2417887 0.05165079 0.004000102 0.0001159191 1.333787e-06
9.427543e-49 1.057322e-45 1.534268e-42 2.763563e-39 5.879192e-36 1.391993e-32 3.423161e-29 8.085137e-26 1.681924e-22 2.80653e-19 3.404078e-16 2.712848e-13 1.284633e-10 3.281561e-08 4.136899e-06 0.0002381886 0.005885012 0.0596629 0.2415224 0.3853746 0.2415224 0.0596629 0.005885012 0.0002423584
7.937739e-49 6.183236e-46 6.095734e-43 7.340937e-40 1.036138e-36 1.631634e-33 2.707285e-30 4.436066e-27 6.6803e-24 8.551675e-21 8.566542e-18 6.162639e-15 2.918916e-12 8.357999e-10 1.33406e-07 1.10232e-05 0.000442307 0.008186329 0.06732222 0.24025 0.367576 0.24025 0.06732222 0.008639793
6.794809e-49 3.809766e-46 2.652002e-43 2.222469e-40 2.165591e-37 2.354388e-34 2.722632e-31 3.172418e-28 3.507202e-25 3.445508e-22 2.804764e-19 1.75841e-16 7.877888e-14 2.340326e-11 4.286765e-09 4.520913e-07 2.580167e-05 0.0007554977 0.01087261 0.0745101 0.2381928 0.3512855 0.2381928 0.08616446
5.899996e-49 2.455184e-46 1.247418e-43 7.52975e-41 5.243017e-38 4.067047e-35 3.375862e-32 2.864753e-29 2.362458e-26 1.791308e-23 1.176844e-20 6.292997e-18 2.567667e-15 7.488298e-13 1.463275e-10 1.800235e-08 1.315637e-06 5.420331e-05 0.00120366 0.01389421 0.08115037 0.2355323 0.3363278 0.3318361
5.18687e-49 1.644994e-46 6.277546e-44 2.812173e-41 1.442034e-38 8.216808e-36 5.027675e-33 3.177996e-30 1.98775e-27 1.173648e-24 6.21829e-22 2.801983e-19 1.015506e-16 2.796128e-14 5.524293e-12 7.404962e-10 6.383368e-08 3.367322e-06 0.0001039702 0.001808726 0.01718994 0.0872016 0.2324164 0.6612759
Matrix for reader#  2
1 0 0 0 0 0 0 0 0 0 0 0 0 0 0 0 0 0 0 0 0 0 0 0
2.808213e-19 1 0 0 0 0 0 0 0 0 0 0 0 0 0 0 0 0 0 0 0 0 0 0
4.072298e-35 1.333787e-06 0.9999973 1.333787e-06 0 0 0 0 0 0 0 0 0 0 0 0 0 0 0 0 0 0 0 0
2.225124e-40 2.808213e-19 0.0007817558 0.9984365 0.0007817558 0 0 0 0 0 0 0 0 0 0 0 0 0 0 0 0 0 0 0
6.101925e-43 4.438775e-27 2.925088e-12 0.008639793 0.9827204 0.008639793 2.925105e-12 0 0 0 0 0 0 0 0 0 0 0 0 0 0 0 0 0
1.891291e-44 6.632707e-32 2.808213e-19 1.146762e-08 0.02820739 0.9435852 0.02820739 1.146762e-08 0 0 0 0 0 0 0 0 0 0 0 0 0 0 0 0
1.923186e-45 4.072298e-35 1.99251e-24 1.77803e-14 1.333787e-06 0.05576681 0.8884637 0.05576681 1.333787e-06 1.776357e-14 0 0 0 0 0 0 0 0 0 0 0 0 0 0
3.816561e-46 2.167817e-37 3.175143e-28 2.808213e-19 2.348222e-11 2.625805e-05 0.0861382 0.8276711 0.0861382 2.625805e-05 2.348222e-11 0 0 0 0 0 0 0 0 0 0 0 0 0
1.144788e-46 4.444543e-39 4.238146e-31 4.072823e-23 1.234876e-15 3.160283e-09 0.000192567 0.1159293 0.7677562 0.1159293 0.000192567 3.160283e-09 1.221245e-15 0 0 0 0 0 0 0 0 0 0 0
4.511285e-47 2.225124e-40 2.462811e-33 3.428227e-26 2.808212e-19 5.536225e-13 1.029513e-07 0.0007816528 0.1433064 0.7118237 0.1433064 0.0007816528 1.029513e-07 5.536682e-13 0 0 0 0 0 0 0 0 0 0
2.149023e-47 2.069974e-41 4.072296e-35 1.10304e-28 2.453339e-22 2.4106e-16 5.301624e-11 1.333734e-06 0.00217841 0.167334 0.6609726 0.167334 0.00217841 1.333734e-06 5.301626e-11 2.220446e-16 0 0 0 0 0 0 0 0
1.174166e-47 3.010016e-42 1.446085e-36 9.84865e-31 6.60611e-25 2.808206e-19 4.604759e-14 1.737182e-09 9.263883e-06 0.004723089 0.1876129 0.6153096 0.1876129 0.004723089 9.263883e-06 1.737182e-09 4.607426e-14 0 0 0 0 0 0 0
7.106529e-48 6.101854e-43 9.108331e-38 1.927501e-32 4.438756e-27 8.065625e-22 8.006479e-17 2.925007e-12 2.650042e-08 4.161292e-05 0.008598154 0.2041072 0.5745061 0.2041072 0.008598154 4.161292e-05 2.650042e-08 2.924994e-12 1.110223e-16 0 0 0 0 0
4.651871e-48 1.594017e-43 8.903589e-39 6.955482e-34 6.239669e-29 5.057489e-24 2.808162e-19 7.886114e-15 8.181193e-11 2.313764e-07 0.0001365692 0.0137981 0.2170273 0.5380756 0.2170273 0.0137981 0.0001365692 2.313764e-07 8.181189e-11 7.882583e-15 0 0 0 0
3.237795e-48 5.075165e-44 1.227477e-39 4.072175e-35 1.594485e-30 6.139065e-26 1.880341e-21 3.621109e-17 3.416893e-13 1.229533e-09 1.332557e-06 0.000355417 0.02016097 0.2267302 0.5055041 0.2267302 0.02016097 0.000355417 1.332557e-06 1.229533e-09 3.417266e-13 0 0 0
2.366607e-48 1.891054e-44 2.224935e-40 3.51468e-36 6.632356e-32 1.297665e-27 2.232488e-23 2.807989e-19 2.116923e-15 7.793546e-12 1.145982e-08 5.593489e-06 0.0007761508 0.02742565 0.2336393 0.4763066 0.2336393 0.02742565 0.0007761508 5.593489e-06 1.145982e-08 7.793544e-12 2.109424e-15 0
1.799808e-48 8.00054e-45 5.031288e-41 4.158129e-37 4.117613e-33 4.369479e-29 4.362649e-25 3.539912e-21 1.990378e-17 6.560197e-14 1.070668e-10 7.356884e-08 1.838243e-05 0.001480379 0.03528946 0.2381874 0.4500487 0.2381874 0.03528946 0.001480379 1.838243e-05 7.356884e-08 1.070668e-10 6.561418e-14
1.414086e-48 3.755889e-45 1.363716e-41 6.375468e-38 3.563327e-34 2.177478e-30 1.310995e-26 6.913899e-23 2.807521e-19 7.65381e-16 1.21672e-12 9.810487e-10 3.516627e-07 4.984081e-05 0.002538826 0.04345332 0.2407822 0.426351 0.2407822 0.04345332 0.002538826 4.984081e-05 3.516627e-07 9.822662e-10
1.141543e-48 1.922044e-45 4.295279e-42 1.21259e-38 4.071085e-35 1.511895e-31 5.708603e-28 1.991939e-24 5.781845e-21 1.247054e-17 1.776783e-14 1.484872e-11 6.482673e-09 1.327289e-06 0.0001159191 0.004000102 0.05165079 0.2417887 0.4048864 0.2417887 0.05165079 0.004000102 0.0001159191 1.333787e-06
9.427543e-49 1.057322e-45 1.534268e-42 2.763563e-39 5.879192e-36 1.391993e-32 3.423161e-29 8.085137e-26 1.681924e-22 2.80653e-19 3.404078e-16 2.712848e-13 1.284633e-10 3.281561e-08 4.136899e-06 0.0002381886 0.005885012 0.0596629 0.2415224 0.3853746 0.2415224 0.0596629 0.005885012 0.0002423584
7.937739e-49 6.183236e-46 6.095734e-43 7.340937e-40 1.036138e-36 1.631634e-33 2.707285e-30 4.436066e-27 6.6803e-24 8.551675e-21 8.566542e-18 6.162639e-15 2.918916e-12 8.357999e-10 1.33406e-07 1.10232e-05 0.000442307 0.008186329 0.06732222 0.24025 0.367576 0.24025 0.06732222 0.008639793
6.794809e-49 3.809766e-46 2.652002e-43 2.222469e-40 2.165591e-37 2.354388e-34 2.722632e-31 3.172418e-28 3.507202e-25 3.445508e-22 2.804764e-19 1.75841e-16 7.877888e-14 2.340326e-11 4.286765e-09 4.520913e-07 2.580167e-05 0.0007554977 0.01087261 0.0745101 0.2381928 0.3512855 0.2381928 0.08616446
5.899996e-49 2.455184e-46 1.247418e-43 7.52975e-41 5.243017e-38 4.067047e-35 3.375862e-32 2.864753e-29 2.362458e-26 1.791308e-23 1.176844e-20 6.292997e-18 2.567667e-15 7.488298e-13 1.463275e-10 1.800235e-08 1.315637e-06 5.420331e-05 0.00120366 0.01389421 0.08115037 0.2355323 0.3363278 0.3318361
5.18687e-49 1.644994e-46 6.277546e-44 2.812173e-41 1.442034e-38 8.216808e-36 5.027675e-33 3.177996e-30 1.98775e-27 1.173648e-24 6.21829e-22 2.801983e-19 1.015506e-16 2.796128e-14 5.524293e-12 7.404962e-10 6.383368e-08 3.367322e-06 0.0001039702 0.001808726 0.01718994 0.0872016 0.2324164 0.6612759
Matrix for reader#  3
0.9999576 4.24352e-05 0 0 0 0 0 0 0 0 0 0 0 0 0 0 0 0 0 0 0 0 0 0
6.445512e-05 0.9999012 3.431643e-05 0 0 0 0 0 0 0 0 0 0 0 0 0 0 0 0 0 0 0 0 0
5.829737e-09 0.0283277 0.9508347 0.02083762 2.843184e-09 0 0 0 0 0 0 0 0 0 0 0 0 0 0 0 0 0 0 0
1.409946e-10 6.015506e-05 0.1046346 0.8112003 0.08406808 3.684261e-05 6.851542e-11 0 0 0 0 0 0 0 0 0 0 0 0 0 0 0 0 0
1.97945e-11 8.331474e-07 0.001944097 0.1745521 0.6760391 0.1461284 0.001335111 4.741653e-07 9.645063e-12 0 0 0 0 0 0 0 0 0 0 0 0 0 0 0
5.909697e-12 4.480518e-08 5.928368e-05 0.01052513 0.2212926 0.5701046 0.1902487 0.007732277 3.734413e-05 2.45735e-08 2.888134e-12 1.110223e-16 0 0 0 0 0 0 0 0 0 0 0 0
2.607356e-12 5.556638e-09 3.720617e-06 0.0006574779 0.02710518 0.2458697 0.4894271 0.2156584 0.02083225 0.0004438767 2.22474e-06 2.982389e-09 1.277312e-12 2.220446e-16 0 0 0 0 0 0 0 0 0 0
1.444765e-12 1.172362e-09 4.189558e-07 5.855736e-05 0.002909274 0.04805673 0.2545709 0.4272646 0.2268547 0.03818152 0.002065674 3.735359e-05 2.421169e-07 6.205445e-10 7.089884e-13 4.440892e-16 0 0 0 0 0 0 0 0
9.249387e-13 3.524981e-10 7.305797e-08 7.568425e-06 0.0003648125 0.007726384 0.06900872 0.2534955 0.3783885 0.2287939 0.05626284 0.005702377 0.0002446652 4.63884e-06 4.122997e-08 1.848033e-10 4.543033e-13 6.661338e-16 0 0 0 0 0 0
6.526219e-13 1.356074e-10 1.76408e-08 1.348682e-06 5.741688e-05 0.001299799 0.0150776 0.08720159 0.2469628 0.3391605 0.2252285 0.0725888 0.01147659 0.0009073363 3.691075e-05 8.027427e-07 9.784453e-09 7.060419e-11 3.204104e-13 9.992007e-16 0 0 0 0
4.931702e-13 6.23159e-11 5.443829e-09 3.126081e-07 1.132372e-05 0.0002494305 0.003238142 0.02415603 0.1015822 0.2376697 0.3070814 0.2186263 0.08601779 0.01885754 0.002335877 0.0001667938 7.047731e-06 1.819658e-07 2.980047e-09 3.227674e-11 2.419176e-13 1.332268e-15 0 0
3.918523e-13 3.267999e-11 2.027569e-09 8.96154e-08 2.7327e-06 5.583573e-05 0.0007449119 0.00634706 0.0339222 0.1121578 0.2272016 0.2804127 0.2105091 0.09634059 0.02704662 0.004706032 0.0005149032 3.609382e-05 1.658197e-06 5.126375e-08 1.098628e-09 1.685907e-11 1.917355e-13 1.665335e-15
3.233466e-13 1.895382e-11 8.745396e-10 3.051027e-08 7.847026e-07 1.453292e-05 0.000189727 0.001713374 0.01053235 0.04349215 0.1194179 0.2164565 0.2579216 0.2017828 0.1038272 0.03530308 0.007993503 0.001218267 0.0001267009 9.142184e-06 4.665764e-07 1.72118e-08 4.700098e-10 9.906742e-12
2.747223e-13 1.188986e-11 4.237708e-10 1.194919e-08 2.612054e-07 4.342842e-06 5.395851e-05 0.0004930804 0.003267679 0.01551663 0.05227479 0.1239893 0.2059245 0.2387148 0.1929726 0.1089272 0.04308866 0.01201481 0.002380747 0.0003387042 3.502917e-05 2.671782e-06 1.527548e-07 6.897278e-09
2.388442e-13 7.937634e-12 2.255161e-10 5.250549e-09 9.853783e-08 1.467466e-06 1.708974e-05 0.0001535507 0.001051564 0.005430408 0.02095354 0.05995559 0.1264723 0.1958587 0.2221325 0.1843734 0.1121121 0.05008194 0.01650973 0.00404134 0.0007403833 0.0001024828 1.083648e-05 9.461311e-07
2.115209e-13 5.571982e-12 1.295486e-10 2.538077e-09 4.133549e-08 5.523882e-07 5.983278e-06 5.193288e-05 0.0003574381 0.001932481 0.008139094 0.02651522 0.06642456 0.1273783 0.186376 0.207678 0.1761422 0.1138057 0.05613525 0.02121309 0.006171168 0.001390543 0.0002444857 3.790187e-05
1.901611e-13 4.075364e-12 7.927197e-11 1.328832e-09 1.898032e-08 2.285044e-07 2.294807e-06 1.903831e-05 0.0001293042 0.0007130257 0.003168662 0.01127418 0.03193766 0.0717019 0.127119 0.1775164 0.1949709 0.1683539 0.1143622 0.06122007 0.02589774 0.008690455 0.00232451 0.0005984604
1.730928e-13 3.083904e-12 5.113485e-11 7.442018e-10 9.416495e-09 1.02641e-07 9.553513e-07 7.529958e-06 4.986673e-05 0.0002754676 0.001260951 0.00475462 0.01469126 0.03703341 0.07588 0.1260147 0.1692769 0.1837153 0.1610357 0.1140661 0.06538013 0.03039156 0.01149212 0.004673375
1.591969e-13 2.401128e-12 3.448568e-11 4.413693e-10 4.993422e-09 4.954811e-08 4.279735e-07 3.194818e-06 2.047221e-05 0.0001118956 0.0005186096 0.00202733 0.006652466 0.01824691 0.04168555 0.0790842 0.1243098 0.161632 0.1736781 0.1541865 0.1131403 0.06869755 0.0345777 0.02142701
1.477014e-13 1.915163e-12 2.415504e-11 2.749494e-10 2.805051e-09 2.547729e-08 2.04678e-07 1.445408e-06 8.919473e-06 4.782915e-05 0.0002217114 0.0008841758 0.003020272 0.008802621 0.02181466 0.04583389 0.08144869 0.1221886 0.1545448 0.164673 0.1477901 0.1117573 0.07127044 0.06569128
1.380588e-13 1.559342e-12 1.74779e-11 1.787012e-10 1.656798e-09 1.384823e-08 1.037662e-07 6.932662e-07 4.10842e-06 2.149034e-05 9.876333e-05 0.0003970637 0.001390955 0.00423048 0.01113502 0.02529259 0.04945995 0.08310291 0.1197889 0.1479742 0.1565498 0.141822 0.1100492 0.1486818
1.298719e-13 1.292342e-12 1.300681e-11 1.205072e-10 1.022493e-09 7.905317e-09 5.541876e-08 3.505998e-07 1.992523e-06 1.012845e-05 4.586081e-05 0.0001842554 0.0006545123 0.002048798 0.005634597 0.01357836 0.02860468 0.0525736 0.08416482 0.117213 0.1418783 0.1491856 0.1362542 0.2679667
1.228466e-13 1.087658e-12 9.919061e-12 8.392623e-11 6.558647e-10 4.713038e-09 3.100896e-08 1.860199e-07 1.013372e-06 4.993892e-06 2.218068e-05 8.848475e-05 0.0003160141 0.001007344 0.002858103 0.007199734 0.0160665 0.03169882 0.05520262 0.08473826 0.1145366 0.1362167 0.1424796 0.4075629
1.167608e-13 9.277675e-13 7.728049e-12 6.012993e-11 4.352918e-10 2.920457e-09 1.809059e-08 1.030821e-07 5.383827e-07 2.568529e-06 1.115671e-05 4.398353e-05 0.0001569159 0.0005052075 0.001464162 0.003810724 0.008888012 0.01854218 0.03454307 0.05738483 0.08491253 0.1118149 0.1309514 0.5469676

Variable estimate SD
BiasPar 0.993322250415959 0.00121566231452825
SDPar 0.0522565414442334 0.000804974770029464
SDPar 0.126403233321851 0.00109703926476208
Slope -0.442440405599377 0.0701184211750339
Probs -17.6790581940368 155.332910079474
Probs -1.39587243876785 0.0518318347226685
Probs -1.2296202976253 0.0490786107822949
Probs -0.613987568493007 0.0398506247909171
Probs -0.134725145411218 0.0348733501466017
Probs 0.165226905484923 0.0327914673105985
Probs 0.186400984287856 0.0335301623494481
Probs 0.0147232867886241 0.0364566747777945
Probs -0.443104481088349 0.0455794981976094
Probs -1.14777363322455 0.0666002952453675
Probs -2.40939774996456 0.155551219079195
Probs -2.60090779553056 0.164907626157479
Probs -3.16772296423307 0.251662112582793
Probs -3.4260803043823 0.264632529995328
Probs -4.02486653791789 0.197255794146804
